00:45:01 - ERR - post - ("Error al validar el request -> {'usuario_id': ['Missing data for required field.']}",)
00:45:02 - ERR - post - ("Error al validar el request -> {'usuario_id': ['Missing data for required field.']}",)
00:45:02 - ERR - post - ("Error al validar el request -> {'usuario_id': ['Missing data for required field.']}",)
00:45:02 - ERR - post - ("Error al validar el request -> {'usuario_id': ['Missing data for required field.']}",)
00:45:02 - ERR - post - ("Error al validar el request -> {'usuario_id': ['Missing data for required field.']}",)
00:45:03 - ERR - post - ("Error al validar el request -> {'usuario_id': ['Missing data for required field.']}",)
00:45:43 - ERR - post - ("Error al validar el request -> {'estado': ['Missing data for required field.']}",)
00:45:43 - ERR - post - ("Error al validar el request -> {'estado': ['Missing data for required field.']}",)
02:55:07 - ERR - getRecords - (UnicodeDecodeError('utf-8', b'connection to server at "localhost" (::1), port 5432 failed: FATAL:  la autentificaci\xf3n password fall\xf3 para el usuario \xabpostgres\xbb\n', 85, 86, 'invalid continuation byte'),)
02:55:07 - ERR - login - (UnboundLocalError("cannot access local variable 'cursor' where it is not associated with a value"),)
02:55:40 - ERR - getRecords - (UnicodeDecodeError('utf-8', b'connection to server at "localhost" (::1), port 5432 failed: FATAL:  la autentificaci\xf3n password fall\xf3 para el usuario \xabpostgres\xbb\n', 85, 86, 'invalid continuation byte'),)
02:55:40 - ERR - login - (UnboundLocalError("cannot access local variable 'cursor' where it is not associated with a value"),)
02:55:51 - ERR - getRecords - (UnicodeDecodeError('utf-8', b'connection to server at "localhost" (::1), port 5432 failed: FATAL:  la autentificaci\xf3n password fall\xf3 para el usuario \xabpostgres\xbb\n', 85, 86, 'invalid continuation byte'),)
02:55:51 - ERR - login - (UnboundLocalError("cannot access local variable 'cursor' where it is not associated with a value"),)
02:55:52 - ERR - getRecords - (UnicodeDecodeError('utf-8', b'connection to server at "localhost" (::1), port 5432 failed: FATAL:  la autentificaci\xf3n password fall\xf3 para el usuario \xabpostgres\xbb\n', 85, 86, 'invalid continuation byte'),)
02:55:52 - ERR - login - (UnboundLocalError("cannot access local variable 'cursor' where it is not associated with a value"),)
02:55:52 - ERR - getRecords - (UnicodeDecodeError('utf-8', b'connection to server at "localhost" (::1), port 5432 failed: FATAL:  la autentificaci\xf3n password fall\xf3 para el usuario \xabpostgres\xbb\n', 85, 86, 'invalid continuation byte'),)
02:55:52 - ERR - login - (UnboundLocalError("cannot access local variable 'cursor' where it is not associated with a value"),)
02:56:06 - ERR - getRecords - (UnicodeDecodeError('utf-8', b'connection to server at "localhost" (::1), port 5432 failed: FATAL:  la autentificaci\xf3n password fall\xf3 para el usuario \xabpostgres\xbb\n', 85, 86, 'invalid continuation byte'),)
02:56:06 - ERR - login - (UnboundLocalError("cannot access local variable 'cursor' where it is not associated with a value"),)
02:56:32 - ERR - getRecords - (UnicodeDecodeError('utf-8', b'connection to server at "localhost" (::1), port 5432 failed: FATAL:  la autentificaci\xf3n password fall\xf3 para el usuario \xabpostgres\xbb\n', 85, 86, 'invalid continuation byte'),)
02:56:32 - ERR - login - (UnboundLocalError("cannot access local variable 'cursor' where it is not associated with a value"),)
02:56:33 - ERR - getRecords - (UnicodeDecodeError('utf-8', b'connection to server at "localhost" (::1), port 5432 failed: FATAL:  la autentificaci\xf3n password fall\xf3 para el usuario \xabpostgres\xbb\n', 85, 86, 'invalid continuation byte'),)
02:56:33 - ERR - login - (UnboundLocalError("cannot access local variable 'cursor' where it is not associated with a value"),)
02:58:23 - ERR - getRecords - (UnicodeDecodeError('utf-8', b'connection to server at "localhost" (::1), port 5432 failed: FATAL:  la autentificaci\xf3n password fall\xf3 para el usuario \xabpostgres\xbb\n', 85, 86, 'invalid continuation byte'),)
02:58:23 - ERR - login - (UnboundLocalError("cannot access local variable 'cursor' where it is not associated with a value"),)
02:58:27 - ERR - getRecords - (UnicodeDecodeError('utf-8', b'connection to server at "localhost" (::1), port 5432 failed: FATAL:  la autentificaci\xf3n password fall\xf3 para el usuario \xabpostgres\xbb\n', 85, 86, 'invalid continuation byte'),)
02:58:27 - ERR - login - (UnboundLocalError("cannot access local variable 'cursor' where it is not associated with a value"),)
02:58:29 - ERR - getRecords - (UnicodeDecodeError('utf-8', b'connection to server at "localhost" (::1), port 5432 failed: FATAL:  la autentificaci\xf3n password fall\xf3 para el usuario \xabpostgres\xbb\n', 85, 86, 'invalid continuation byte'),)
02:58:29 - ERR - login - (UnboundLocalError("cannot access local variable 'cursor' where it is not associated with a value"),)
02:58:29 - ERR - getRecords - (UnicodeDecodeError('utf-8', b'connection to server at "localhost" (::1), port 5432 failed: FATAL:  la autentificaci\xf3n password fall\xf3 para el usuario \xabpostgres\xbb\n', 85, 86, 'invalid continuation byte'),)
02:58:29 - ERR - login - (UnboundLocalError("cannot access local variable 'cursor' where it is not associated with a value"),)
02:58:29 - ERR - getRecords - (UnicodeDecodeError('utf-8', b'connection to server at "localhost" (::1), port 5432 failed: FATAL:  la autentificaci\xf3n password fall\xf3 para el usuario \xabpostgres\xbb\n', 85, 86, 'invalid continuation byte'),)
02:58:29 - ERR - login - (UnboundLocalError("cannot access local variable 'cursor' where it is not associated with a value"),)
02:59:02 - ERR - getRecords - (UnicodeDecodeError('utf-8', b'connection to server at "localhost" (::1), port 5432 failed: FATAL:  la autentificaci\xf3n password fall\xf3 para el usuario \xabpostgres\xbb\n', 85, 86, 'invalid continuation byte'),)
02:59:02 - ERR - login - (UnboundLocalError("cannot access local variable 'cursor' where it is not associated with a value"),)
02:59:03 - ERR - getRecords - (UnicodeDecodeError('utf-8', b'connection to server at "localhost" (::1), port 5432 failed: FATAL:  la autentificaci\xf3n password fall\xf3 para el usuario \xabpostgres\xbb\n', 85, 86, 'invalid continuation byte'),)
02:59:03 - ERR - login - (UnboundLocalError("cannot access local variable 'cursor' where it is not associated with a value"),)
02:59:03 - ERR - getRecords - (UnicodeDecodeError('utf-8', b'connection to server at "localhost" (::1), port 5432 failed: FATAL:  la autentificaci\xf3n password fall\xf3 para el usuario \xabpostgres\xbb\n', 85, 86, 'invalid continuation byte'),)
02:59:03 - ERR - login - (UnboundLocalError("cannot access local variable 'cursor' where it is not associated with a value"),)
02:59:24 - ERR - getRecords - (UnicodeDecodeError('utf-8', b'connection to server at "localhost" (::1), port 5432 failed: FATAL:  la autentificaci\xf3n password fall\xf3 para el usuario \xabpostgres\xbb\n', 85, 86, 'invalid continuation byte'),)
02:59:24 - ERR - login - (UnboundLocalError("cannot access local variable 'cursor' where it is not associated with a value"),)
02:59:25 - ERR - getRecords - (UnicodeDecodeError('utf-8', b'connection to server at "localhost" (::1), port 5432 failed: FATAL:  la autentificaci\xf3n password fall\xf3 para el usuario \xabpostgres\xbb\n', 85, 86, 'invalid continuation byte'),)
02:59:25 - ERR - login - (UnboundLocalError("cannot access local variable 'cursor' where it is not associated with a value"),)
02:59:25 - ERR - getRecords - (UnicodeDecodeError('utf-8', b'connection to server at "localhost" (::1), port 5432 failed: FATAL:  la autentificaci\xf3n password fall\xf3 para el usuario \xabpostgres\xbb\n', 85, 86, 'invalid continuation byte'),)
02:59:25 - ERR - login - (UnboundLocalError("cannot access local variable 'cursor' where it is not associated with a value"),)
02:59:25 - ERR - getRecords - (UnicodeDecodeError('utf-8', b'connection to server at "localhost" (::1), port 5432 failed: FATAL:  la autentificaci\xf3n password fall\xf3 para el usuario \xabpostgres\xbb\n', 85, 86, 'invalid continuation byte'),)
02:59:25 - ERR - login - (UnboundLocalError("cannot access local variable 'cursor' where it is not associated with a value"),)
02:59:26 - ERR - getRecords - (UnicodeDecodeError('utf-8', b'connection to server at "localhost" (::1), port 5432 failed: FATAL:  la autentificaci\xf3n password fall\xf3 para el usuario \xabpostgres\xbb\n', 85, 86, 'invalid continuation byte'),)
02:59:26 - ERR - login - (UnboundLocalError("cannot access local variable 'cursor' where it is not associated with a value"),)
02:59:28 - ERR - getRecords - (UnicodeDecodeError('utf-8', b'connection to server at "localhost" (::1), port 5432 failed: FATAL:  la autentificaci\xf3n password fall\xf3 para el usuario \xabpostgres\xbb\n', 85, 86, 'invalid continuation byte'),)
02:59:28 - ERR - login - (UnboundLocalError("cannot access local variable 'cursor' where it is not associated with a value"),)
02:59:28 - ERR - getRecords - (UnicodeDecodeError('utf-8', b'connection to server at "localhost" (::1), port 5432 failed: FATAL:  la autentificaci\xf3n password fall\xf3 para el usuario \xabpostgres\xbb\n', 85, 86, 'invalid continuation byte'),)
02:59:28 - ERR - login - (UnboundLocalError("cannot access local variable 'cursor' where it is not associated with a value"),)
02:59:29 - ERR - getRecords - (UnicodeDecodeError('utf-8', b'connection to server at "localhost" (::1), port 5432 failed: FATAL:  la autentificaci\xf3n password fall\xf3 para el usuario \xabpostgres\xbb\n', 85, 86, 'invalid continuation byte'),)
02:59:29 - ERR - login - (UnboundLocalError("cannot access local variable 'cursor' where it is not associated with a value"),)
02:59:53 - ERR - getRecords - (UnicodeDecodeError('utf-8', b'connection to server at "localhost" (::1), port 5432 failed: FATAL:  la autentificaci\xf3n password fall\xf3 para el usuario \xabpostgres\xbb\n', 85, 86, 'invalid continuation byte'),)
02:59:53 - ERR - login - (UnboundLocalError("cannot access local variable 'cursor' where it is not associated with a value"),)
03:13:47 - ERR - post - ("Error al validar el request -> {'usuario_id': ['Missing data for required field.']}",)
03:23:49 - ERR - post - ("Error al validar el request -> {'usuario_id': ['Missing data for required field.']}",)
11:11:39 - ERR - post - ("Error al validar el request -> {'usuario_id': ['Missing data for required field.']}",)
11:12:23 - ERR - post - ("Error al validar el request -> {'estado': ['Missing data for required field.']}",)
11:12:23 - ERR - post - ("Error al validar el request -> {'estado': ['Missing data for required field.']}",)
11:33:48 - ERR - post - ("Error al validar el request -> {'usuario_id': ['Missing data for required field.']}",)
11:36:00 - ERR - post - ("Error al validar el request -> {'usuario_id': ['Missing data for required field.']}",)
11:40:31 - ERR - post - ("Error al validar el request -> {'usuario_id': ['Missing data for required field.'], 'contenido': ['Not a valid string.']}",)
11:41:41 - ERR - post - ("Error al validar el request -> {'usuario_id': ['Missing data for required field.']}",)
11:41:52 - ERR - post - ("Error al validar el request -> {'usuario_id': ['Missing data for required field.'], 'contenido': ['Not a valid string.']}",)
11:52:40 - ERR - post - ("Error al validar el request -> {'contenido': ['Not a valid string.']}",)
11:58:49 - ERR - post - ("Error al validar el request -> {'usuario_id': ['Not a valid integer.']}",)
11:59:02 - ERR - post - ("Error al validar el request -> {'usuario_id': ['Not a valid integer.']}",)
12:01:07 - ERR - post - ("Error al validar el request -> {'usuario_id': ['Field may not be null.']}",)
12:01:30 - ERR - post - ("Error al validar el request -> {'usuario_id': ['Field may not be null.']}",)
12:01:33 - ERR - post - ("Error al validar el request -> {'usuario_id': ['Field may not be null.']}",)
12:01:47 - ERR - post - ("Error al validar el request -> {'usuario_id': ['Field may not be null.']}",)
12:02:11 - ERR - post - ("Error al validar el request -> {'contenido': ['Not a valid string.']}",)
12:11:44 - ERR - post - ("Error al validar el request -> {'contenido': ['Not a valid string.']}",)
12:26:57 - ERR - post - ("Error al validar el request -> {'solicitante_id': ['Missing data for required field.'], 'estado': ['Missing data for required field.']}",)
12:26:57 - ERR - post - ("Error al validar el request -> {'solicitante_id': ['Missing data for required field.'], 'estado': ['Missing data for required field.']}",)
14:51:09 - ERR - post - ("Error al validar el request -> {'contenido': ['Not a valid string.']}",)
14:58:32 - ERR - post - ("Error al validar el request -> {'contenido': ['Not a valid string.']}",)
15:39:22 - ERR - post - ("Error al validar el request -> {'solicitante_id': ['Missing data for required field.'], 'estado': ['Missing data for required field.'], 'solicitado_id': ['Missing data for required field.'], 'foto_perfil': ['Unknown field.'], 'contraseña': ['Unknown field.'], 'nombre': ['Unknown field.'], 'biografia': ['Unknown field.'], 'correo_electronico': ['Unknown field.'], 'fecha_nacimiento': ['Unknown field.']}",)
16:12:29 - ERR - post - ("Error al validar el request -> {'solicitante_id': ['Missing data for required field.'], 'estado': ['Missing data for required field.']}",)
16:16:39 - ERR - post - (<BadRequest '400: Bad Request'>,)
16:16:43 - ERR - post - (<BadRequest '400: Bad Request'>,)
16:22:15 - ERR - post - ("Error al validar el request -> {'solicitante_id': ['Missing data for required field.']}",)
20:20:31 - ERR - post - ("Error al validar el request -> {'solicitante_id': ['Missing data for required field.']}",)
20:23:16 - ERR - post - ("Error al validar el request -> {'solicitante_id': ['Missing data for required field.']}",)
20:24:42 - ERR - post - ("Error al validar el request -> {'solicitante_id': ['Missing data for required field.']}",)
20:24:51 - ERR - post - ("Error al validar el request -> {'solicitante_id': ['Missing data for required field.']}",)
20:28:34 - ERR - post - ("Error al validar el request -> {'solicitante_id': ['Missing data for required field.']}",)
20:28:37 - ERR - post - ("Error al validar el request -> {'solicitante_id': ['Missing data for required field.']}",)
20:29:30 - ERR - post - ("Error al validar el request -> {'solicitante_id': ['Missing data for required field.']}",)
20:29:38 - ERR - post - ("Error al validar el request -> {'solicitante_id': ['Missing data for required field.']}",)
20:31:55 - ERR - post - ("Error al validar el request -> {'solicitante_id': ['Missing data for required field.']}",)
20:32:05 - ERR - post - ("Error al validar el request -> {'solicitante_id': ['Missing data for required field.']}",)
20:35:26 - ERR - post - ("Error al validar el request -> {'solicitante_id': ['Missing data for required field.']}",)
20:39:19 - ERR - post - ("Error al validar el request -> {'solicitante_id': ['Missing data for required field.'], 'estado': ['Missing data for required field.']}",)
21:31:11 - ERR - post - ("Error al validar el request -> {'remitente_id': ['Missing data for required field.'], 'destinatario_id': ['Missing data for required field.']}",)
21:31:17 - ERR - post - ("Error al validar el request -> {'remitente_id': ['Missing data for required field.'], 'destinatario_id': ['Missing data for required field.']}",)
21:32:52 - ERR - post - ("Error al validar el request -> {'contenido': ['Not a valid string.']}",)
21:33:51 - ERR - post - ("Error al validar el request -> {'remitente_id': ['Missing data for required field.'], 'destinatario_id': ['Missing data for required field.']}",)
21:38:29 - ERR - post - ("Error al validar el request -> {'solicitante_id': ['Missing data for required field.'], 'estado': ['Missing data for required field.']}",)
