00:06:10 - ERR - post - ("Error al validar el request -> {'solicitante_id': ['Missing data for required field.'], 'estado': ['Missing data for required field.']}",)
00:14:27 - ERR - post - ("Error al validar el request -> {'contenido': ['Missing data for required field.'], 'remitente_id': ['Not a valid integer.'], 'destinatario_id': ['Missing data for required field.']}",)
00:16:54 - ERR - post - ("Error al validar el request -> {'contenido': ['Missing data for required field.'], 'remitente_id': ['Not a valid integer.'], 'destinatario_id': ['Missing data for required field.']}",)
13:37:52 - ERR - post - (<BadRequest '400: Bad Request'>,)
13:39:27 - ERR - post - (<BadRequest '400: Bad Request'>,)
13:39:48 - ERR - post - ("Error al validar el request -> {'solicitante_id': ['Missing data for required field.'], 'estado': ['Missing data for required field.'], 'solicitado_id': ['Missing data for required field.'], 'contenido': ['Unknown field.'], 'remitente_id': ['Unknown field.'], 'destinatario_id': ['Unknown field.']}",)
13:40:02 - ERR - post - ("Error al validar el request -> {'solicitante_id': ['Missing data for required field.'], 'estado': ['Missing data for required field.'], 'solicitado_id': ['Missing data for required field.'], 'contenido': ['Unknown field.'], 'remitente_id': ['Unknown field.'], 'destinatario_id': ['Unknown field.']}",)
14:49:06 - ERR - getRecords - (UndefinedColumn('no existe la columna «id_usuario»\nLINE 1: SELECT id_usuario, nombre FROM Usuarios WHERE correo_electro...\n               ^\n'),)
15:13:35 - ERR - get_user_id - (KeyError(0),)
15:14:44 - ERR - get_user_id - (KeyError(0),)
15:18:20 - ERR - get_user_id - (KeyError(0),)
15:23:46 - ERR - get_user_id - (KeyError(0),)
15:32:55 - ERR - get_user_id - (KeyError(0),)
15:35:38 - ERR - get_user_id - (KeyError(0),)
15:35:38 - ERR - get_user_id - ('Excepción en get_user_id: 0',)
15:38:13 - ERR - get_user_id - (KeyError(0),)
15:38:13 - ERR - get_user_id - ('Excepción en get_user_id: 0',)
15:42:46 - ERR - get_user_id - (KeyError(0),)
15:42:46 - ERR - get_user_id - ('Excepción en get_user_id: 0',)
16:09:37 - ERR - post - ("Error al validar el request -> {'estado': ['Missing data for required field.']}",)
16:11:42 - ERR - post - ("Error al validar el request -> {'usuario_id': ['Missing data for required field.']}",)
16:12:34 - ERR - post - ("Error al validar el request -> {'usuario_id': ['Missing data for required field.']}",)
16:12:49 - ERR - post - ("Error al validar el request -> {'usuario_id': ['Missing data for required field.']}",)
16:13:07 - ERR - post - ("Error al validar el request -> {'usuario_id': ['Missing data for required field.']}",)
16:13:07 - ERR - post - ("Error al validar el request -> {'usuario_id': ['Missing data for required field.']}",)
16:13:08 - ERR - post - ("Error al validar el request -> {'usuario_id': ['Missing data for required field.']}",)
16:13:08 - ERR - post - ("Error al validar el request -> {'usuario_id': ['Missing data for required field.']}",)
16:13:08 - ERR - post - ("Error al validar el request -> {'usuario_id': ['Missing data for required field.']}",)
16:13:31 - ERR - post - ("Error al validar el request -> {'usuario_id': ['Missing data for required field.']}",)
16:16:49 - ERR - post - ("Error al validar el request -> {'usuario_id': ['Missing data for required field.']}",)
16:44:02 - ERR - post - ("Error al validar el request -> {'estado': ['Missing data for required field.'], 'solicitado_id': ['Missing data for required field.'], 'solicitante_id': ['Not a valid integer.']}",)
16:46:48 - ERR - post - ("Error al validar el request -> {'estado': ['Missing data for required field.'], 'solicitado_id': ['Missing data for required field.'], 'solicitante_id': ['Not a valid integer.']}",)
16:49:18 - ERR - post - ("Error al validar el request -> {'estado': ['Missing data for required field.'], 'solicitado_id': ['Missing data for required field.'], 'solicitante_id': ['Not a valid integer.']}",)
16:55:20 - ERR - post - ("Error al validar el request -> {'estado': ['Missing data for required field.'], 'solicitado_id': ['Missing data for required field.'], 'solicitante_id': ['Not a valid integer.']}",)
16:56:48 - ERR - post - ("Error al validar el request -> {'estado': ['Missing data for required field.'], 'solicitado_id': ['Missing data for required field.'], 'solicitante_id': ['Not a valid integer.']}",)
16:59:40 - ERR - post - ("Error al validar el request -> {'usuario_id': ['Missing data for required field.'], 'contenido': ['Missing data for required field.'], 'solicitante_id': ['Unknown field.'], 'solicitado_id': ['Unknown field.']}",)
17:00:38 - ERR - post - ("Error al validar el request -> {'estado': ['Missing data for required field.']}",)
17:01:12 - ERR - ExecuteNonQuery - (UndefinedColumn('no existe la columna «solicitante_id» en la relación «solicitudes_amistad»\nLINE 1: INSERT INTO Solicitudes_Amistad (solicitante_id, solicitado_...\n                                         ^\n'),)
17:03:08 - ERR - post - ("Error al validar el request -> {'estado': ['Missing data for required field.']}",)
17:03:43 - ERR - post - ("Error al validar el request -> {'estado': ['Missing data for required field.']}",)
17:05:10 - ERR - ExecuteNonQuery - (UndefinedColumn('no existe la columna «solicitante_id» en la relación «solicitudes_amistad»\nLINE 1: INSERT INTO Solicitudes_Amistad (solicitante_id, solicitado_...\n                                         ^\n'),)
17:06:39 - ERR - post - ("Error al validar el request -> {'solicitado_id': ['Missing data for required field.'], 'solicitante_id': ['Missing data for required field.'], 'remitente_id': ['Unknown field.'], 'destinatario_id': ['Unknown field.']}",)
17:06:50 - ERR - post - ("Error al validar el request -> {'solicitado_id': ['Missing data for required field.'], 'solicitante_id': ['Missing data for required field.'], 'remitente_id': ['Unknown field.'], 'destinatario_id': ['Unknown field.']}",)
17:08:09 - ERR - post - (KeyError('solicitante_id'),)
17:09:41 - ERR - post - (TypeError('FriendRequestComponent.insertFriendRequest() takes 2 positional arguments but 3 were given'),)
17:09:53 - ERR - post - (TypeError('FriendRequestComponent.insertFriendRequest() takes 2 positional arguments but 3 were given'),)
17:10:12 - ERR - post - ("Error al validar el request -> {'solicitante_id': ['Missing data for required field.'], 'solicitado_id': ['Missing data for required field.'], 'destinatario_id': ['Unknown field.'], 'remitente_id': ['Unknown field.']}",)
17:10:56 - ERR - post - (KeyError('remitente_id'),)
17:11:13 - ERR - post - (KeyError('remitente_id'),)
17:11:51 - ERR - post - (KeyError('remitente_id'),)
17:13:16 - ERR - post - (KeyError('remitente_id'),)
17:14:39 - ERR - post - (KeyError('remitente_id'),)
17:15:12 - ERR - post - ("Error al validar el request -> {'estado': ['Missing data for required field.']}",)
17:16:07 - ERR - post - (KeyError('remitente_id'),)
17:17:31 - ERR - post - ("Error al validar el request -> {'solicitado_id': ['Missing data for required field.'], 'solicitante_id': ['Missing data for required field.'], 'destinatario_id': ['Unknown field.'], 'remitente_id': ['Unknown field.']}",)
17:23:13 - ERR - post - ("Error al validar el request -> {'remitente_id': ['Missing data for required field.'], 'destinatario_id': ['Missing data for required field.'], 'solicitante_id': ['Unknown field.']}",)
17:25:09 - ERR - post - ("Error al validar el request -> {'remitente_id': ['Missing data for required field.'], 'destinatario_id': ['Missing data for required field.'], 'solicitante_id': ['Unknown field.']}",)
17:28:36 - ERR - post - ("Error al validar el request -> {'remitente_id': ['Missing data for required field.'], 'destinatario_id': ['Missing data for required field.'], 'solicitante_id': ['Unknown field.']}",)
17:33:30 - ERR - post - ("Error al validar el request -> {'remitente_id': ['Missing data for required field.'], 'destinatario_id': ['Missing data for required field.'], 'requestData': ['Unknown field.']}",)
20:33:47 - ERR - post - ("Error al validar el request -> {'fecha_envio': ['Unknown field.']}",)
