00:14:02 - INF - post - ('Ejecutando servicio de Login',)
00:14:02 - INF - get - ('Ejecutando servicio de listar solicitudes de amistad',)
00:14:02 - INF - get - ('Ejecutando servicio de listar publicaciones',)
00:14:02 - INF - get - ('Ejecutando servicio de listar publicaciones',)
00:14:02 - INF - get - ('Ejecutando servicio de listar solicitudes de amistad',)
00:14:02 - INF - get - ('Ejecutando servicio de listar solicitudes de amistad',)
00:14:08 - INF - post - ('Ejecutando servicio de crear publicación',)
00:15:12 - INF - post - ('Ejecutando servicio de Login',)
00:15:12 - INF - get - ('Ejecutando servicio de listar solicitudes de amistad',)
00:15:12 - INF - get - ('Ejecutando servicio de listar publicaciones',)
00:15:12 - INF - get - ('Ejecutando servicio de listar publicaciones',)
00:15:12 - INF - get - ('Ejecutando servicio de listar solicitudes de amistad',)
00:15:19 - INF - get - ('Ejecutando servicio de listar publicaciones',)
00:15:19 - INF - get - ('Ejecutando servicio de listar publicaciones',)
00:25:35 - INF - <module> - ('Servicio Finalizado',)
00:25:35 - INF - <module> - ('Servicio Finalizado',)
00:41:32 - INF - <module> - ('Servicio Iniciado',)
00:41:33 - INF - <module> - ('Servicio Iniciado',)
00:43:24 - INF - get - ('Ejecutando servicio de listar publicaciones',)
00:43:24 - INF - get - ('Ejecutando servicio de listar publicaciones',)
00:43:24 - INF - get - ('Ejecutando servicio de listar publicaciones',)
00:44:33 - INF - post - ('Ejecutando servicio de Crear Usuario',)
00:44:50 - INF - post - ('Ejecutando servicio de Login',)
00:44:50 - INF - get - ('Ejecutando servicio de listar solicitudes de amistad',)
00:44:50 - INF - get - ('Ejecutando servicio de listar publicaciones',)
00:44:50 - INF - get - ('Ejecutando servicio de listar publicaciones',)
00:44:50 - INF - get - ('Ejecutando servicio de listar solicitudes de amistad',)
00:44:50 - INF - get - ('Ejecutando servicio de listar solicitudes de amistad',)
00:44:50 - INF - get - ('Ejecutando servicio de listar publicaciones',)
00:45:01 - INF - post - ('Ejecutando servicio de crear publicación',)
00:45:02 - INF - post - ('Ejecutando servicio de crear publicación',)
00:45:02 - INF - post - ('Ejecutando servicio de crear publicación',)
00:45:02 - INF - post - ('Ejecutando servicio de crear publicación',)
00:45:02 - INF - post - ('Ejecutando servicio de crear publicación',)
00:45:03 - INF - post - ('Ejecutando servicio de crear publicación',)
00:45:08 - INF - post - ('Ejecutando servicio de crear publicación',)
00:45:43 - INF - post - ('Ejecutando servicio de crear solicitud de amistad',)
00:45:43 - INF - post - ('Ejecutando servicio de crear solicitud de amistad',)
01:10:28 - INF - get - ('Ejecutando servicio de listar publicaciones',)
01:10:28 - INF - get - ('Ejecutando servicio de listar publicaciones',)
01:10:28 - INF - get - ('Ejecutando servicio de listar publicaciones',)
01:24:24 - INF - <module> - ('Servicio Finalizado',)
01:24:24 - INF - <module> - ('Servicio Finalizado',)
01:27:20 - INF - <module> - ('Servicio Iniciado',)
01:27:21 - INF - <module> - ('Servicio Iniciado',)
02:55:07 - INF - post - ('Ejecutando servicio de Login',)
02:55:12 - INF - <module> - ('Servicio Finalizado',)
02:55:12 - INF - <module> - ('Servicio Finalizado',)
02:55:14 - INF - <module> - ('Servicio Iniciado',)
02:55:15 - INF - <module> - ('Servicio Iniciado',)
02:55:40 - INF - post - ('Ejecutando servicio de Login',)
02:55:51 - INF - post - ('Ejecutando servicio de Login',)
02:55:52 - INF - post - ('Ejecutando servicio de Login',)
02:55:52 - INF - post - ('Ejecutando servicio de Login',)
02:56:06 - INF - post - ('Ejecutando servicio de Login',)
02:56:32 - INF - post - ('Ejecutando servicio de Login',)
02:56:33 - INF - post - ('Ejecutando servicio de Login',)
02:58:23 - INF - post - ('Ejecutando servicio de Login',)
02:58:27 - INF - post - ('Ejecutando servicio de Login',)
02:58:29 - INF - post - ('Ejecutando servicio de Login',)
02:58:29 - INF - post - ('Ejecutando servicio de Login',)
02:58:29 - INF - post - ('Ejecutando servicio de Login',)
02:59:02 - INF - post - ('Ejecutando servicio de Login',)
02:59:03 - INF - post - ('Ejecutando servicio de Login',)
02:59:03 - INF - post - ('Ejecutando servicio de Login',)
02:59:20 - INF - <module> - ('Servicio Finalizado',)
02:59:20 - INF - <module> - ('Servicio Finalizado',)
02:59:22 - INF - <module> - ('Servicio Iniciado',)
02:59:23 - INF - <module> - ('Servicio Iniciado',)
02:59:24 - INF - post - ('Ejecutando servicio de Login',)
02:59:25 - INF - post - ('Ejecutando servicio de Login',)
02:59:25 - INF - post - ('Ejecutando servicio de Login',)
02:59:25 - INF - post - ('Ejecutando servicio de Login',)
02:59:26 - INF - post - ('Ejecutando servicio de Login',)
02:59:28 - INF - post - ('Ejecutando servicio de Login',)
02:59:28 - INF - post - ('Ejecutando servicio de Login',)
02:59:29 - INF - post - ('Ejecutando servicio de Login',)
02:59:53 - INF - post - ('Ejecutando servicio de Login',)
03:00:49 - INF - <module> - ('Servicio Finalizado',)
03:00:49 - INF - <module> - ('Servicio Finalizado',)
03:00:52 - INF - <module> - ('Servicio Iniciado',)
03:00:52 - INF - <module> - ('Servicio Iniciado',)
03:01:02 - INF - post - ('Ejecutando servicio de Login',)
03:01:03 - INF - get - ('Ejecutando servicio de listar solicitudes de amistad',)
03:01:03 - INF - get - ('Ejecutando servicio de listar solicitudes de amistad',)
03:09:31 - INF - post - ('Ejecutando servicio de Login',)
03:09:31 - INF - get - ('Ejecutando servicio de listar solicitudes de amistad',)
03:09:31 - INF - get - ('Ejecutando servicio de listar solicitudes de amistad',)
03:12:50 - INF - get - ('Ejecutando servicio de listar publicaciones',)
03:12:50 - INF - get - ('Ejecutando servicio de listar publicaciones',)
03:13:31 - INF - post - ('Ejecutando servicio de Login',)
03:13:31 - INF - get - ('Ejecutando servicio de listar solicitudes de amistad',)
03:13:31 - INF - get - ('Ejecutando servicio de listar publicaciones',)
03:13:31 - INF - get - ('Ejecutando servicio de listar solicitudes de amistad',)
03:13:31 - INF - get - ('Ejecutando servicio de listar publicaciones',)
03:13:47 - INF - post - ('Ejecutando servicio de crear publicación',)
03:14:46 - INF - get - ('Ejecutando servicio de listar publicaciones',)
03:16:19 - INF - get - ('Ejecutando servicio de listar publicaciones',)
03:16:19 - INF - get - ('Ejecutando servicio de listar publicaciones',)
03:17:23 - INF - post - ('Ejecutando servicio de Login',)
03:17:23 - INF - get - ('Ejecutando servicio de listar publicaciones',)
03:17:23 - INF - get - ('Ejecutando servicio de listar solicitudes de amistad',)
03:17:23 - INF - get - ('Ejecutando servicio de listar publicaciones',)
03:17:23 - INF - get - ('Ejecutando servicio de listar solicitudes de amistad',)
03:20:51 - INF - get - ('Ejecutando servicio de listar publicaciones',)
03:20:51 - INF - get - ('Ejecutando servicio de listar publicaciones',)
03:20:57 - INF - get - ('Ejecutando servicio de listar publicaciones',)
03:20:57 - INF - get - ('Ejecutando servicio de listar publicaciones',)
03:23:40 - INF - get - ('Ejecutando servicio de listar publicaciones',)
03:23:45 - INF - get - ('Ejecutando servicio de listar publicaciones',)
03:23:45 - INF - get - ('Ejecutando servicio de listar publicaciones',)
03:23:49 - INF - post - ('Ejecutando servicio de crear publicación',)
03:25:56 - INF - get - ('Ejecutando servicio de listar publicaciones',)
03:26:12 - INF - post - ('Ejecutando servicio de Login',)
03:26:12 - INF - get - ('Ejecutando servicio de listar publicaciones',)
03:26:12 - INF - get - ('Ejecutando servicio de listar solicitudes de amistad',)
03:26:12 - INF - get - ('Ejecutando servicio de listar solicitudes de amistad',)
03:26:12 - INF - get - ('Ejecutando servicio de listar publicaciones',)
10:52:58 - INF - post - ('Ejecutando servicio de Login',)
10:52:58 - INF - get - ('Ejecutando servicio de listar solicitudes de amistad',)
10:52:58 - INF - get - ('Ejecutando servicio de listar publicaciones',)
10:52:58 - INF - get - ('Ejecutando servicio de listar solicitudes de amistad',)
10:52:58 - INF - get - ('Ejecutando servicio de listar publicaciones',)
11:00:20 - INF - get - ('Ejecutando servicio de listar publicaciones',)
11:00:25 - INF - post - ('Ejecutando servicio de Login',)
11:00:25 - INF - get - ('Ejecutando servicio de listar solicitudes de amistad',)
11:00:25 - INF - get - ('Ejecutando servicio de listar publicaciones',)
11:00:25 - INF - get - ('Ejecutando servicio de listar publicaciones',)
11:00:25 - INF - get - ('Ejecutando servicio de listar solicitudes de amistad',)
11:03:18 - INF - get - ('Ejecutando servicio de listar publicaciones',)
11:03:26 - INF - post - ('Ejecutando servicio de Login',)
11:03:26 - INF - get - ('Ejecutando servicio de listar solicitudes de amistad',)
11:03:26 - INF - get - ('Ejecutando servicio de listar publicaciones',)
11:03:26 - INF - get - ('Ejecutando servicio de listar publicaciones',)
11:03:26 - INF - get - ('Ejecutando servicio de listar solicitudes de amistad',)
11:03:31 - INF - get - ('Ejecutando servicio de listar publicaciones',)
11:03:31 - INF - get - ('Ejecutando servicio de listar publicaciones',)
11:03:40 - INF - post - ('Ejecutando servicio de Login',)
11:03:40 - INF - get - ('Ejecutando servicio de listar solicitudes de amistad',)
11:03:40 - INF - get - ('Ejecutando servicio de listar publicaciones',)
11:03:40 - INF - get - ('Ejecutando servicio de listar solicitudes de amistad',)
11:03:40 - INF - get - ('Ejecutando servicio de listar publicaciones',)
11:03:47 - INF - post - ('Ejecutando servicio de Login',)
11:03:47 - INF - get - ('Ejecutando servicio de listar solicitudes de amistad',)
11:03:47 - INF - get - ('Ejecutando servicio de listar publicaciones',)
11:03:47 - INF - get - ('Ejecutando servicio de listar solicitudes de amistad',)
11:03:47 - INF - get - ('Ejecutando servicio de listar publicaciones',)
11:05:05 - INF - post - ('Ejecutando servicio de Login',)
11:05:06 - INF - get - ('Ejecutando servicio de listar solicitudes de amistad',)
11:05:06 - INF - get - ('Ejecutando servicio de listar publicaciones',)
11:05:06 - INF - get - ('Ejecutando servicio de listar solicitudes de amistad',)
11:05:06 - INF - get - ('Ejecutando servicio de listar publicaciones',)
11:08:27 - INF - get - ('Ejecutando servicio de listar solicitudes de amistad',)
11:08:27 - INF - get - ('Ejecutando servicio de listar publicaciones',)
11:08:43 - INF - get - ('Ejecutando servicio de listar publicaciones',)
11:09:07 - INF - post - ('Ejecutando servicio de Login',)
11:09:07 - INF - get - ('Ejecutando servicio de listar solicitudes de amistad',)
11:09:07 - INF - get - ('Ejecutando servicio de listar publicaciones',)
11:09:07 - INF - get - ('Ejecutando servicio de listar publicaciones',)
11:09:07 - INF - get - ('Ejecutando servicio de listar solicitudes de amistad',)
11:09:37 - INF - get - ('Ejecutando servicio de listar publicaciones',)
11:11:01 - INF - post - ('Ejecutando servicio de Login',)
11:11:01 - INF - get - ('Ejecutando servicio de listar solicitudes de amistad',)
11:11:01 - INF - get - ('Ejecutando servicio de listar publicaciones',)
11:11:01 - INF - get - ('Ejecutando servicio de listar solicitudes de amistad',)
11:11:01 - INF - get - ('Ejecutando servicio de listar publicaciones',)
11:11:26 - INF - get - ('Ejecutando servicio de listar publicaciones',)
11:11:32 - INF - post - ('Ejecutando servicio de Login',)
11:11:32 - INF - get - ('Ejecutando servicio de listar solicitudes de amistad',)
11:11:32 - INF - get - ('Ejecutando servicio de listar publicaciones',)
11:11:32 - INF - get - ('Ejecutando servicio de listar publicaciones',)
11:11:32 - INF - get - ('Ejecutando servicio de listar solicitudes de amistad',)
11:11:39 - INF - post - ('Ejecutando servicio de crear publicación',)
11:12:23 - INF - post - ('Ejecutando servicio de crear solicitud de amistad',)
11:12:23 - INF - post - ('Ejecutando servicio de crear solicitud de amistad',)
11:15:36 - INF - get - ('Ejecutando servicio de listar publicaciones',)
11:15:42 - INF - post - ('Ejecutando servicio de Login',)
11:15:42 - INF - get - ('Ejecutando servicio de listar solicitudes de amistad',)
11:15:42 - INF - get - ('Ejecutando servicio de listar publicaciones',)
11:15:42 - INF - get - ('Ejecutando servicio de listar solicitudes de amistad',)
11:15:42 - INF - get - ('Ejecutando servicio de listar publicaciones',)
11:17:40 - INF - get - ('Ejecutando servicio de listar publicaciones',)
11:17:40 - INF - get - ('Ejecutando servicio de listar publicaciones',)
11:17:45 - INF - post - ('Ejecutando servicio de Login',)
11:17:45 - INF - get - ('Ejecutando servicio de listar solicitudes de amistad',)
11:17:45 - INF - get - ('Ejecutando servicio de listar publicaciones',)
11:17:45 - INF - get - ('Ejecutando servicio de listar solicitudes de amistad',)
11:17:45 - INF - get - ('Ejecutando servicio de listar publicaciones',)
11:19:06 - INF - get - ('Ejecutando servicio de listar solicitudes de amistad',)
11:19:06 - INF - get - ('Ejecutando servicio de listar publicaciones',)
11:19:33 - INF - get - ('Ejecutando servicio de listar publicaciones',)
11:20:07 - INF - post - ('Ejecutando servicio de Login',)
11:20:07 - INF - get - ('Ejecutando servicio de listar solicitudes de amistad',)
11:20:07 - INF - get - ('Ejecutando servicio de listar publicaciones',)
11:20:07 - INF - get - ('Ejecutando servicio de listar solicitudes de amistad',)
11:20:07 - INF - get - ('Ejecutando servicio de listar publicaciones',)
11:22:38 - INF - get - ('Ejecutando servicio de listar publicaciones',)
11:22:54 - INF - get - ('Ejecutando servicio de listar publicaciones',)
11:22:54 - INF - get - ('Ejecutando servicio de listar publicaciones',)
11:24:44 - INF - get - ('Ejecutando servicio de listar solicitudes de amistad',)
11:24:44 - INF - get - ('Ejecutando servicio de listar publicaciones',)
11:29:58 - INF - get - ('Ejecutando servicio de listar publicaciones',)
11:29:58 - INF - get - ('Ejecutando servicio de listar publicaciones',)
11:33:34 - INF - get - ('Ejecutando servicio de listar publicaciones',)
11:33:48 - INF - post - ('Ejecutando servicio de crear publicación',)
11:36:00 - INF - post - ('Ejecutando servicio de crear publicación',)
11:37:08 - INF - get - ('Ejecutando servicio de listar publicaciones',)
11:37:08 - INF - get - ('Ejecutando servicio de listar publicaciones',)
11:37:16 - INF - post - ('Ejecutando servicio de crear publicación',)
11:37:30 - INF - get - ('Ejecutando servicio de listar publicaciones',)
11:37:30 - INF - get - ('Ejecutando servicio de listar publicaciones',)
11:37:42 - INF - post - ('Ejecutando servicio de crear publicación',)
11:38:43 - INF - get - ('Ejecutando servicio de listar publicaciones',)
11:38:43 - INF - get - ('Ejecutando servicio de listar publicaciones',)
11:40:12 - INF - get - ('Ejecutando servicio de listar publicaciones',)
11:40:21 - INF - post - ('Ejecutando servicio de Login',)
11:40:21 - INF - get - ('Ejecutando servicio de listar solicitudes de amistad',)
11:40:21 - INF - get - ('Ejecutando servicio de listar publicaciones',)
11:40:21 - INF - get - ('Ejecutando servicio de listar solicitudes de amistad',)
11:40:21 - INF - get - ('Ejecutando servicio de listar publicaciones',)
11:40:31 - INF - post - ('Ejecutando servicio de crear publicación',)
11:40:31 - INF - post - ('Ejecutando servicio de crear publicación',)
11:41:20 - INF - get - ('Ejecutando servicio de listar publicaciones',)
11:41:20 - INF - get - ('Ejecutando servicio de listar publicaciones',)
11:41:41 - INF - post - ('Ejecutando servicio de crear publicación',)
11:41:52 - INF - post - ('Ejecutando servicio de crear publicación',)
11:41:52 - INF - post - ('Ejecutando servicio de crear publicación',)
11:41:59 - INF - get - ('Ejecutando servicio de listar publicaciones',)
11:41:59 - INF - get - ('Ejecutando servicio de listar publicaciones',)
11:43:52 - INF - get - ('Ejecutando servicio de listar publicaciones',)
11:44:02 - INF - post - ('Ejecutando servicio de Login',)
11:44:02 - INF - get - ('Ejecutando servicio de listar solicitudes de amistad',)
11:44:02 - INF - get - ('Ejecutando servicio de listar publicaciones',)
11:44:02 - INF - get - ('Ejecutando servicio de listar solicitudes de amistad',)
11:44:02 - INF - get - ('Ejecutando servicio de listar publicaciones',)
11:44:40 - INF - post - ('Ejecutando servicio de crear publicación',)
11:46:04 - INF - get - ('Ejecutando servicio de listar publicaciones',)
11:46:04 - INF - get - ('Ejecutando servicio de listar publicaciones',)
11:46:38 - INF - get - ('Ejecutando servicio de listar publicaciones',)
11:46:46 - INF - get - ('Ejecutando servicio de listar publicaciones',)
11:46:46 - INF - get - ('Ejecutando servicio de listar publicaciones',)
11:46:54 - INF - post - ('Ejecutando servicio de crear publicación',)
11:47:26 - INF - post - ('Ejecutando servicio de Login',)
11:47:26 - INF - get - ('Ejecutando servicio de listar solicitudes de amistad',)
11:47:26 - INF - get - ('Ejecutando servicio de listar publicaciones',)
11:47:26 - INF - get - ('Ejecutando servicio de listar solicitudes de amistad',)
11:47:26 - INF - get - ('Ejecutando servicio de listar publicaciones',)
11:47:35 - INF - post - ('Ejecutando servicio de crear publicación',)
11:47:51 - INF - get - ('Ejecutando servicio de listar publicaciones',)
11:47:51 - INF - get - ('Ejecutando servicio de listar publicaciones',)
11:52:17 - INF - get - ('Ejecutando servicio de listar publicaciones',)
11:52:28 - INF - post - ('Ejecutando servicio de Login',)
11:52:31 - INF - post - ('Ejecutando servicio de Login',)
11:52:31 - INF - get - ('Ejecutando servicio de listar solicitudes de amistad',)
11:52:31 - INF - get - ('Ejecutando servicio de listar publicaciones',)
11:52:31 - INF - get - ('Ejecutando servicio de listar solicitudes de amistad',)
11:52:31 - INF - get - ('Ejecutando servicio de listar publicaciones',)
11:52:40 - INF - post - ('Ejecutando servicio de crear publicación',)
11:52:40 - INF - post - ('Ejecutando servicio de crear publicación',)
11:52:46 - INF - get - ('Ejecutando servicio de listar publicaciones',)
11:52:46 - INF - get - ('Ejecutando servicio de listar publicaciones',)
11:57:24 - INF - get - ('Ejecutando servicio de listar solicitudes de amistad',)
11:57:57 - INF - get - ('Ejecutando servicio de listar publicaciones',)
11:58:41 - INF - post - ('Ejecutando servicio de Login',)
11:58:42 - INF - get - ('Ejecutando servicio de listar solicitudes de amistad',)
11:58:42 - INF - get - ('Ejecutando servicio de listar publicaciones',)
11:58:42 - INF - get - ('Ejecutando servicio de listar solicitudes de amistad',)
11:58:42 - INF - get - ('Ejecutando servicio de listar publicaciones',)
11:58:49 - INF - post - ('Ejecutando servicio de crear publicación',)
11:59:02 - INF - post - ('Ejecutando servicio de crear publicación',)
11:59:06 - INF - get - ('Ejecutando servicio de listar publicaciones',)
11:59:06 - INF - get - ('Ejecutando servicio de listar publicaciones',)
12:01:00 - INF - get - ('Ejecutando servicio de listar publicaciones',)
12:01:00 - INF - get - ('Ejecutando servicio de listar publicaciones',)
12:01:07 - INF - post - ('Ejecutando servicio de crear publicación',)
12:01:30 - INF - post - ('Ejecutando servicio de crear publicación',)
12:01:33 - INF - post - ('Ejecutando servicio de crear publicación',)
12:01:44 - INF - post - ('Ejecutando servicio de Login',)
12:01:44 - INF - get - ('Ejecutando servicio de listar solicitudes de amistad',)
12:01:44 - INF - get - ('Ejecutando servicio de listar publicaciones',)
12:01:44 - INF - get - ('Ejecutando servicio de listar solicitudes de amistad',)
12:01:44 - INF - get - ('Ejecutando servicio de listar publicaciones',)
12:01:47 - INF - post - ('Ejecutando servicio de crear publicación',)
12:02:03 - INF - get - ('Ejecutando servicio de listar solicitudes de amistad',)
12:02:05 - INF - get - ('Ejecutando servicio de listar publicaciones',)
12:02:11 - INF - post - ('Ejecutando servicio de crear publicación',)
12:02:11 - INF - post - ('Ejecutando servicio de crear publicación',)
12:02:14 - INF - get - ('Ejecutando servicio de listar publicaciones',)
12:02:14 - INF - get - ('Ejecutando servicio de listar publicaciones',)
12:10:38 - INF - get - ('Ejecutando servicio de listar solicitudes de amistad',)
12:10:38 - INF - get - ('Ejecutando servicio de listar publicaciones',)
12:10:38 - INF - get - ('Ejecutando servicio de listar solicitudes de amistad',)
12:10:46 - INF - get - ('Ejecutando servicio de listar publicaciones',)
12:10:47 - INF - get - ('Ejecutando servicio de listar publicaciones',)
12:11:44 - INF - post - ('Ejecutando servicio de crear publicación',)
12:11:44 - INF - post - ('Ejecutando servicio de crear publicación',)
12:11:47 - INF - get - ('Ejecutando servicio de listar publicaciones',)
12:11:47 - INF - get - ('Ejecutando servicio de listar publicaciones',)
12:26:57 - INF - post - ('Ejecutando servicio de crear solicitud de amistad',)
12:26:57 - INF - post - ('Ejecutando servicio de crear solicitud de amistad',)
12:27:40 - INF - get - ('Ejecutando servicio de listar solicitudes de amistad',)
12:27:40 - INF - get - ('Ejecutando servicio de listar solicitudes de amistad',)
12:29:08 - INF - get - ('Ejecutando servicio de listar solicitudes de amistad',)
12:29:08 - INF - get - ('Ejecutando servicio de listar solicitudes de amistad',)
14:50:40 - INF - post - ('Ejecutando servicio de Login',)
14:50:40 - INF - get - ('Ejecutando servicio de listar publicaciones',)
14:50:40 - INF - get - ('Ejecutando servicio de listar solicitudes de amistad',)
14:50:40 - INF - get - ('Ejecutando servicio de listar publicaciones',)
14:50:40 - INF - get - ('Ejecutando servicio de listar solicitudes de amistad',)
14:50:45 - INF - get - ('Ejecutando servicio de listar publicaciones',)
14:50:45 - INF - get - ('Ejecutando servicio de listar publicaciones',)
14:51:09 - INF - post - ('Ejecutando servicio de crear publicación',)
14:51:09 - INF - post - ('Ejecutando servicio de crear publicación',)
14:51:15 - INF - get - ('Ejecutando servicio de listar publicaciones',)
14:51:15 - INF - get - ('Ejecutando servicio de listar publicaciones',)
14:56:57 - INF - get - ('Ejecutando servicio de listar solicitudes de amistad',)
14:56:57 - INF - get - ('Ejecutando servicio de listar publicaciones',)
14:57:18 - INF - get - ('Ejecutando servicio de Listar Usuario',)
14:57:18 - INF - get - ('Ejecutando servicio de listar solicitudes de amistad',)
14:57:18 - INF - get - ('Ejecutando servicio de Listar Usuario',)
14:57:18 - INF - get - ('Ejecutando servicio de listar solicitudes de amistad',)
14:57:23 - INF - get - ('Ejecutando servicio de listar publicaciones',)
14:57:24 - INF - get - ('Ejecutando servicio de listar publicaciones',)
14:58:31 - INF - post - ('Ejecutando servicio de crear publicación',)
14:58:32 - INF - post - ('Ejecutando servicio de crear publicación',)
14:58:38 - INF - get - ('Ejecutando servicio de listar publicaciones',)
14:58:38 - INF - get - ('Ejecutando servicio de listar publicaciones',)
15:01:02 - INF - get - ('Ejecutando servicio de Listar Usuario',)
15:01:02 - INF - get - ('Ejecutando servicio de listar solicitudes de amistad',)
15:01:09 - INF - get - ('Ejecutando servicio de listar publicaciones',)
15:01:09 - INF - get - ('Ejecutando servicio de listar publicaciones',)
15:01:33 - INF - get - ('Ejecutando servicio de listar publicaciones',)
15:01:33 - INF - get - ('Ejecutando servicio de listar publicaciones',)
15:20:29 - INF - get - ('Ejecutando servicio de listar mensajes',)
15:39:22 - INF - post - ('Ejecutando servicio de crear solicitud de amistad',)
15:44:47 - INF - get - ('Ejecutando servicio de listar solicitudes de amistad',)
15:44:47 - INF - get - ('Ejecutando servicio de Listar Usuario',)
15:44:47 - INF - get - ('Ejecutando servicio de listar solicitudes de amistad',)
15:44:47 - INF - get - ('Ejecutando servicio de Listar Usuario',)
15:44:57 - INF - get - ('Ejecutando servicio de listar publicaciones',)
15:44:58 - INF - get - ('Ejecutando servicio de listar publicaciones',)
15:49:24 - INF - post - ('Ejecutando servicio de Login',)
15:49:24 - INF - get - ('Ejecutando servicio de Listar Usuario',)
de amistad',)
15:49:24 - INF - get - ('Ejecutando servicio de listar publicaciones',)
15:49:24 - INF - get - ('Ejecutando servicio de listar solicitudes de amistad',)
15:49:24 - INF - get - ('Ejecutando servicio de Listar Usuario',)
15:49:24 - INF - get - ('Ejecutando servicio de listar publicaciones',)
15:54:28 - INF - post - ('Ejecutando servicio de Login',)
15:54:28 - INF - get - ('Ejecutando servicio de listar solicitudes de amistad',)
15:54:28 - INF - get - ('Ejecutando servicio de listar publicaciones',)
15:54:28 - INF - get - ('Ejecutando servicio de Listar Usuario',)
15:54:28 - INF - get - ('Ejecutando servicio de listar solicitudes de amistad',)
15:54:28 - INF - get - ('Ejecutando servicio de listar publicaciones',)
15:54:28 - INF - get - ('Ejecutando servicio de Listar Usuario',)
15:54:37 - INF - get - ('Ejecutando servicio de Listar Usuario',)
15:54:37 - INF - get - ('Ejecutando servicio de Listar Usuario',)
15:54:38 - INF - get - ('Ejecutando servicio de Listar Usuario',)
15:54:57 - INF - get - ('Ejecutando servicio de Listar Usuario',)
15:55:00 - INF - get - ('Ejecutando servicio de Listar Usuario',)
15:55:00 - INF - get - ('Ejecutando servicio de Listar Usuario',)
15:55:00 - INF - get - ('Ejecutando servicio de Listar Usuario',)
15:55:01 - INF - get - ('Ejecutando servicio de Listar Usuario',)
15:55:01 - INF - get - ('Ejecutando servicio de Listar Usuario',)
15:55:01 - INF - get - ('Ejecutando servicio de Listar Usuario',)
15:55:01 - INF - get - ('Ejecutando servicio de Listar Usuario',)
15:55:02 - INF - get - ('Ejecutando servicio de Listar Usuario',)
15:55:03 - INF - get - ('Ejecutando servicio de Listar Usuario',)
15:55:03 - INF - get - ('Ejecutando servicio de Listar Usuario',)
15:55:27 - INF - get - ('Ejecutando servicio de Listar Usuario',)
15:55:34 - INF - get - ('Ejecutando servicio de Listar Usuario',)
15:55:34 - INF - get - ('Ejecutando servicio de Listar Usuario',)
15:55:34 - INF - get - ('Ejecutando servicio de Listar Usuario',)
15:55:35 - INF - get - ('Ejecutando servicio de Listar Usuario',)
15:55:35 - INF - get - ('Ejecutando servicio de Listar Usuario',)
15:55:35 - INF - get - ('Ejecutando servicio de Listar Usuario',)
15:55:35 - INF - get - ('Ejecutando servicio de Listar Usuario',)
15:55:36 - INF - get - ('Ejecutando servicio de Listar Usuario',)
15:55:36 - INF - get - ('Ejecutando servicio de Listar Usuario',)
15:55:36 - INF - get - ('Ejecutando servicio de Listar Usuario',)
15:55:36 - INF - get - ('Ejecutando servicio de Listar Usuario',)
15:55:36 - INF - get - ('Ejecutando servicio de Listar Usuario',)
15:55:36 - INF - get - ('Ejecutando servicio de Listar Usuario',)
15:55:36 - INF - get - ('Ejecutando servicio de Listar Usuario',)
15:55:36 - INF - get - ('Ejecutando servicio de Listar Usuario',)
15:55:37 - INF - get - ('Ejecutando servicio de Listar Usuario',)
15:55:37 - INF - get - ('Ejecutando servicio de Listar Usuario',)
15:55:37 - INF - get - ('Ejecutando servicio de Listar Usuario',)
15:55:38 - INF - get - ('Ejecutando servicio de Listar Usuario',)
15:55:38 - INF - get - ('Ejecutando servicio de Listar Usuario',)
15:55:38 - INF - get - ('Ejecutando servicio de Listar Usuario',)
15:55:38 - INF - get - ('Ejecutando servicio de Listar Usuario',)
15:55:49 - INF - get - ('Ejecutando servicio de Listar Usuario',)
15:57:21 - INF - get - ('Ejecutando servicio de Listar Usuario',)
15:59:31 - INF - get - ('Ejecutando servicio de Listar Usuario',)
15:59:31 - INF - get - ('Ejecutando servicio de Listar Usuario',)
15:59:45 - INF - post - ('Ejecutando servicio de Login',)
15:59:45 - INF - get - ('Ejecutando servicio de Listar Usuario',)
15:59:45 - INF - get - ('Ejecutando servicio de listar solicitudes de amistad',)
15:59:45 - INF - get - ('Ejecutando servicio de listar publicaciones',)
15:59:46 - INF - get - ('Ejecutando servicio de Listar Usuario',)
15:59:46 - INF - get - ('Ejecutando servicio de listar solicitudes de amistad',)
15:59:46 - INF - get - ('Ejecutando servicio de listar publicaciones',)
15:59:46 - INF - get - ('Ejecutando servicio de Listar Usuario',)
15:59:46 - INF - get - ('Ejecutando servicio de Listar Usuario',)
16:00:22 - INF - post - ('Ejecutando servicio de Login',)
16:00:22 - INF - get - ('Ejecutando servicio de Listar Usuario',)
16:00:22 - INF - get - ('Ejecutando servicio de listar solicitudes de amistad',)
16:00:22 - INF - get - ('Ejecutando servicio de listar publicaciones',)
16:00:22 - INF - get - ('Ejecutando servicio de Listar Usuario',)
16:00:22 - INF - get - ('Ejecutando servicio de listar publicaciones',)
16:00:22 - INF - get - ('Ejecutando servicio de listar solicitudes de amistad',)
16:00:22 - INF - get - ('Ejecutando servicio de Listar Usuario',)
16:00:22 - INF - get - ('Ejecutando servicio de Listar Usuario',)
16:03:12 - INF - get - ('Ejecutando servicio de Listar Usuario',)
16:03:12 - INF - get - ('Ejecutando servicio de Listar Usuario',)
16:03:56 - INF - get - ('Ejecutando servicio de Listar Usuario',)
16:03:56 - INF - get - ('Ejecutando servicio de listar solicitudes de amistad',)
16:03:56 - INF - get - ('Ejecutando servicio de Listar Usuario',)
16:03:56 - INF - get - ('Ejecutando servicio de listar solicitudes de amistad',)
16:03:56 - INF - get - ('Ejecutando servicio de Listar Usuario',)
16:03:56 - INF - get - ('Ejecutando servicio de Listar Usuario',)
16:06:13 - INF - get - ('Ejecutando servicio de Listar Usuario',)
16:06:49 - INF - get - ('Ejecutando servicio de Listar Usuario',)
16:06:49 - INF - get - ('Ejecutando servicio de listar solicitudes de amistad',)
16:06:49 - INF - get - ('Ejecutando servicio de Listar Usuario',)
16:06:49 - INF - get - ('Ejecutando servicio de listar solicitudes de amistad',)
16:07:50 - INF - get - ('Ejecutando servicio de Listar Usuario',)
16:07:50 - INF - get - ('Ejecutando servicio de listar solicitudes de amistad',)
16:07:50 - INF - get - ('Ejecutando servicio de Listar Usuario',)
16:07:50 - INF - get - ('Ejecutando servicio de listar solicitudes de amistad',)
16:07:50 - INF - get - ('Ejecutando servicio de Listar Usuario',)
16:07:50 - INF - get - ('Ejecutando servicio de Listar Usuario',)
16:07:56 - INF - get - ('Ejecutando servicio de listar publicaciones',)
16:07:56 - INF - get - ('Ejecutando servicio de listar publicaciones',)
16:09:23 - INF - get - ('Ejecutando servicio de Listar Usuario',)
16:09:44 - INF - get - ('Ejecutando servicio de Listar Usuario',)
16:09:44 - INF - get - ('Ejecutando servicio de listar solicitudes de amistad',)
16:09:44 - INF - get - ('Ejecutando servicio de Listar Usuario',)
16:09:44 - INF - get - ('Ejecutando servicio de listar solicitudes de amistad',)
16:10:51 - INF - get - ('Ejecutando servicio de Listar Usuario',)
16:10:51 - INF - get - ('Ejecutando servicio de Listar Usuario',)
16:12:17 - INF - post - ('Ejecutando servicio de Crear Usuario',)
16:12:24 - INF - post - ('Ejecutando servicio de Login',)
16:12:24 - INF - get - ('Ejecutando servicio de Listar Usuario',)
16:12:24 - INF - get - ('Ejecutando servicio de listar solicitudes de amistad',)
16:12:24 - INF - get - ('Ejecutando servicio de listar publicaciones',)
16:12:24 - INF - get - ('Ejecutando servicio de Listar Usuario',)
16:12:24 - INF - get - ('Ejecutando servicio de listar solicitudes de amistad',)
16:12:24 - INF - get - ('Ejecutando servicio de listar publicaciones',)
16:12:29 - INF - post - ('Ejecutando servicio de crear solicitud de amistad',)
16:16:39 - INF - post - ('Ejecutando servicio de crear solicitud de amistad',)
16:16:43 - INF - post - ('Ejecutando servicio de crear solicitud de amistad',)
16:21:44 - INF - get - ('Ejecutando servicio de Listar Usuario',)
16:22:08 - INF - get - ('Ejecutando servicio de Listar Usuario',)
16:22:08 - INF - get - ('Ejecutando servicio de listar solicitudes de amistad',)
16:22:08 - INF - get - ('Ejecutando servicio de listar publicaciones',)
16:22:15 - INF - post - ('Ejecutando servicio de crear solicitud de amistad',)
20:20:22 - INF - post - ('Ejecutando servicio de Login',)
20:20:22 - INF - get - ('Ejecutando servicio de Listar Usuario',)
20:20:22 - INF - get - ('Ejecutando servicio de listar solicitudes de amistad',)
20:20:22 - INF - get - ('Ejecutando servicio de listar publicaciones',)
20:20:22 - INF - get - ('Ejecutando servicio de Listar Usuario',)
20:20:22 - INF - get - ('Ejecutando servicio de listar publicaciones',)
20:20:22 - INF - get - ('Ejecutando servicio de listar solicitudes de amistad',)
20:20:31 - INF - post - ('Ejecutando servicio de crear solicitud de amistad',)
20:23:12 - INF - get - ('Ejecutando servicio de listar publicaciones',)
20:23:12 - INF - get - ('Ejecutando servicio de listar publicaciones',)
20:23:16 - INF - post - ('Ejecutando servicio de crear solicitud de amistad',)
20:23:47 - INF - post - ('Ejecutando servicio de Login',)
20:23:47 - INF - get - ('Ejecutando servicio de Listar Usuario',)
20:23:47 - INF - get - ('Ejecutando servicio de listar solicitudes de amistad',)
20:23:47 - INF - get - ('Ejecutando servicio de listar publicaciones',)
20:23:47 - INF - get - ('Ejecutando servicio de Listar Usuario',)
20:23:47 - INF - get - ('Ejecutando servicio de listar solicitudes de amistad',)
20:23:47 - INF - get - ('Ejecutando servicio de listar publicaciones',)
20:24:42 - INF - post - ('Ejecutando servicio de crear solicitud de amistad',)
20:24:51 - INF - post - ('Ejecutando servicio de crear solicitud de amistad',)
20:28:06 - INF - get - ('Ejecutando servicio de Listar Usuario',)
20:28:34 - INF - post - ('Ejecutando servicio de crear solicitud de amistad',)
20:28:37 - INF - post - ('Ejecutando servicio de crear solicitud de amistad',)
20:28:43 - INF - post - ('Ejecutando servicio de Login',)
20:28:43 - INF - get - ('Ejecutando servicio de Listar Usuario',)
20:28:43 - INF - get - ('Ejecutando servicio de listar publicaciones',)
20:28:43 - INF - get - ('Ejecutando servicio de listar solicitudes de amistad',)
20:28:43 - INF - get - ('Ejecutando servicio de Listar Usuario',)
20:28:43 - INF - get - ('Ejecutando servicio de listar solicitudes de amistad',)
20:28:43 - INF - get - ('Ejecutando servicio de listar publicaciones',)
20:29:30 - INF - post - ('Ejecutando servicio de crear solicitud de amistad',)
20:29:38 - INF - post - ('Ejecutando servicio de crear solicitud de amistad',)
20:31:45 - INF - get - ('Ejecutando servicio de Listar Usuario',)
20:31:45 - INF - get - ('Ejecutando servicio de listar solicitudes de amistad',)
20:31:45 - INF - get - ('Ejecutando servicio de listar publicaciones',)
20:31:51 - INF - post - ('Ejecutando servicio de Login',)
20:31:51 - INF - get - ('Ejecutando servicio de listar solicitudes de amistad',)
20:31:51 - INF - get - ('Ejecutando servicio de Listar Usuario',)
20:31:51 - INF - get - ('Ejecutando servicio de listar publicaciones',)
20:31:51 - INF - get - ('Ejecutando servicio de listar solicitudes de amistad',)
20:31:51 - INF - get - ('Ejecutando servicio de Listar Usuario',)
20:31:51 - INF - get - ('Ejecutando servicio de listar publicaciones',)
20:31:55 - INF - post - ('Ejecutando servicio de crear solicitud de amistad',)
20:32:05 - INF - post - ('Ejecutando servicio de crear solicitud de amistad',)
20:34:16 - INF - get - ('Ejecutando servicio de Listar Usuario',)
20:35:07 - INF - get - ('Ejecutando servicio de Listar Usuario',)
20:35:07 - INF - get - ('Ejecutando servicio de listar solicitudes de amistad',)
20:35:07 - INF - get - ('Ejecutando servicio de Listar Usuario',)
20:35:07 - INF - get - ('Ejecutando servicio de listar solicitudes de amistad',)
20:35:07 - INF - get - ('Ejecutando servicio de Listar Usuario',)
20:35:07 - INF - get - ('Ejecutando servicio de Listar Usuario',)
20:35:21 - INF - post - ('Ejecutando servicio de Login',)
20:35:21 - INF - get - ('Ejecutando servicio de listar solicitudes de amistad',)
20:35:21 - INF - get - ('Ejecutando servicio de Listar Usuario',)
20:35:21 - INF - get - ('Ejecutando servicio de listar publicaciones',)
20:35:21 - INF - get - ('Ejecutando servicio de listar solicitudes de amistad',)
20:35:21 - INF - get - ('Ejecutando servicio de Listar Usuario',)
20:35:21 - INF - get - ('Ejecutando servicio de listar publicaciones',)
20:35:21 - INF - get - ('Ejecutando servicio de Listar Usuario',)
20:35:21 - INF - get - ('Ejecutando servicio de Listar Usuario',)
20:35:26 - INF - post - ('Ejecutando servicio de crear solicitud de amistad',)
20:37:01 - INF - get - ('Ejecutando servicio de Listar Usuario',)
20:37:01 - INF - get - ('Ejecutando servicio de Listar Usuario',)
20:38:21 - INF - get - ('Ejecutando servicio de listar solicitudes de amistad',)
20:38:21 - INF - get - ('Ejecutando servicio de Listar Usuario',)
20:38:21 - INF - get - ('Ejecutando servicio de listar publicaciones',)
20:39:09 - INF - get - ('Ejecutando servicio de listar solicitudes de amistad',)
20:39:09 - INF - get - ('Ejecutando servicio de Listar Usuario',)
20:39:09 - INF - get - ('Ejecutando servicio de listar solicitudes de amistad',)
20:39:09 - INF - get - ('Ejecutando servicio de Listar Usuario',)
20:39:12 - INF - get - ('Ejecutando servicio de Listar Usuario',)
20:39:19 - INF - post - ('Ejecutando servicio de crear solicitud de amistad',)
20:41:05 - INF - get - ('Ejecutando servicio de Listar Usuario',)
20:49:33 - INF - get - ('Ejecutando servicio de listar solicitudes de amistad',)
20:49:33 - INF - get - ('Ejecutando servicio de Listar Usuario',)
20:49:33 - INF - get - ('Ejecutando servicio de listar publicaciones',)
20:50:43 - INF - get - ('Ejecutando servicio de listar solicitudes de amistad',)
20:50:43 - INF - get - ('Ejecutando servicio de Listar Usuario',)
20:53:29 - INF - get - ('Ejecutando servicio de listar amigos',)
20:53:29 - INF - get - ('Ejecutando servicio de listar solicitudes de amistad',)
20:53:29 - INF - get - ('Ejecutando servicio de Listar Usuario',)
20:53:29 - INF - get - ('Ejecutando servicio de listar solicitudes de amistad',)
20:53:29 - INF - get - ('Ejecutando servicio de listar amigos',)
20:53:29 - INF - get - ('Ejecutando servicio de Listar Usuario',)
21:05:41 - INF - get - ('Ejecutando servicio de listar solicitudes de amistad',)
21:05:41 - INF - get - ('Ejecutando servicio de Listar Usuario',)
21:05:42 - INF - get - ('Ejecutando servicio de listar solicitudes de amistad',)
21:05:42 - INF - get - ('Ejecutando servicio de Listar Usuario',)
21:10:51 - INF - post - ('Ejecutando servicio de Login',)
21:10:51 - INF - get - ('Ejecutando servicio de listar solicitudes de amistad',)
21:10:51 - INF - get - ('Ejecutando servicio de Listar Usuario',)
21:10:51 - INF - get - ('Ejecutando servicio de listar publicaciones',)
21:10:51 - INF - get - ('Ejecutando servicio de Listar Usuario',)
21:10:51 - INF - get - ('Ejecutando servicio de listar solicitudes de amistad',)
21:10:51 - INF - get - ('Ejecutando servicio de listar publicaciones',)
21:11:03 - INF - get - ('Ejecutando servicio de listar solicitudes de amistad',)
21:11:03 - INF - get - ('Ejecutando servicio de listar amigos',)
21:11:03 - INF - get - ('Ejecutando servicio de Listar Usuario',)
21:11:03 - INF - get - ('Ejecutando servicio de listar amigos',)
21:11:03 - INF - get - ('Ejecutando servicio de listar solicitudes de amistad',)
21:11:03 - INF - get - ('Ejecutando servicio de Listar Usuario',)
21:11:15 - INF - get - ('Ejecutando servicio de listar publicaciones',)
21:11:15 - INF - get - ('Ejecutando servicio de listar publicaciones',)
21:20:41 - INF - get - ('Ejecutando servicio de listar solicitudes de amistad',)
21:20:41 - INF - get - ('Ejecutando servicio de Listar Usuario',)
21:20:41 - INF - get - ('Ejecutando servicio de listar publicaciones',)
21:21:07 - INF - get - ('Ejecutando servicio de listar solicitudes de amistad',)
21:21:07 - INF - get - ('Ejecutando servicio de Listar Usuario',)
21:21:07 - INF - get - ('Ejecutando servicio de listar publicaciones',)
21:25:43 - INF - get - ('Ejecutando servicio de listar publicaciones',)
21:28:36 - INF - get - ('Ejecutando servicio de listar publicaciones',)
21:28:36 - INF - get - ('Ejecutando servicio de listar amigos',)
21:28:36 - INF - get - ('Ejecutando servicio de listar publicaciones',)
21:28:36 - INF - get - ('Ejecutando servicio de listar amigos',)
21:30:34 - INF - get - ('Ejecutando servicio de listar publicaciones',)
21:30:34 - INF - get - ('Ejecutando servicio de listar amigos',)
21:31:08 - INF - get - ('Ejecutando servicio de listar mensajes',)
21:31:08 - INF - get - ('Ejecutando servicio de listar mensajes',)
21:31:11 - INF - post - ('Ejecutando servicio de crear mensaje',)
21:31:15 - INF - get - ('Ejecutando servicio de listar mensajes',)
21:31:15 - INF - get - ('Ejecutando servicio de listar mensajes',)
21:31:17 - INF - post - ('Ejecutando servicio de crear mensaje',)
21:32:24 - INF - get - ('Ejecutando servicio de listar mensajes',)
21:32:24 - INF - get - ('Ejecutando servicio de listar mensajes',)
21:32:35 - INF - post - ('Ejecutando servicio de Login',)
21:32:35 - INF - get - ('Ejecutando servicio de listar solicitudes de amistad',)
21:32:35 - INF - get - ('Ejecutando servicio de Listar Usuario',)
21:32:35 - INF - get - ('Ejecutando servicio de listar publicaciones',)
21:32:35 - INF - get - ('Ejecutando servicio de listar amigos',)
21:32:35 - INF - get - ('Ejecutando servicio de listar solicitudes de amistad',)
21:32:35 - INF - get - ('Ejecutando servicio de Listar Usuario',)
21:32:35 - INF - get - ('Ejecutando servicio de listar amigos',)
21:32:35 - INF - get - ('Ejecutando servicio de listar publicaciones',)
21:32:51 - INF - post - ('Ejecutando servicio de crear publicación',)
21:32:52 - INF - post - ('Ejecutando servicio de crear publicación',)
21:33:02 - INF - get - ('Ejecutando servicio de listar publicaciones',)
21:33:02 - INF - get - ('Ejecutando servicio de listar amigos',)
21:33:02 - INF - get - ('Ejecutando servicio de listar publicaciones',)
21:33:02 - INF - get - ('Ejecutando servicio de listar amigos',)
21:33:42 - INF - get - ('Ejecutando servicio de listar mensajes',)
21:33:42 - INF - get - ('Ejecutando servicio de listar mensajes',)
21:33:51 - INF - post - ('Ejecutando servicio de crear mensaje',)
21:38:18 - INF - get - ('Ejecutando servicio de listar mensajes',)
21:38:24 - INF - post - ('Ejecutando servicio de Login',)
21:38:24 - INF - get - ('Ejecutando servicio de Listar Usuario',)
21:38:24 - INF - get - ('Ejecutando servicio de listar solicitudes de amistad',)
21:38:24 - INF - get - ('Ejecutando servicio de listar amigos',)
21:38:24 - INF - get - ('Ejecutando servicio de listar publicaciones',)
21:38:24 - INF - get - ('Ejecutando servicio de Listar Usuario',)
21:38:24 - INF - get - ('Ejecutando servicio de listar amigos',)
21:38:24 - INF - get - ('Ejecutando servicio de listar publicaciones',)
21:38:24 - INF - get - ('Ejecutando servicio de listar solicitudes de amistad',)
21:38:27 - INF - get - ('Ejecutando servicio de Listar Usuario',)
21:38:29 - INF - post - ('Ejecutando servicio de crear solicitud de amistad',)
21:41:54 - INF - get - ('Ejecutando servicio de listar publicaciones',)
21:41:54 - INF - get - ('Ejecutando servicio de listar amigos',)
21:42:14 - INF - post - ('Ejecutando servicio de Login',)
21:42:14 - INF - get - ('Ejecutando servicio de listar solicitudes de amistad',)
21:42:14 - INF - get - ('Ejecutando servicio de Listar Usuario',)
21:42:14 - INF - get - ('Ejecutando servicio de listar publicaciones',)
21:42:14 - INF - get - ('Ejecutando servicio de listar amigos',)
21:42:14 - INF - get - ('Ejecutando servicio de listar solicitudes de amistad',)
21:42:14 - INF - get - ('Ejecutando servicio de Listar Usuario',)
21:42:14 - INF - get - ('Ejecutando servicio de listar amigos',)
21:42:14 - INF - get - ('Ejecutando servicio de listar publicaciones',)
