17:35:33 - INF - <module> - ('Servicio Iniciado',)
17:35:34 - INF - <module> - ('Servicio Iniciado',)
17:36:01 - INF - get - ('Ejecutando servicio de listar publicaciones',)
17:45:42 - INF - <module> - ('Servicio Finalizado',)
17:45:43 - INF - <module> - ('Servicio Iniciado',)
17:45:59 - INF - <module> - ('Servicio Finalizado',)
17:46:00 - INF - <module> - ('Servicio Iniciado',)
17:46:01 - INF - <module> - ('Servicio Finalizado',)
17:46:01 - INF - <module> - ('Servicio Finalizado',)
17:46:09 - INF - <module> - ('Servicio Iniciado',)
17:46:10 - INF - <module> - ('Servicio Iniciado',)
17:46:14 - INF - get - ('Ejecutando servicio de listar publicaciones',)
17:57:27 - INF - get - ('Ejecutando servicio de listar publicaciones',)
18:07:38 - INF - get - ('Ejecutando servicio de listar historias',)
18:11:20 - INF - <module> - ('Servicio Finalizado',)
18:11:20 - INF - <module> - ('Servicio Iniciado',)
18:11:27 - INF - <module> - ('Servicio Finalizado',)
18:11:28 - INF - <module> - ('Servicio Iniciado',)
18:11:43 - INF - <module> - ('Servicio Finalizado',)
18:11:43 - INF - <module> - ('Servicio Finalizado',)
18:11:57 - INF - <module> - ('Servicio Iniciado',)
18:11:57 - INF - <module> - ('Servicio Iniciado',)
18:12:01 - INF - get - ('Ejecutando servicio de listar historias',)
18:17:05 - INF - get - ('Ejecutando servicio de listar solicitudes de amistad',)
18:18:00 - INF - <module> - ('Servicio Finalizado',)
18:18:01 - INF - <module> - ('Servicio Iniciado',)
18:18:24 - INF - <module> - ('Servicio Finalizado',)
18:18:25 - INF - <module> - ('Servicio Iniciado',)
18:18:29 - INF - get - ('Ejecutando servicio de listar solicitudes de amistad',)
18:19:17 - INF - get - ('Ejecutando servicio de listar amigos',)
18:20:05 - INF - <module> - ('Servicio Finalizado',)
18:20:06 - INF - <module> - ('Servicio Iniciado',)
18:20:34 - INF - <module> - ('Servicio Finalizado',)
18:20:35 - INF - <module> - ('Servicio Iniciado',)
18:20:43 - INF - get - ('Ejecutando servicio de listar amigos',)
18:21:02 - INF - <module> - ('Servicio Finalizado',)
18:21:03 - INF - <module> - ('Servicio Iniciado',)
18:21:06 - INF - get - ('Ejecutando servicio de listar amigos',)
18:21:52 - INF - get - ('Ejecutando servicio de listar mensajes',)
18:22:53 - INF - <module> - ('Servicio Finalizado',)
18:22:54 - INF - <module> - ('Servicio Iniciado',)
18:22:56 - INF - get - ('Ejecutando servicio de listar mensajes',)
18:24:18 - INF - get - ('Ejecutando servicio de listar reacciones',)
18:24:36 - INF - <module> - ('Servicio Finalizado',)
18:24:37 - INF - <module> - ('Servicio Iniciado',)
18:24:40 - INF - get - ('Ejecutando servicio de listar reacciones',)
18:26:20 - INF - get - ('Ejecutando servicio de listar comentarios',)
18:26:59 - INF - <module> - ('Servicio Finalizado',)
18:26:59 - INF - <module> - ('Servicio Iniciado',)
18:27:02 - INF - get - ('Ejecutando servicio de listar comentarios',)
18:38:19 - INF - <module> - ('Servicio Finalizado',)
18:38:19 - INF - <module> - ('Servicio Finalizado',)
