17:08:57 - INF - <module> - ('Servicio Iniciado',)
17:08:58 - INF - <module> - ('Servicio Iniciado',)
17:14:03 - INF - post - ('Ejecutando servicio de Login',)
17:18:55 - INF - get - ('Ejecutando servicio de Listar Usuario',)
17:19:55 - INF - get - ('Ejecutando servicio de Listar Usuario',)
17:20:06 - INF - get - ('Ejecutando servicio de Listar Usuario',)
17:21:11 - INF - <module> - ('Servicio Finalizado',)
17:21:11 - INF - <module> - ('Servicio Finalizado',)
17:21:29 - INF - <module> - ('Servicio Iniciado',)
17:21:29 - INF - <module> - ('Servicio Iniciado',)
17:21:55 - INF - get - ('Ejecutando servicio de Listar Usuario',)
17:22:10 - INF - post - ('Ejecutando servicio de Login',)
17:23:16 - INF - get - ('Ejecutando servicio de Listar Usuario',)
17:27:28 - INF - <module> - ('Servicio Finalizado',)
17:27:28 - INF - <module> - ('Servicio Finalizado',)
17:28:59 - INF - <module> - ('Servicio Iniciado',)
17:29:00 - INF - <module> - ('Servicio Iniciado',)
17:29:08 - INF - get - ('Ejecutando servicio de Listar Usuario',)
17:31:11 - INF - <module> - ('Servicio Finalizado',)
17:31:11 - INF - <module> - ('Servicio Finalizado',)
17:33:57 - INF - <module> - ('Servicio Iniciado',)
17:33:58 - INF - <module> - ('Servicio Iniciado',)
17:34:07 - INF - get - ('Ejecutando servicio de Listar Usuario',)
17:42:13 - INF - post - ('Ejecutando servicio de Crear Usuario',)
17:45:15 - INF - put - ('Ejecutando servicio de Actualizar Usuario',)
17:45:56 - INF - get - ('Ejecutando servicio de Listar Usuario',)
17:46:09 - INF - get - ('Ejecutando servicio de Listar Usuario',)
17:47:04 - INF - put - ('Ejecutando servicio de Actualizar Usuario',)
17:47:18 - INF - get - ('Ejecutando servicio de Listar Usuario',)
17:49:00 - INF - delete - ('Ejecutando servicio de Eliminar Usuario',)
17:49:04 - INF - get - ('Ejecutando servicio de Listar Usuario',)
17:51:45 - INF - get - ('Ejecutando servicio de Listar Usuario',)
17:53:48 - INF - put - ('Ejecutando servicio de Actualizar Usuario',)
17:53:52 - INF - get - ('Ejecutando servicio de Listar Usuario',)
17:56:45 - INF - <module> - ('Servicio Finalizado',)
17:56:45 - INF - <module> - ('Servicio Finalizado',)
18:10:47 - INF - <module> - ('Servicio Iniciado',)
18:10:47 - INF - <module> - ('Servicio Iniciado',)
18:10:58 - INF - get - ('Ejecutando servicio de Listar Usuario',)
18:11:21 - INF - put - ('Ejecutando servicio de Actualizar Usuario',)
18:11:26 - INF - get - ('Ejecutando servicio de Listar Usuario',)
18:11:52 - INF - put - ('Ejecutando servicio de Actualizar Usuario',)
18:11:55 - INF - get - ('Ejecutando servicio de Listar Usuario',)
18:12:12 - INF - delete - ('Ejecutando servicio de Eliminar Usuario',)
18:12:17 - INF - get - ('Ejecutando servicio de Listar Usuario',)
18:14:04 - INF - put - ('Ejecutando servicio de Actualizar Usuario',)
18:14:57 - INF - put - ('Ejecutando servicio de Actualizar Usuario',)
18:15:00 - INF - get - ('Ejecutando servicio de Listar Usuario',)
18:16:57 - INF - get - ('Ejecutando servicio de Listar Usuario',)
18:19:48 - INF - <module> - ('Servicio Finalizado',)
18:19:48 - INF - <module> - ('Servicio Finalizado',)
18:21:00 - INF - <module> - ('Servicio Iniciado',)
18:21:01 - INF - <module> - ('Servicio Iniciado',)
18:21:05 - INF - get - ('Ejecutando servicio de Listar Usuario',)
18:21:16 - INF - put - ('Ejecutando servicio de Actualizar Usuario',)
18:21:20 - INF - get - ('Ejecutando servicio de Listar Usuario',)
18:23:58 - INF - get - ('Ejecutando servicio de Listar Usuario',)
18:24:30 - INF - delete - ('Ejecutando servicio de Eliminar Usuario',)
18:24:58 - INF - get - ('Ejecutando servicio de Listar Usuario',)
18:28:15 - INF - <module> - ('Servicio Finalizado',)
18:28:15 - INF - <module> - ('Servicio Finalizado',)
18:47:26 - INF - <module> - ('Servicio Iniciado',)
18:47:27 - INF - <module> - ('Servicio Iniciado',)
18:47:53 - INF - get - ('Ejecutando servicio de listar publicaciones',)
18:53:30 - INF - put - ('Ejecutando servicio de actualizar publicación',)
18:55:13 - INF - put - ('Ejecutando servicio de actualizar publicación',)
19:04:07 - INF - post - ('Ejecutando servicio de crear publicación',)
19:05:00 - INF - delete - ('Ejecutando servicio de eliminar publicación',)
19:05:20 - INF - put - ('Ejecutando servicio de actualizar publicación',)
19:06:29 - INF - post - ('Ejecutando servicio de crear publicación',)
19:12:08 - INF - <module> - ('Servicio Finalizado',)
19:12:09 - INF - <module> - ('Servicio Iniciado',)
19:17:41 - INF - <module> - ('Servicio Finalizado',)
19:17:41 - INF - <module> - ('Servicio Finalizado',)
21:57:07 - INF - <module> - ('Servicio Iniciado',)
21:57:07 - INF - <module> - ('Servicio Iniciado',)
22:23:51 - INF - <module> - ('Servicio Finalizado',)
22:23:51 - INF - <module> - ('Servicio Finalizado',)
