20:08:05 - INF - <module> - ('Servicio Iniciado',)
20:08:05 - INF - <module> - ('Servicio Iniciado',)
20:08:41 - INF - post - ('Ejecutando servicio de Login',)
20:08:41 - INF - get - ('Executing user ID retrieval service',)
20:08:41 - INF - get_user_id - ("Resultado de la consulta: {'result': True, 'data': RealDictRow({'id': 7}), 'message': None}",)
20:08:42 - INF - get - ('Ejecutando servicio de listar solicitudes de amistad',)
20:08:42 - INF - get - ('Ejecutando servicio de Listar Usuario',)
20:08:42 - INF - get - ('Ejecutando servicio de listar publicaciones',)
20:08:42 - INF - get - ('Ejecutando servicio de listar solicitudes de amistad',)
20:08:42 - INF - get - ('Ejecutando servicio de Listar Usuario',)
20:08:42 - INF - get - ('Ejecutando servicio de listar publicaciones',)
20:08:42 - INF - get - ('Ejecutando servicio de Listar Usuario',)
20:08:42 - INF - get - ('Ejecutando servicio de Listar Usuario',)
20:12:18 - INF - <module> - ('Servicio Finalizado',)
20:12:18 - INF - <module> - ('Servicio Finalizado',)
20:25:42 - INF - <module> - ('Servicio Iniciado',)
20:25:43 - INF - <module> - ('Servicio Iniciado',)
20:45:03 - INF - post - ('Ejecutando servicio de Crear Usuario',)
21:04:00 - INF - <module> - ('Servicio Finalizado',)
21:04:00 - INF - <module> - ('Servicio Finalizado',)
