00:07:26 - INF - <module> - ('Servicio Finalizado',)
00:07:28 - INF - <module> - ('Servicio Iniciado',)
00:07:30 - INF - <module> - ('Servicio Finalizado',)
00:07:30 - INF - <module> - ('Servicio Finalizado',)
00:08:08 - INF - <module> - ('Servicio Iniciado',)
00:08:08 - INF - <module> - ('Servicio Iniciado',)
00:12:28 - INF - <module> - ('Servicio Finalizado',)
00:12:29 - INF - <module> - ('Servicio Finalizado',)
00:12:49 - INF - <module> - ('Servicio Iniciado',)
00:12:50 - INF - <module> - ('Servicio Iniciado',)
00:13:12 - INF - get - ('Ejecutando servicio de obtener mensajes por remitente y destinatario',)
00:14:12 - INF - get - ('Ejecutando servicio de listar solicitudes de amistad',)
00:14:12 - INF - get - ('Ejecutando servicio de Listar Usuario',)
00:14:12 - INF - get - ('Ejecutando servicio de listar publicaciones',)
00:14:12 - INF - get - ('Ejecutando servicio de Listar Usuario',)
00:15:54 - INF - post - ('Ejecutando servicio de Login',)
00:15:54 - INF - get - ('Executing user ID retrieval service',)
00:15:54 - INF - get_user_id - ("Resultado de la consulta: {'result': True, 'data': RealDictRow({'id': 7}), 'message': None}",)
00:15:54 - INF - get - ('Ejecutando servicio de listar solicitudes de amistad',)
00:15:55 - INF - get - ('Ejecutando servicio de listar publicaciones',)
00:15:55 - INF - get - ('Ejecutando servicio de Listar Usuario',)
00:15:55 - INF - get - ('Ejecutando servicio de Listar Usuario',)
00:15:55 - INF - get - ('Ejecutando servicio de listar publicaciones',)
00:15:55 - INF - get - ('Ejecutando servicio de Listar Usuario',)
00:15:55 - INF - get - ('Ejecutando servicio de listar solicitudes de amistad',)
00:15:55 - INF - get - ('Ejecutando servicio de Listar Usuario',)
00:15:57 - INF - get - ('Ejecutando servicio de obtener mensajes por remitente y destinatario',)
00:15:57 - INF - get - ('Ejecutando servicio de obtener mensajes por remitente y destinatario',)
00:15:59 - INF - get - ('Ejecutando servicio de obtener mensajes por remitente y destinatario',)
00:16:00 - INF - get - ('Ejecutando servicio de obtener mensajes por remitente y destinatario',)
00:16:00 - INF - get - ('Ejecutando servicio de obtener mensajes por remitente y destinatario',)
00:16:01 - INF - get - ('Ejecutando servicio de obtener mensajes por remitente y destinatario',)
00:16:02 - INF - get - ('Ejecutando servicio de obtener mensajes por remitente y destinatario',)
00:16:57 - INF - post - ('Ejecutando servicio de crear mensaje',)
00:17:03 - INF - get - ('Ejecutando servicio de obtener mensajes por remitente y destinatario',)
00:17:03 - INF - get - ('Ejecutando servicio de obtener mensajes por remitente y destinatario',)
00:17:04 - INF - get - ('Ejecutando servicio de obtener mensajes por remitente y destinatario',)
00:17:04 - INF - get - ('Ejecutando servicio de obtener mensajes por remitente y destinatario',)
00:17:05 - INF - get - ('Ejecutando servicio de obtener mensajes por remitente y destinatario',)
00:17:05 - INF - get - ('Ejecutando servicio de obtener mensajes por remitente y destinatario',)
00:17:06 - INF - get - ('Ejecutando servicio de obtener mensajes por remitente y destinatario',)
00:17:06 - INF - get - ('Ejecutando servicio de obtener mensajes por remitente y destinatario',)
00:21:47 - INF - get - ('Ejecutando servicio de obtener mensajes por remitente y destinatario',)
00:21:50 - INF - get - ('Ejecutando servicio de obtener mensajes por remitente y destinatario',)
00:21:50 - INF - get - ('Ejecutando servicio de obtener mensajes por remitente y destinatario',)
00:21:53 - INF - get - ('Ejecutando servicio de obtener mensajes por remitente y destinatario',)
00:21:53 - INF - get - ('Ejecutando servicio de obtener mensajes por remitente y destinatario',)
00:22:13 - INF - get - ('Ejecutando servicio de obtener mensajes por remitente y destinatario',)
00:22:13 - INF - get - ('Ejecutando servicio de obtener mensajes por remitente y destinatario',)
00:24:13 - INF - get - ('Ejecutando servicio de obtener mensajes por remitente y destinatario',)
00:24:13 - INF - get - ('Ejecutando servicio de obtener mensajes por remitente y destinatario',)
00:24:19 - INF - post - ('Ejecutando servicio de Login',)
00:24:19 - INF - get - ('Executing user ID retrieval service',)
00:24:19 - INF - get_user_id - ("Resultado de la consulta: {'result': True, 'data': RealDictRow({'id': 7}), 'message': None}",)
00:24:19 - INF - get - ('Ejecutando servicio de listar solicitudes de amistad',)
00:24:19 - INF - get - ('Ejecutando servicio de Listar Usuario',)
00:24:19 - INF - get - ('Ejecutando servicio de listar publicaciones',)
00:24:19 - INF - get - ('Ejecutando servicio de listar solicitudes de amistad',)
00:24:19 - INF - get - ('Ejecutando servicio de Listar Usuario',)
00:24:19 - INF - get - ('Ejecutando servicio de listar publicaciones',)
00:24:19 - INF - get - ('Ejecutando servicio de Listar Usuario',)
00:24:19 - INF - get - ('Ejecutando servicio de Listar Usuario',)
00:24:21 - INF - get - ('Ejecutando servicio de obtener mensajes por remitente y destinatario',)
00:24:21 - INF - get - ('Ejecutando servicio de obtener mensajes por remitente y destinatario',)
00:27:13 - INF - get - ('Ejecutando servicio de obtener mensajes por remitente y destinatario',)
00:29:59 - INF - get - ('Ejecutando servicio de obtener mensajes por remitente y destinatario',)
00:30:02 - INF - get - ('Ejecutando servicio de obtener mensajes por remitente y destinatario',)
00:30:02 - INF - get - ('Ejecutando servicio de obtener mensajes por remitente y destinatario',)
00:33:26 - INF - get - ('Ejecutando servicio de obtener mensajes por remitente y destinatario',)
00:33:26 - INF - get - ('Ejecutando servicio de obtener mensajes por remitente y destinatario',)
00:35:16 - INF - get - ('Ejecutando servicio de obtener mensajes por remitente y destinatario',)
00:38:00 - INF - get - ('Ejecutando servicio de obtener mensajes por remitente y destinatario',)
01:14:50 - INF - post - ('Ejecutando servicio de Login',)
01:14:50 - INF - get - ('Executing user ID retrieval service',)
01:14:50 - INF - get_user_id - ("Resultado de la consulta: {'result': True, 'data': RealDictRow({'id': 7}), 'message': None}",)
01:14:50 - INF - get - ('Ejecutando servicio de Listar Usuario',)
01:14:50 - INF - get - ('Ejecutando servicio de listar solicitudes de amistad',)
01:14:50 - INF - get - ('Ejecutando servicio de listar publicaciones',)
01:14:50 - INF - get - ('Ejecutando servicio de Listar Usuario',)
01:14:50 - INF - get - ('Ejecutando servicio de listar publicaciones',)
01:14:50 - INF - get - ('Ejecutando servicio de listar solicitudes de amistad',)
01:14:50 - INF - get - ('Ejecutando servicio de Listar Usuario',)
01:14:50 - INF - get - ('Ejecutando servicio de Listar Usuario',)
01:15:04 - INF - get - ('Ejecutando servicio de obtener mensajes por remitente y destinatario',)
01:15:04 - INF - get - ('Ejecutando servicio de obtener mensajes por remitente y destinatario',)
01:16:08 - INF - post - ('Ejecutando servicio de Login',)
01:16:08 - INF - get - ('Executing user ID retrieval service',)
01:16:08 - INF - get_user_id - ("Resultado de la consulta: {'result': True, 'data': RealDictRow({'id': 7}), 'message': None}",)
01:16:08 - INF - get - ('Ejecutando servicio de listar solicitudes de amistad',)
01:16:08 - INF - get - ('Ejecutando servicio de Listar Usuario',)
01:16:08 - INF - get - ('Ejecutando servicio de listar publicaciones',)
01:16:08 - INF - get - ('Ejecutando servicio de listar solicitudes de amistad',)
01:16:08 - INF - get - ('Ejecutando servicio de listar publicaciones',)
01:16:08 - INF - get - ('Ejecutando servicio de Listar Usuario',)
01:16:08 - INF - get - ('Ejecutando servicio de Listar Usuario',)
01:16:08 - INF - get - ('Ejecutando servicio de Listar Usuario',)
01:16:11 - INF - get - ('Ejecutando servicio de obtener mensajes por remitente y destinatario',)
01:16:11 - INF - get - ('Ejecutando servicio de obtener mensajes por remitente y destinatario',)
01:18:14 - INF - get - ('Ejecutando servicio de obtener mensajes por remitente y destinatario',)
01:19:07 - INF - post - ('Ejecutando servicio de Login',)
01:19:07 - INF - get - ('Executing user ID retrieval service',)
01:19:08 - INF - get_user_id - ("Resultado de la consulta: {'result': True, 'data': RealDictRow({'id': 7}), 'message': None}",)
01:19:08 - INF - get - ('Ejecutando servicio de listar solicitudes de amistad',)
01:19:08 - INF - get - ('Ejecutando servicio de listar publicaciones',)
01:19:08 - INF - get - ('Ejecutando servicio de Listar Usuario',)
01:19:08 - INF - get - ('Ejecutando servicio de listar solicitudes de amistad',)
01:19:08 - INF - get - ('Ejecutando servicio de listar publicaciones',)
01:19:08 - INF - get - ('Ejecutando servicio de Listar Usuario',)
01:19:08 - INF - get - ('Ejecutando servicio de Listar Usuario',)
01:19:46 - INF - get - ('Ejecutando servicio de obtener mensajes por remitente y destinatario',)
01:19:46 - INF - get - ('Ejecutando servicio de obtener mensajes por remitente y destinatario',)
01:19:48 - INF - get - ('Ejecutando servicio de obtener mensajes por remitente y destinatario',)
01:19:48 - INF - get - ('Ejecutando servicio de obtener mensajes por remitente y destinatario',)
01:20:05 - INF - get - ('Ejecutando servicio de obtener mensajes por remitente y destinatario',)
01:20:05 - INF - get - ('Ejecutando servicio de obtener mensajes por remitente y destinatario',)
01:20:26 - INF - get - ('Ejecutando servicio de obtener mensajes por remitente y destinatario',)
01:21:20 - INF - get - ('Ejecutando servicio de obtener mensajes por remitente y destinatario',)
01:21:41 - INF - get - ('Ejecutando servicio de obtener mensajes por remitente y destinatario',)
01:22:36 - INF - get - ('Ejecutando servicio de obtener mensajes por remitente y destinatario',)
01:22:42 - INF - post - ('Ejecutando servicio de Login',)
01:22:42 - INF - get - ('Executing user ID retrieval service',)
01:22:42 - INF - get_user_id - ("Resultado de la consulta: {'result': True, 'data': RealDictRow({'id': 7}), 'message': None}",)
01:22:42 - INF - get - ('Ejecutando servicio de listar solicitudes de amistad',)
01:22:42 - INF - get - ('Ejecutando servicio de Listar Usuario',)
01:22:42 - INF - get - ('Ejecutando servicio de listar publicaciones',)
01:22:42 - INF - get - ('Ejecutando servicio de listar solicitudes de amistad',)
01:22:42 - INF - get - ('Ejecutando servicio de listar publicaciones',)
01:22:42 - INF - get - ('Ejecutando servicio de Listar Usuario',)
01:22:42 - INF - get - ('Ejecutando servicio de Listar Usuario',)
01:22:43 - INF - get - ('Ejecutando servicio de Listar Usuario',)
01:22:46 - INF - get - ('Ejecutando servicio de obtener mensajes por remitente y destinatario',)
01:22:46 - INF - get - ('Ejecutando servicio de obtener mensajes por remitente y destinatario',)
01:24:54 - INF - get - ('Ejecutando servicio de obtener mensajes por remitente y destinatario',)
01:25:21 - INF - post - ('Ejecutando servicio de Login',)
01:25:21 - INF - get - ('Executing user ID retrieval service',)
01:25:21 - INF - get_user_id - ("Resultado de la consulta: {'result': True, 'data': RealDictRow({'id': 7}), 'message': None}",)
01:25:21 - INF - get - ('Ejecutando servicio de Listar Usuario',)
s',)
01:25:21 - INF - get - ('Ejecutando servicio de listar solicitudes de amistad',)
01:25:21 - INF - get - ('Ejecutando servicio de listar publicaciones',)
01:25:21 - INF - get - ('Ejecutando servicio de listar solicitudes de amistad',)
01:25:21 - INF - get - ('Ejecutando servicio de Listar Usuario',)
01:25:21 - INF - get - ('Ejecutando servicio de Listar Usuario',)
01:25:21 - INF - get - ('Ejecutando servicio de Listar Usuario',)
01:25:24 - INF - get - ('Ejecutando servicio de obtener mensajes por remitente y destinatario',)
01:25:24 - INF - get - ('Ejecutando servicio de obtener mensajes por remitente y destinatario',)
01:26:25 - INF - get - ('Ejecutando servicio de obtener mensajes por remitente y destinatario',)
01:27:16 - INF - post - ('Ejecutando servicio de Login',)
01:27:16 - INF - get - ('Executing user ID retrieval service',)
01:27:16 - INF - get_user_id - ("Resultado de la consulta: {'result': True, 'data': RealDictRow({'id': 7}), 'message': None}",)
01:27:16 - INF - get - ('Ejecutando servicio de listar solicitudes de amistad',)
01:27:16 - INF - get - ('Ejecutando servicio de Listar Usuario',)
01:27:16 - INF - get - ('Ejecutando servicio de listar publicaciones',)
01:27:17 - INF - get - ('Ejecutando servicio de listar publicaciones',)
01:27:17 - INF - get - ('Ejecutando servicio de Listar Usuario',)
01:27:17 - INF - get - ('Ejecutando servicio de listar solicitudes de amistad',)
01:27:17 - INF - get - ('Ejecutando servicio de Listar Usuario',)
01:27:17 - INF - get - ('Ejecutando servicio de Listar Usuario',)
01:27:19 - INF - get - ('Ejecutando servicio de obtener mensajes por remitente y destinatario',)
01:27:19 - INF - get - ('Ejecutando servicio de obtener mensajes por remitente y destinatario',)
01:27:34 - INF - get - ('Ejecutando servicio de obtener mensajes por remitente y destinatario',)
01:27:37 - INF - get - ('Ejecutando servicio de obtener mensajes por remitente y destinatario',)
01:27:38 - INF - get - ('Ejecutando servicio de obtener mensajes por remitente y destinatario',)
01:27:39 - INF - get - ('Ejecutando servicio de obtener mensajes por remitente y destinatario',)
01:28:23 - INF - get - ('Ejecutando servicio de obtener mensajes por remitente y destinatario',)
01:28:23 - INF - get - ('Ejecutando servicio de obtener mensajes por remitente y destinatario',)
01:28:32 - INF - post - ('Ejecutando servicio de crear mensaje',)
02:09:25 - INF - post - ('Ejecutando servicio de Login',)
02:09:25 - INF - get - ('Executing user ID retrieval service',)
02:09:25 - INF - get_user_id - ("Resultado de la consulta: {'result': True, 'data': RealDictRow({'id': 7}), 'message': None}",)
02:09:25 - INF - get - ('Ejecutando servicio de Listar Usuario',)
02:09:25 - INF - get - ('Ejecutando servicio de listar solicitudes de amistad',)
02:09:25 - INF - get - ('Ejecutando servicio de listar publicaciones',)
02:09:25 - INF - get - ('Ejecutando servicio de listar solicitudes de amistad',)
02:09:25 - INF - get - ('Ejecutando servicio de listar publicaciones',)
02:09:25 - INF - get - ('Ejecutando servicio de Listar Usuario',)
02:09:25 - INF - get - ('Ejecutando servicio de Listar Usuario',)
02:09:25 - INF - get - ('Ejecutando servicio de Listar Usuario',)
02:09:27 - INF - get - ('Ejecutando servicio de obtener mensajes por remitente y destinatario',)
02:09:27 - INF - get - ('Ejecutando servicio de obtener mensajes por remitente y destinatario',)
02:09:34 - INF - post - ('Ejecutando servicio de crear mensaje',)
02:10:59 - INF - post - ('Ejecutando servicio de Login',)
02:10:59 - INF - get - ('Executing user ID retrieval service',)
02:10:59 - INF - get_user_id - ("Resultado de la consulta: {'result': True, 'data': RealDictRow({'id': 7}), 'message': None}",)
02:10:59 - INF - get - ('Ejecutando servicio de listar publicaciones',)
02:10:59 - INF - get - ('Ejecutando servicio de listar solicitudes de amistad',)
02:10:59 - INF - get - ('Ejecutando servicio de listar publicaciones',)
02:10:59 - INF - get - ('Ejecutando servicio de Listar Usuario',)
02:10:59 - INF - get - ('Ejecutando servicio de listar solicitudes de amistad',)
02:10:59 - INF - get - ('Ejecutando servicio de Listar Usuario',)
02:10:59 - INF - get - ('Ejecutando servicio de Listar Usuario',)
02:11:01 - INF - get - ('Ejecutando servicio de obtener mensajes por remitente y destinatario',)
02:11:01 - INF - get - ('Ejecutando servicio de obtener mensajes por remitente y destinatario',)
02:11:07 - INF - post - ('Ejecutando servicio de crear mensaje',)
02:11:59 - INF - post - ('Ejecutando servicio de Login',)
02:11:59 - INF - get - ('Executing user ID retrieval service',)
02:11:59 - INF - get_user_id - ("Resultado de la consulta: {'result': True, 'data': RealDictRow({'id': 7}), 'message': None}",)
02:11:59 - INF - get - ('Ejecutando servicio de listar solicitudes de amistad',)
02:11:59 - INF - get - ('Ejecutando servicio de Listar Usuario',)
02:11:59 - INF - get - ('Ejecutando servicio de listar publicaciones',)
02:11:59 - INF - get - ('Ejecutando servicio de listar solicitudes de amistad',)
02:11:59 - INF - get - ('Ejecutando servicio de Listar Usuario',)
02:11:59 - INF - get - ('Ejecutando servicio de listar publicaciones',)
02:11:59 - INF - get - ('Ejecutando servicio de Listar Usuario',)
02:11:59 - INF - get - ('Ejecutando servicio de Listar Usuario',)
02:12:02 - INF - get - ('Ejecutando servicio de obtener mensajes por remitente y destinatario',)
02:12:02 - INF - get - ('Ejecutando servicio de obtener mensajes por remitente y destinatario',)
02:12:03 - INF - get - ('Ejecutando servicio de obtener mensajes por remitente y destinatario',)
02:12:04 - INF - get - ('Ejecutando servicio de obtener mensajes por remitente y destinatario',)
02:12:04 - INF - get - ('Ejecutando servicio de obtener mensajes por remitente y destinatario',)
02:12:05 - INF - get - ('Ejecutando servicio de obtener mensajes por remitente y destinatario',)
02:12:05 - INF - get - ('Ejecutando servicio de obtener mensajes por remitente y destinatario',)
02:12:06 - INF - get - ('Ejecutando servicio de obtener mensajes por remitente y destinatario',)
02:12:29 - INF - get - ('Ejecutando servicio de obtener mensajes por remitente y destinatario',)
02:12:29 - INF - get - ('Ejecutando servicio de obtener mensajes por remitente y destinatario',)
02:12:30 - INF - get - ('Ejecutando servicio de obtener mensajes por remitente y destinatario',)
02:12:36 - INF - post - ('Ejecutando servicio de crear mensaje',)
02:14:05 - INF - post - ('Ejecutando servicio de Login',)
02:14:05 - INF - get - ('Executing user ID retrieval service',)
02:14:05 - INF - get_user_id - ("Resultado de la consulta: {'result': True, 'data': RealDictRow({'id': 7}), 'message': None}",)
02:14:05 - INF - get - ('Ejecutando servicio de listar solicitudes de amistad',)
02:14:05 - INF - get - ('Ejecutando servicio de Listar Usuario',)
02:14:05 - INF - get - ('Ejecutando servicio de listar publicaciones',)
02:14:05 - INF - get - ('Ejecutando servicio de listar solicitudes de amistad',)
02:14:05 - INF - get - ('Ejecutando servicio de Listar Usuario',)
02:14:05 - INF - get - ('Ejecutando servicio de listar publicaciones',)
02:14:05 - INF - get - ('Ejecutando servicio de Listar Usuario',)
02:14:05 - INF - get - ('Ejecutando servicio de Listar Usuario',)
02:14:07 - INF - get - ('Ejecutando servicio de obtener mensajes por remitente y destinatario',)
02:14:07 - INF - get - ('Ejecutando servicio de obtener mensajes por remitente y destinatario',)
02:14:11 - INF - post - ('Ejecutando servicio de crear mensaje',)
02:14:39 - INF - post - ('Ejecutando servicio de Login',)
02:14:39 - INF - get - ('Executing user ID retrieval service',)
02:14:40 - INF - get_user_id - ("Resultado de la consulta: {'result': True, 'data': RealDictRow({'id': 7}), 'message': None}",)
02:14:40 - INF - get - ('Ejecutando servicio de listar solicitudes de amistad',)
02:14:40 - INF - get - ('Ejecutando servicio de Listar Usuario',)
02:14:40 - INF - get - ('Ejecutando servicio de listar publicaciones',)
02:14:40 - INF - get - ('Ejecutando servicio de listar solicitudes de amistad',)
02:14:40 - INF - get - ('Ejecutando servicio de Listar Usuario',)
02:14:40 - INF - get - ('Ejecutando servicio de listar publicaciones',)
02:14:40 - INF - get - ('Ejecutando servicio de Listar Usuario',)
02:14:40 - INF - get - ('Ejecutando servicio de Listar Usuario',)
02:14:41 - INF - get - ('Ejecutando servicio de obtener mensajes por remitente y destinatario',)
02:14:41 - INF - get - ('Ejecutando servicio de obtener mensajes por remitente y destinatario',)
02:14:46 - INF - get - ('Ejecutando servicio de obtener mensajes por remitente y destinatario',)
02:14:47 - INF - get - ('Ejecutando servicio de obtener mensajes por remitente y destinatario',)
02:14:48 - INF - get - ('Ejecutando servicio de obtener mensajes por remitente y destinatario',)
02:14:59 - INF - post - ('Ejecutando servicio de crear mensaje',)
02:18:20 - INF - get - ('Ejecutando servicio de obtener mensajes por remitente y destinatario',)
02:18:24 - INF - get - ('Ejecutando servicio de obtener mensajes por remitente y destinatario',)
02:18:24 - INF - get - ('Ejecutando servicio de obtener mensajes por remitente y destinatario',)
02:18:29 - INF - post - ('Ejecutando servicio de Login',)
02:18:29 - INF - get - ('Executing user ID retrieval service',)
02:18:29 - INF - get_user_id - ("Resultado de la consulta: {'result': True, 'data': RealDictRow({'id': 7}), 'message': None}",)
02:18:29 - INF - get - ('Ejecutando servicio de listar solicitudes de amistad',)
02:18:29 - INF - get - ('Ejecutando servicio de Listar Usuario',)
02:18:29 - INF - get - ('Ejecutando servicio de listar publicaciones',)
02:18:29 - INF - get - ('Ejecutando servicio de listar solicitudes de amistad',)
02:18:29 - INF - get - ('Ejecutando servicio de Listar Usuario',)
02:18:29 - INF - get - ('Ejecutando servicio de listar publicaciones',)
02:18:29 - INF - get - ('Ejecutando servicio de Listar Usuario',)
02:18:29 - INF - get - ('Ejecutando servicio de Listar Usuario',)
02:18:31 - INF - get - ('Ejecutando servicio de obtener mensajes por remitente y destinatario',)
02:18:31 - INF - get - ('Ejecutando servicio de obtener mensajes por remitente y destinatario',)
02:19:31 - INF - get - ('Ejecutando servicio de obtener mensajes por remitente y destinatario',)
02:19:33 - INF - get - ('Ejecutando servicio de obtener mensajes por remitente y destinatario',)
02:19:34 - INF - get - ('Ejecutando servicio de obtener mensajes por remitente y destinatario',)
02:20:39 - INF - post - ('Ejecutando servicio de Login',)
02:20:39 - INF - get - ('Executing user ID retrieval service',)
02:20:39 - INF - get_user_id - ("Resultado de la consulta: {'result': True, 'data': RealDictRow({'id': 7}), 'message': None}",)
02:20:39 - INF - get - ('Ejecutando servicio de listar solicitudes de amistad',)
02:20:39 - INF - get - ('Ejecutando servicio de Listar Usuario',)
02:20:39 - INF - get - ('Ejecutando servicio de listar publicaciones',)
02:20:39 - INF - get - ('Ejecutando servicio de listar solicitudes de amistad',)
02:20:39 - INF - get - ('Ejecutando servicio de Listar Usuario',)
02:20:39 - INF - get - ('Ejecutando servicio de listar publicaciones',)
02:20:39 - INF - get - ('Ejecutando servicio de Listar Usuario',)
02:20:39 - INF - get - ('Ejecutando servicio de Listar Usuario',)
02:20:46 - INF - get - ('Ejecutando servicio de obtener mensajes por remitente y destinatario',)
02:20:46 - INF - get - ('Ejecutando servicio de obtener mensajes por remitente y destinatario',)
02:20:51 - INF - post - ('Ejecutando servicio de crear mensaje',)
02:20:51 - INF - get - ('Ejecutando servicio de obtener mensajes por remitente y destinatario',)
02:21:19 - INF - get - ('Ejecutando servicio de obtener mensajes por remitente y destinatario',)
02:21:19 - INF - get - ('Ejecutando servicio de obtener mensajes por remitente y destinatario',)
02:24:30 - INF - get - ('Ejecutando servicio de obtener mensajes por remitente y destinatario',)
02:24:39 - INF - post - ('Ejecutando servicio de Login',)
02:24:39 - INF - get - ('Executing user ID retrieval service',)
02:24:39 - INF - get_user_id - ("Resultado de la consulta: {'result': True, 'data': RealDictRow({'id': 2}), 'message': None}",)
02:24:39 - INF - get - ('Ejecutando servicio de listar solicitudes de amistad',)
02:24:39 - INF - get - ('Ejecutando servicio de Listar Usuario',)
02:24:39 - INF - get - ('Ejecutando servicio de listar publicaciones',)
02:24:39 - INF - get - ('Ejecutando servicio de Listar Usuario',)
02:24:39 - INF - get - ('Ejecutando servicio de listar publicaciones',)
02:24:39 - INF - get - ('Ejecutando servicio de listar solicitudes de amistad',)
02:24:39 - INF - get - ('Ejecutando servicio de Listar Usuario',)
02:24:40 - INF - get - ('Ejecutando servicio de Listar Usuario',)
02:24:42 - INF - get - ('Ejecutando servicio de obtener mensajes por remitente y destinatario',)
02:24:42 - INF - get - ('Ejecutando servicio de obtener mensajes por remitente y destinatario',)
02:24:45 - INF - get - ('Ejecutando servicio de obtener mensajes por remitente y destinatario',)
02:24:46 - INF - get - ('Ejecutando servicio de obtener mensajes por remitente y destinatario',)
02:24:47 - INF - get - ('Ejecutando servicio de obtener mensajes por remitente y destinatario',)
02:24:48 - INF - get - ('Ejecutando servicio de obtener mensajes por remitente y destinatario',)
02:24:49 - INF - get - ('Ejecutando servicio de obtener mensajes por remitente y destinatario',)
02:24:50 - INF - get - ('Ejecutando servicio de obtener mensajes por remitente y destinatario',)
02:24:55 - INF - post - ('Ejecutando servicio de crear mensaje',)
02:24:58 - INF - get - ('Ejecutando servicio de obtener mensajes por remitente y destinatario',)
02:24:58 - INF - get - ('Ejecutando servicio de obtener mensajes por remitente y destinatario',)
02:25:06 - INF - post - ('Ejecutando servicio de crear mensaje',)
02:25:16 - INF - post - ('Ejecutando servicio de crear mensaje',)
02:27:51 - INF - post - ('Ejecutando servicio de Login',)
02:27:51 - INF - get - ('Executing user ID retrieval service',)
02:27:51 - INF - get_user_id - ("Resultado de la consulta: {'result': True, 'data': RealDictRow({'id': 7}), 'message': None}",)
02:27:51 - INF - get - ('Ejecutando servicio de Listar Usuario',)
02:27:51 - INF - get - ('Ejecutando servicio de listar solicitudes de amistad',)
02:27:51 - INF - get - ('Ejecutando servicio de listar publicaciones',)
02:27:51 - INF - get - ('Ejecutando servicio de Listar Usuario',)
02:27:51 - INF - get - ('Ejecutando servicio de listar solicitudes de amistad',)
02:27:51 - INF - get - ('Ejecutando servicio de listar publicaciones',)
02:27:51 - INF - get - ('Ejecutando servicio de Listar Usuario',)
02:27:51 - INF - get - ('Ejecutando servicio de Listar Usuario',)
02:27:53 - INF - get - ('Ejecutando servicio de obtener mensajes por remitente y destinatario',)
02:27:53 - INF - get - ('Ejecutando servicio de obtener mensajes por remitente y destinatario',)
02:27:58 - INF - get - ('Ejecutando servicio de obtener mensajes por remitente y destinatario',)
02:27:58 - INF - post - ('Ejecutando servicio de crear mensaje',)
02:28:03 - INF - get - ('Ejecutando servicio de obtener mensajes por remitente y destinatario',)
02:28:06 - INF - post - ('Ejecutando servicio de crear mensaje',)
02:28:08 - INF - get - ('Ejecutando servicio de obtener mensajes por remitente y destinatario',)
02:28:13 - INF - get - ('Ejecutando servicio de obtener mensajes por remitente y destinatario',)
02:28:14 - INF - post - ('Ejecutando servicio de crear mensaje',)
02:28:18 - INF - get - ('Ejecutando servicio de obtener mensajes por remitente y destinatario',)
02:28:23 - INF - get - ('Ejecutando servicio de obtener mensajes por remitente y destinatario',)
02:28:29 - INF - get - ('Ejecutando servicio de obtener mensajes por remitente y destinatario',)
02:28:34 - INF - get - ('Ejecutando servicio de obtener mensajes por remitente y destinatario',)
02:28:39 - INF - get - ('Ejecutando servicio de obtener mensajes por remitente y destinatario',)
02:28:44 - INF - get - ('Ejecutando servicio de obtener mensajes por remitente y destinatario',)
02:28:49 - INF - get - ('Ejecutando servicio de obtener mensajes por remitente y destinatario',)
02:28:54 - INF - get - ('Ejecutando servicio de obtener mensajes por remitente y destinatario',)
02:28:59 - INF - get - ('Ejecutando servicio de obtener mensajes por remitente y destinatario',)
02:29:04 - INF - get - ('Ejecutando servicio de obtener mensajes por remitente y destinatario',)
02:29:09 - INF - get - ('Ejecutando servicio de obtener mensajes por remitente y destinatario',)
02:29:14 - INF - get - ('Ejecutando servicio de obtener mensajes por remitente y destinatario',)
02:29:19 - INF - get - ('Ejecutando servicio de obtener mensajes por remitente y destinatario',)
02:29:24 - INF - get - ('Ejecutando servicio de obtener mensajes por remitente y destinatario',)
02:29:58 - INF - get - ('Ejecutando servicio de obtener mensajes por remitente y destinatario',)
02:31:47 - INF - get - ('Ejecutando servicio de obtener mensajes por remitente y destinatario',)
02:31:47 - INF - get - ('Ejecutando servicio de obtener mensajes por remitente y destinatario',)
02:32:24 - INF - get - ('Ejecutando servicio de obtener mensajes por remitente y destinatario',)
02:32:24 - INF - get - ('Ejecutando servicio de obtener mensajes por remitente y destinatario',)
02:34:31 - INF - post - ('Ejecutando servicio de Login',)
02:34:31 - INF - get - ('Executing user ID retrieval service',)
02:34:31 - INF - get_user_id - ("Resultado de la consulta: {'result': True, 'data': RealDictRow({'id': 7}), 'message': None}",)
02:34:31 - INF - get - ('Ejecutando servicio de listar solicitudes de amistad',)
02:34:31 - INF - get - ('Ejecutando servicio de Listar Usuario',)
02:34:31 - INF - get - ('Ejecutando servicio de listar publicaciones',)
02:34:31 - INF - get - ('Ejecutando servicio de listar solicitudes de amistad',)
02:34:31 - INF - get - ('Ejecutando servicio de Listar Usuario',)
02:34:31 - INF - get - ('Ejecutando servicio de listar publicaciones',)
02:34:31 - INF - get - ('Ejecutando servicio de Listar Usuario',)
02:34:31 - INF - get - ('Ejecutando servicio de Listar Usuario',)
02:34:33 - INF - get - ('Ejecutando servicio de obtener mensajes por remitente y destinatario',)
02:34:33 - INF - get - ('Ejecutando servicio de obtener mensajes por remitente y destinatario',)
02:36:35 - INF - get - ('Ejecutando servicio de obtener mensajes por remitente y destinatario',)
02:36:35 - INF - get - ('Ejecutando servicio de obtener mensajes por remitente y destinatario',)
02:36:41 - INF - get - ('Ejecutando servicio de obtener mensajes por remitente y destinatario',)
02:36:46 - INF - get - ('Ejecutando servicio de obtener mensajes por remitente y destinatario',)
02:36:51 - INF - get - ('Ejecutando servicio de obtener mensajes por remitente y destinatario',)
02:36:56 - INF - get - ('Ejecutando servicio de obtener mensajes por remitente y destinatario',)
02:37:01 - INF - get - ('Ejecutando servicio de obtener mensajes por remitente y destinatario',)
02:37:06 - INF - get - ('Ejecutando servicio de obtener mensajes por remitente y destinatario',)
02:37:11 - INF - get - ('Ejecutando servicio de obtener mensajes por remitente y destinatario',)
02:37:16 - INF - get - ('Ejecutando servicio de obtener mensajes por remitente y destinatario',)
02:37:21 - INF - get - ('Ejecutando servicio de obtener mensajes por remitente y destinatario',)
02:37:26 - INF - get - ('Ejecutando servicio de obtener mensajes por remitente y destinatario',)
02:37:31 - INF - get - ('Ejecutando servicio de obtener mensajes por remitente y destinatario',)
02:37:36 - INF - get - ('Ejecutando servicio de obtener mensajes por remitente y destinatario',)
02:38:08 - INF - get - ('Ejecutando servicio de obtener mensajes por remitente y destinatario',)
02:38:41 - INF - get - ('Ejecutando servicio de obtener mensajes por remitente y destinatario',)
02:38:46 - INF - get - ('Ejecutando servicio de obtener mensajes por remitente y destinatario',)
02:38:52 - INF - post - ('Ejecutando servicio de Login',)
02:38:52 - INF - get - ('Executing user ID retrieval service',)
02:38:52 - INF - get_user_id - ("Resultado de la consulta: {'result': True, 'data': RealDictRow({'id': 1}), 'message': None}",)
02:38:52 - INF - get - ('Ejecutando servicio de listar solicitudes de amistad',)
02:38:52 - INF - get - ('Ejecutando servicio de Listar Usuario',)
02:38:52 - INF - get - ('Ejecutando servicio de listar publicaciones',)
02:38:52 - INF - get - ('Ejecutando servicio de Listar Usuario',)
02:38:52 - INF - get - ('Ejecutando servicio de listar solicitudes de amistad',)
02:38:52 - INF - get - ('Ejecutando servicio de listar publicaciones',)
02:38:52 - INF - get - ('Ejecutando servicio de Listar Usuario',)
02:38:52 - INF - get - ('Ejecutando servicio de Listar Usuario',)
02:38:54 - INF - get - ('Ejecutando servicio de obtener mensajes por remitente y destinatario',)
02:38:54 - INF - get - ('Ejecutando servicio de obtener mensajes por remitente y destinatario',)
02:38:59 - INF - get - ('Ejecutando servicio de obtener mensajes por remitente y destinatario',)
02:39:04 - INF - get - ('Ejecutando servicio de obtener mensajes por remitente y destinatario',)
02:39:09 - INF - get - ('Ejecutando servicio de obtener mensajes por remitente y destinatario',)
02:39:09 - INF - post - ('Ejecutando servicio de crear mensaje',)
02:39:14 - INF - get - ('Ejecutando servicio de obtener mensajes por remitente y destinatario',)
02:39:19 - INF - post - ('Ejecutando servicio de Login',)
02:39:19 - INF - get - ('Executing user ID retrieval service',)
02:39:19 - INF - get_user_id - ("Resultado de la consulta: {'result': True, 'data': RealDictRow({'id': 7}), 'message': None}",)
02:39:19 - INF - get - ('Ejecutando servicio de listar solicitudes de amistad',)
02:39:19 - INF - get - ('Ejecutando servicio de Listar Usuario',)
02:39:19 - INF - get - ('Ejecutando servicio de listar publicaciones',)
02:39:19 - INF - get - ('Ejecutando servicio de listar solicitudes de amistad',)
02:39:19 - INF - get - ('Ejecutando servicio de Listar Usuario',)
02:39:19 - INF - get - ('Ejecutando servicio de listar publicaciones',)
02:39:20 - INF - get - ('Ejecutando servicio de Listar Usuario',)
02:39:20 - INF - get - ('Ejecutando servicio de Listar Usuario',)
02:39:23 - INF - get - ('Ejecutando servicio de obtener mensajes por remitente y destinatario',)
02:39:23 - INF - get - ('Ejecutando servicio de obtener mensajes por remitente y destinatario',)
02:39:28 - INF - get - ('Ejecutando servicio de obtener mensajes por remitente y destinatario',)
02:41:54 - INF - get - ('Ejecutando servicio de obtener mensajes por remitente y destinatario',)
02:41:54 - INF - get - ('Ejecutando servicio de obtener mensajes por remitente y destinatario',)
02:41:57 - INF - get - ('Ejecutando servicio de obtener mensajes por remitente y destinatario',)
02:42:02 - INF - get - ('Ejecutando servicio de obtener mensajes por remitente y destinatario',)
02:42:07 - INF - get - ('Ejecutando servicio de obtener mensajes por remitente y destinatario',)
02:42:12 - INF - get - ('Ejecutando servicio de obtener mensajes por remitente y destinatario',)
02:42:17 - INF - get - ('Ejecutando servicio de obtener mensajes por remitente y destinatario',)
02:42:22 - INF - get - ('Ejecutando servicio de obtener mensajes por remitente y destinatario',)
02:42:27 - INF - get - ('Ejecutando servicio de obtener mensajes por remitente y destinatario',)
02:42:32 - INF - get - ('Ejecutando servicio de obtener mensajes por remitente y destinatario',)
02:42:37 - INF - get - ('Ejecutando servicio de obtener mensajes por remitente y destinatario',)
02:42:42 - INF - get - ('Ejecutando servicio de obtener mensajes por remitente y destinatario',)
02:42:47 - INF - get - ('Ejecutando servicio de obtener mensajes por remitente y destinatario',)
02:42:52 - INF - get - ('Ejecutando servicio de obtener mensajes por remitente y destinatario',)
02:42:57 - INF - get - ('Ejecutando servicio de obtener mensajes por remitente y destinatario',)
02:43:08 - INF - get - ('Ejecutando servicio de obtener mensajes por remitente y destinatario',)
02:43:14 - INF - get - ('Ejecutando servicio de obtener mensajes por remitente y destinatario',)
02:43:17 - INF - get - ('Ejecutando servicio de obtener mensajes por remitente y destinatario',)
02:43:22 - INF - get - ('Ejecutando servicio de obtener mensajes por remitente y destinatario',)
02:43:27 - INF - get - ('Ejecutando servicio de obtener mensajes por remitente y destinatario',)
02:43:32 - INF - get - ('Ejecutando servicio de obtener mensajes por remitente y destinatario',)
02:43:37 - INF - get - ('Ejecutando servicio de obtener mensajes por remitente y destinatario',)
02:43:42 - INF - get - ('Ejecutando servicio de obtener mensajes por remitente y destinatario',)
02:43:47 - INF - get - ('Ejecutando servicio de obtener mensajes por remitente y destinatario',)
02:43:52 - INF - get - ('Ejecutando servicio de obtener mensajes por remitente y destinatario',)
02:43:54 - INF - post - ('Ejecutando servicio de Login',)
02:43:54 - INF - get - ('Executing user ID retrieval service',)
02:43:54 - INF - get_user_id - ("Resultado de la consulta: {'result': True, 'data': RealDictRow({'id': 1}), 'message': None}",)
02:43:54 - INF - get - ('Ejecutando servicio de Listar Usuario',)
02:43:54 - INF - get - ('Ejecutando servicio de listar solicitudes de amistad',)
02:43:54 - INF - get - ('Ejecutando servicio de listar publicaciones',)
02:43:54 - INF - get - ('Ejecutando servicio de Listar Usuario',)
02:43:54 - INF - get - ('Ejecutando servicio de listar solicitudes de amistad',)
02:43:54 - INF - get - ('Ejecutando servicio de listar publicaciones',)
02:43:54 - INF - get - ('Ejecutando servicio de Listar Usuario',)
02:43:54 - INF - get - ('Ejecutando servicio de Listar Usuario',)
02:43:57 - INF - get - ('Ejecutando servicio de obtener mensajes por remitente y destinatario',)
02:43:59 - INF - get - ('Ejecutando servicio de obtener mensajes por remitente y destinatario',)
02:43:59 - INF - get - ('Ejecutando servicio de obtener mensajes por remitente y destinatario',)
02:44:02 - INF - get - ('Ejecutando servicio de obtener mensajes por remitente y destinatario',)
02:44:04 - INF - post - ('Ejecutando servicio de crear mensaje',)
02:44:04 - INF - get - ('Ejecutando servicio de obtener mensajes por remitente y destinatario',)
02:44:07 - INF - get - ('Ejecutando servicio de obtener mensajes por remitente y destinatario',)
02:44:10 - INF - get - ('Ejecutando servicio de obtener mensajes por remitente y destinatario',)
02:44:12 - INF - get - ('Ejecutando servicio de obtener mensajes por remitente y destinatario',)
02:44:12 - INF - post - ('Ejecutando servicio de crear mensaje',)
02:44:15 - INF - get - ('Ejecutando servicio de obtener mensajes por remitente y destinatario',)
02:44:17 - INF - get - ('Ejecutando servicio de obtener mensajes por remitente y destinatario',)
02:44:19 - INF - get - ('Ejecutando servicio de obtener mensajes por remitente y destinatario',)
02:44:22 - INF - get - ('Ejecutando servicio de obtener mensajes por remitente y destinatario',)
02:44:24 - INF - get - ('Ejecutando servicio de obtener mensajes por remitente y destinatario',)
02:44:27 - INF - get - ('Ejecutando servicio de obtener mensajes por remitente y destinatario',)
02:44:30 - INF - get - ('Ejecutando servicio de obtener mensajes por remitente y destinatario',)
02:44:32 - INF - get - ('Ejecutando servicio de obtener mensajes por remitente y destinatario',)
02:44:35 - INF - get - ('Ejecutando servicio de obtener mensajes por remitente y destinatario',)
02:44:37 - INF - get - ('Ejecutando servicio de obtener mensajes por remitente y destinatario',)
02:44:40 - INF - get - ('Ejecutando servicio de obtener mensajes por remitente y destinatario',)
02:44:42 - INF - get - ('Ejecutando servicio de obtener mensajes por remitente y destinatario',)
02:44:45 - INF - get - ('Ejecutando servicio de obtener mensajes por remitente y destinatario',)
02:44:47 - INF - get - ('Ejecutando servicio de obtener mensajes por remitente y destinatario',)
02:44:50 - INF - get - ('Ejecutando servicio de obtener mensajes por remitente y destinatario',)
02:44:52 - INF - get - ('Ejecutando servicio de obtener mensajes por remitente y destinatario',)
02:44:55 - INF - get - ('Ejecutando servicio de obtener mensajes por remitente y destinatario',)
02:44:57 - INF - get - ('Ejecutando servicio de obtener mensajes por remitente y destinatario',)
02:45:00 - INF - get - ('Ejecutando servicio de obtener mensajes por remitente y destinatario',)
02:45:02 - INF - get - ('Ejecutando servicio de obtener mensajes por remitente y destinatario',)
02:45:05 - INF - get - ('Ejecutando servicio de obtener mensajes por remitente y destinatario',)
02:45:07 - INF - get - ('Ejecutando servicio de obtener mensajes por remitente y destinatario',)
02:45:10 - INF - get - ('Ejecutando servicio de obtener mensajes por remitente y destinatario',)
02:45:12 - INF - get - ('Ejecutando servicio de obtener mensajes por remitente y destinatario',)
02:45:15 - INF - get - ('Ejecutando servicio de obtener mensajes por remitente y destinatario',)
02:45:17 - INF - get - ('Ejecutando servicio de obtener mensajes por remitente y destinatario',)
02:45:20 - INF - get - ('Ejecutando servicio de obtener mensajes por remitente y destinatario',)
02:45:25 - INF - get - ('Ejecutando servicio de obtener mensajes por remitente y destinatario',)
02:45:30 - INF - get - ('Ejecutando servicio de obtener mensajes por remitente y destinatario',)
02:45:40 - INF - get - ('Ejecutando servicio de obtener mensajes por remitente y destinatario',)
02:45:43 - INF - get - ('Ejecutando servicio de obtener detalles del usuario: 1',)
02:45:43 - INF - get - ('Ejecutando servicio de obtener publicaciones del usuario: 1',)
02:45:43 - INF - get - ('Ejecutando servicio de obtener detalles del usuario: 1',)
02:45:43 - INF - get - ('Ejecutando servicio de obtener publicaciones del usuario: 1',)
02:46:06 - INF - get - ('Ejecutando servicio de Listar Usuario',)
02:46:06 - INF - get - ('Ejecutando servicio de listar solicitudes de amistad',)
02:46:08 - INF - get - ('Ejecutando servicio de obtener mensajes por remitente y destinatario',)
02:46:10 - INF - post - ('Ejecutando servicio de crear solicitud de amistad',)
02:46:10 - INF - post - ("Datos recibidos: {'remitente_id': 1, 'destinatario_id': 5, 'estado': 'pendiente'}",)
02:46:16 - INF - get - ('Ejecutando servicio de Listar Usuario',)
02:46:16 - INF - get - ('Ejecutando servicio de listar publicaciones',)
02:46:16 - INF - get - ('Ejecutando servicio de Listar Usuario',)
02:46:16 - INF - get - ('Ejecutando servicio de listar publicaciones',)
02:46:23 - INF - post - ('Ejecutando servicio de crear publicación',)
02:46:26 - INF - get - ('Ejecutando servicio de obtener detalles del usuario: 1',)
02:46:26 - INF - get - ('Ejecutando servicio de obtener publicaciones del usuario: 1',)
02:46:26 - INF - get - ('Ejecutando servicio de obtener detalles del usuario: 1',)
02:46:26 - INF - get - ('Ejecutando servicio de obtener publicaciones del usuario: 1',)
02:46:27 - INF - get - ('Ejecutando servicio de Listar Usuario',)
02:46:27 - INF - get - ('Ejecutando servicio de listar publicaciones',)
02:46:27 - INF - get - ('Ejecutando servicio de Listar Usuario',)
02:46:27 - INF - get - ('Ejecutando servicio de listar publicaciones',)
02:46:55 - INF - <module> - ('Servicio Finalizado',)
02:46:55 - INF - <module> - ('Servicio Finalizado',)
21:43:25 - INF - <module> - ('Servicio Iniciado',)
21:43:26 - INF - <module> - ('Servicio Iniciado',)
21:44:54 - INF - post - ('Ejecutando servicio de Login',)
21:44:54 - INF - get - ('Executing user ID retrieval service',)
21:44:54 - INF - get_user_id - ("Resultado de la consulta: {'result': True, 'data': RealDictRow({'id': 1}), 'message': None}",)
21:44:54 - INF - get - ('Ejecutando servicio de listar solicitudes de amistad',)
21:44:54 - INF - get - ('Ejecutando servicio de Listar Usuario',)
21:44:54 - INF - get - ('Ejecutando servicio de listar publicaciones',)
21:44:54 - INF - get - ('Ejecutando servicio de listar publicaciones',)
21:44:54 - INF - get - ('Ejecutando servicio de listar solicitudes de amistad',)
21:44:54 - INF - get - ('Ejecutando servicio de Listar Usuario',)
21:44:54 - INF - get - ('Ejecutando servicio de Listar Usuario',)
21:44:54 - INF - get - ('Ejecutando servicio de Listar Usuario',)
21:45:02 - INF - get - ('Ejecutando servicio de obtener detalles del usuario: 1',)
21:45:02 - INF - get - ('Ejecutando servicio de obtener publicaciones del usuario: 1',)
21:45:02 - INF - get - ('Ejecutando servicio de obtener detalles del usuario: 1',)
21:45:02 - INF - get - ('Ejecutando servicio de obtener publicaciones del usuario: 1',)
21:45:07 - INF - get - ('Ejecutando servicio de listar publicaciones',)
21:45:07 - INF - get - ('Ejecutando servicio de Listar Usuario',)
21:45:07 - INF - get - ('Ejecutando servicio de listar publicaciones',)
21:45:07 - INF - get - ('Ejecutando servicio de Listar Usuario',)
21:45:09 - INF - get - ('Ejecutando servicio de obtener mensajes por remitente y destinatario',)
21:45:09 - INF - get - ('Ejecutando servicio de obtener mensajes por remitente y destinatario',)
21:45:14 - INF - get - ('Ejecutando servicio de obtener mensajes por remitente y destinatario',)
21:45:19 - INF - get - ('Ejecutando servicio de obtener mensajes por remitente y destinatario',)
21:45:21 - INF - post - ('Ejecutando servicio de crear mensaje',)
21:45:24 - INF - get - ('Ejecutando servicio de obtener mensajes por remitente y destinatario',)
21:45:29 - INF - get - ('Ejecutando servicio de obtener mensajes por remitente y destinatario',)
21:45:34 - INF - get - ('Ejecutando servicio de obtener mensajes por remitente y destinatario',)
21:45:39 - INF - get - ('Ejecutando servicio de obtener mensajes por remitente y destinatario',)
21:45:44 - INF - get - ('Ejecutando servicio de obtener mensajes por remitente y destinatario',)
21:45:47 - INF - post - ('Ejecutando servicio de crear publicación',)
21:45:49 - INF - get - ('Ejecutando servicio de obtener detalles del usuario: 1',)
21:45:49 - INF - get - ('Ejecutando servicio de obtener publicaciones del usuario: 1',)
21:45:49 - INF - get - ('Ejecutando servicio de obtener detalles del usuario: 1',)
21:45:49 - INF - get - ('Ejecutando servicio de obtener publicaciones del usuario: 1',)
21:45:56 - INF - get - ('Ejecutando servicio de listar publicaciones',)
21:45:56 - INF - get - ('Ejecutando servicio de Listar Usuario',)
21:45:56 - INF - get - ('Ejecutando servicio de listar publicaciones',)
21:45:56 - INF - get - ('Ejecutando servicio de Listar Usuario',)
21:46:02 - INF - get - ('Ejecutando servicio de Listar Usuario',)
21:46:02 - INF - get - ('Ejecutando servicio de listar solicitudes de amistad',)
21:46:05 - INF - post - ('Ejecutando servicio de crear solicitud de amistad',)
21:46:05 - INF - post - ("Datos recibidos: {'remitente_id': 1, 'destinatario_id': 3, 'estado': 'pendiente'}",)
21:49:33 - INF - post - ('Ejecutando servicio de Crear Usuario',)
21:49:41 - INF - post - ('Ejecutando servicio de Login',)
21:49:41 - INF - get - ('Executing user ID retrieval service',)
21:49:41 - INF - get_user_id - ("Resultado de la consulta: {'result': True, 'data': RealDictRow({'id': 8}), 'message': None}",)
21:49:41 - INF - get - ('Ejecutando servicio de listar solicitudes de amistad',)
21:49:41 - INF - get - ('Ejecutando servicio de Listar Usuario',)
21:49:41 - INF - get - ('Ejecutando servicio de listar publicaciones',)
21:49:41 - INF - get - ('Ejecutando servicio de listar solicitudes de amistad',)
21:49:41 - INF - get - ('Ejecutando servicio de listar publicaciones',)
21:49:41 - INF - get - ('Ejecutando servicio de Listar Usuario',)
21:49:41 - INF - get - ('Ejecutando servicio de Listar Usuario',)
21:49:41 - INF - get - ('Ejecutando servicio de Listar Usuario',)
21:50:53 - INF - post - ('Ejecutando servicio de Login',)
21:50:53 - INF - get - ('Executing user ID retrieval service',)
21:50:53 - INF - get_user_id - ("Resultado de la consulta: {'result': True, 'data': RealDictRow({'id': 7}), 'message': None}",)
21:50:53 - INF - get - ('Ejecutando servicio de listar solicitudes de amistad',)
21:50:53 - INF - get - ('Ejecutando servicio de Listar Usuario',)
21:50:53 - INF - get - ('Ejecutando servicio de listar publicaciones',)
21:50:53 - INF - get - ('Ejecutando servicio de Listar Usuario',)
21:50:53 - INF - get - ('Ejecutando servicio de listar solicitudes de amistad',)
21:50:53 - INF - get - ('Ejecutando servicio de listar publicaciones',)
21:50:53 - INF - get - ('Ejecutando servicio de Listar Usuario',)
21:50:53 - INF - get - ('Ejecutando servicio de Listar Usuario',)
21:50:59 - INF - get - ('Ejecutando servicio de obtener mensajes por remitente y destinatario',)
21:50:59 - INF - get - ('Ejecutando servicio de obtener mensajes por remitente y destinatario',)
21:51:05 - INF - get - ('Ejecutando servicio de obtener mensajes por remitente y destinatario',)
21:51:05 - INF - get - ('Ejecutando servicio de obtener mensajes por remitente y destinatario',)
21:51:05 - INF - get - ('Ejecutando servicio de obtener mensajes por remitente y destinatario',)
21:51:10 - INF - get - ('Ejecutando servicio de obtener mensajes por remitente y destinatario',)
21:51:10 - INF - get - ('Ejecutando servicio de obtener mensajes por remitente y destinatario',)
21:51:14 - INF - post - ('Ejecutando servicio de crear mensaje',)
21:51:15 - INF - get - ('Ejecutando servicio de obtener mensajes por remitente y destinatario',)
21:51:15 - INF - get - ('Ejecutando servicio de obtener mensajes por remitente y destinatario',)
21:51:20 - INF - get - ('Ejecutando servicio de obtener mensajes por remitente y destinatario',)
21:51:20 - INF - get - ('Ejecutando servicio de obtener mensajes por remitente y destinatario',)
21:51:24 - INF - get - ('Ejecutando servicio de obtener mensajes por remitente y destinatario',)
21:51:26 - INF - get - ('Ejecutando servicio de obtener mensajes por remitente y destinatario',)
21:51:30 - INF - get - ('Ejecutando servicio de obtener mensajes por remitente y destinatario',)
21:51:30 - INF - get - ('Ejecutando servicio de obtener mensajes por remitente y destinatario',)
21:51:34 - INF - get - ('Ejecutando servicio de obtener mensajes por remitente y destinatario',)
21:51:36 - INF - get - ('Ejecutando servicio de obtener mensajes por remitente y destinatario',)
21:51:39 - INF - get - ('Ejecutando servicio de obtener mensajes por remitente y destinatario',)
21:51:40 - INF - post - ('Ejecutando servicio de crear mensaje',)
21:51:41 - INF - get - ('Ejecutando servicio de obtener mensajes por remitente y destinatario',)
21:51:44 - INF - get - ('Ejecutando servicio de obtener mensajes por remitente y destinatario',)
21:51:46 - INF - get - ('Ejecutando servicio de obtener mensajes por remitente y destinatario',)
21:51:49 - INF - get - ('Ejecutando servicio de obtener mensajes por remitente y destinatario',)
21:51:51 - INF - get - ('Ejecutando servicio de obtener mensajes por remitente y destinatario',)
21:51:54 - INF - get - ('Ejecutando servicio de obtener mensajes por remitente y destinatario',)
21:51:56 - INF - get - ('Ejecutando servicio de obtener mensajes por remitente y destinatario',)
21:51:59 - INF - get - ('Ejecutando servicio de obtener mensajes por remitente y destinatario',)
21:52:01 - INF - get - ('Ejecutando servicio de obtener mensajes por remitente y destinatario',)
21:52:04 - INF - get - ('Ejecutando servicio de obtener mensajes por remitente y destinatario',)
21:52:06 - INF - get - ('Ejecutando servicio de obtener mensajes por remitente y destinatario',)
21:52:09 - INF - get - ('Ejecutando servicio de obtener mensajes por remitente y destinatario',)
21:52:11 - INF - get - ('Ejecutando servicio de obtener mensajes por remitente y destinatario',)
21:52:14 - INF - get - ('Ejecutando servicio de obtener mensajes por remitente y destinatario',)
21:52:15 - INF - post - ('Ejecutando servicio de crear publicación',)
21:52:16 - INF - get - ('Ejecutando servicio de obtener mensajes por remitente y destinatario',)
21:52:18 - INF - get - ('Ejecutando servicio de obtener detalles del usuario: 8',)
21:52:18 - INF - get - ('Ejecutando servicio de obtener publicaciones del usuario: 8',)
21:52:18 - INF - get - ('Ejecutando servicio de obtener detalles del usuario: 8',)
21:52:18 - INF - get - ('Ejecutando servicio de obtener publicaciones del usuario: 8',)
21:52:21 - INF - get - ('Ejecutando servicio de obtener mensajes por remitente y destinatario',)
21:52:24 - INF - get - ('Ejecutando servicio de Listar Usuario',)
21:52:24 - INF - get - ('Ejecutando servicio de listar publicaciones',)
21:52:24 - INF - get - ('Ejecutando servicio de Listar Usuario',)
21:52:24 - INF - get - ('Ejecutando servicio de listar publicaciones',)
21:52:26 - INF - get - ('Ejecutando servicio de obtener mensajes por remitente y destinatario',)
21:52:31 - INF - get - ('Ejecutando servicio de obtener mensajes por remitente y destinatario',)
21:52:32 - INF - get - ('Ejecutando servicio de Listar Usuario',)
21:52:32 - INF - get - ('Ejecutando servicio de listar solicitudes de amistad',)
21:52:36 - INF - get - ('Ejecutando servicio de obtener mensajes por remitente y destinatario',)
21:52:41 - INF - get - ('Ejecutando servicio de obtener mensajes por remitente y destinatario',)
21:52:46 - INF - get - ('Ejecutando servicio de obtener mensajes por remitente y destinatario',)
21:52:49 - INF - post - ('Ejecutando servicio de crear solicitud de amistad',)
21:52:49 - INF - post - ("Datos recibidos: {'remitente_id': 8, 'destinatario_id': 7, 'estado': 'pendiente'}",)
21:53:08 - INF - get - ('Ejecutando servicio de obtener mensajes por remitente y destinatario',)
21:54:08 - INF - get - ('Ejecutando servicio de obtener mensajes por remitente y destinatario',)
21:54:21 - INF - get - ('Ejecutando servicio de obtener publicaciones del usuario: 8',)
21:54:21 - INF - get - ('Ejecutando servicio de obtener detalles del usuario: 8',)
21:54:21 - INF - get - ('Ejecutando servicio de obtener publicaciones del usuario: 8',)
21:54:21 - INF - get - ('Ejecutando servicio de obtener detalles del usuario: 8',)
21:54:24 - INF - get - ('Ejecutando servicio de listar publicaciones',)
21:54:24 - INF - get - ('Ejecutando servicio de Listar Usuario',)
21:54:24 - INF - get - ('Ejecutando servicio de listar publicaciones',)
21:54:24 - INF - get - ('Ejecutando servicio de Listar Usuario',)
21:55:08 - INF - get - ('Ejecutando servicio de obtener mensajes por remitente y destinatario',)
21:56:05 - INF - post - ('Ejecutando servicio de Login',)
21:56:05 - INF - get - ('Executing user ID retrieval service',)
21:56:05 - INF - get_user_id - ("Resultado de la consulta: {'result': True, 'data': RealDictRow({'id': 1}), 'message': None}",)
21:56:05 - INF - get - ('Ejecutando servicio de Listar Usuario',)
21:56:05 - INF - get - ('Ejecutando servicio de listar solicitudes de amistad',)
21:56:05 - INF - get - ('Ejecutando servicio de listar publicaciones',)
21:56:05 - INF - get - ('Ejecutando servicio de listar solicitudes de amistad',)
21:56:05 - INF - get - ('Ejecutando servicio de Listar Usuario',)
21:56:05 - INF - get - ('Ejecutando servicio de listar publicaciones',)
21:56:05 - INF - get - ('Ejecutando servicio de Listar Usuario',)
21:56:05 - INF - get - ('Ejecutando servicio de Listar Usuario',)
21:56:08 - INF - get - ('Ejecutando servicio de obtener mensajes por remitente y destinatario',)
21:56:16 - INF - post - ('Ejecutando servicio de Login',)
21:56:16 - INF - get - ('Executing user ID retrieval service',)
21:56:16 - INF - get_user_id - ("Resultado de la consulta: {'result': True, 'data': RealDictRow({'id': 5}), 'message': None}",)
21:56:16 - INF - get - ('Ejecutando servicio de Listar Usuario',)
21:56:16 - INF - get - ('Ejecutando servicio de listar solicitudes de amistad',)
21:56:16 - INF - get - ('Ejecutando servicio de listar publicaciones',)
21:56:16 - INF - get - ('Ejecutando servicio de Listar Usuario',)
21:56:16 - INF - get - ('Ejecutando servicio de listar publicaciones',)
21:56:16 - INF - get - ('Ejecutando servicio de Listar Usuario',)
21:56:16 - INF - get - ('Ejecutando servicio de listar solicitudes de amistad',)
21:56:16 - INF - get - ('Ejecutando servicio de Listar Usuario',)
21:57:08 - INF - get - ('Ejecutando servicio de obtener mensajes por remitente y destinatario',)
21:58:08 - INF - get - ('Ejecutando servicio de obtener mensajes por remitente y destinatario',)
21:59:08 - INF - get - ('Ejecutando servicio de obtener mensajes por remitente y destinatario',)
22:00:06 - INF - get - ('Ejecutando servicio de obtener mensajes por remitente y destinatario',)
22:00:44 - INF - <module> - ('Servicio Finalizado',)
22:00:44 - INF - <module> - ('Servicio Finalizado',)
23:59:20 - INF - <module> - ('Servicio Iniciado',)
23:59:21 - INF - <module> - ('Servicio Iniciado',)
23:59:29 - INF - post - ('Ejecutando servicio de Login',)
23:59:29 - INF - get - ('Executing user ID retrieval service',)
23:59:29 - INF - get_user_id - ("Resultado de la consulta: {'result': True, 'data': RealDictRow({'id': 7}), 'message': None}",)
23:59:29 - INF - get - ('Ejecutando servicio de listar solicitudes de amistad',)
23:59:29 - INF - get - ('Ejecutando servicio de Listar Usuario',)
23:59:29 - INF - get - ('Ejecutando servicio de listar publicaciones',)
23:59:29 - INF - get - ('Ejecutando servicio de listar solicitudes de amistad',)
23:59:29 - INF - get - ('Ejecutando servicio de Listar Usuario',)
23:59:29 - INF - get - ('Ejecutando servicio de listar publicaciones',)
23:59:29 - INF - get - ('Ejecutando servicio de Listar Usuario',)
23:59:29 - INF - get - ('Ejecutando servicio de Listar Usuario',)
23:59:41 - INF - get - ('Ejecutando servicio de obtener mensajes por remitente y destinatario',)
23:59:41 - INF - get - ('Ejecutando servicio de obtener mensajes por remitente y destinatario',)
23:59:46 - INF - get - ('Ejecutando servicio de obtener mensajes por remitente y destinatario',)
23:59:51 - INF - get - ('Ejecutando servicio de obtener mensajes por remitente y destinatario',)
23:59:56 - INF - get - ('Ejecutando servicio de obtener mensajes por remitente y destinatario',)
