00:06:09 - INF - get - ('Ejecutando servicio de Listar Usuario',)
00:06:10 - INF - post - ('Ejecutando servicio de crear solicitud de amistad',)
00:08:18 - INF - get - ('Ejecutando servicio de Listar Usuario',)
00:08:23 - INF - get - ('Ejecutando servicio de listar mensajes',)
00:08:23 - INF - get - ('Ejecutando servicio de listar mensajes',)
00:14:21 - INF - get - ('Ejecutando servicio de listar mensajes',)
00:14:21 - INF - get - ('Ejecutando servicio de listar mensajes',)
00:14:27 - INF - post - ('Ejecutando servicio de crear mensaje',)
00:16:48 - INF - post - ('Ejecutando servicio de Login',)
00:16:49 - INF - get - ('Ejecutando servicio de listar solicitudes de amistad',)
00:16:49 - INF - get - ('Ejecutando servicio de Listar Usuario',)
00:16:49 - INF - get - ('Ejecutando servicio de listar publicaciones',)
00:16:49 - INF - get - ('Ejecutando servicio de listar amigos',)
00:16:49 - INF - get - ('Ejecutando servicio de listar solicitudes de amistad',)
00:16:49 - INF - get - ('Ejecutando servicio de listar publicaciones',)
00:16:49 - INF - get - ('Ejecutando servicio de Listar Usuario',)
00:16:49 - INF - get - ('Ejecutando servicio de listar amigos',)
00:16:51 - INF - get - ('Ejecutando servicio de listar mensajes',)
00:16:51 - INF - get - ('Ejecutando servicio de listar mensajes',)
00:16:54 - INF - post - ('Ejecutando servicio de crear mensaje',)
00:18:54 - INF - post - ('Ejecutando servicio de Login',)
00:19:40 - INF - post - ('Ejecutando servicio de Login',)
00:19:41 - INF - get - ('Ejecutando servicio de listar solicitudes de amistad',)
00:19:41 - INF - get - ('Ejecutando servicio de Listar Usuario',)
00:19:41 - INF - get - ('Ejecutando servicio de listar publicaciones',)
00:19:41 - INF - get - ('Ejecutando servicio de listar amigos',)
00:19:41 - INF - get - ('Ejecutando servicio de listar solicitudes de amistad',)
00:19:41 - INF - get - ('Ejecutando servicio de Listar Usuario',)
00:19:41 - INF - get - ('Ejecutando servicio de listar publicaciones',)
00:19:41 - INF - get - ('Ejecutando servicio de listar amigos',)
00:32:20 - INF - get - ('Ejecutando servicio de listar mensajes',)
00:32:20 - INF - get - ('Ejecutando servicio de listar mensajes',)
00:37:58 - INF - <module> - ('Servicio Finalizado',)
00:37:59 - INF - <module> - ('Servicio Finalizado',)
00:40:55 - INF - <module> - ('Servicio Iniciado',)
00:40:56 - INF - <module> - ('Servicio Iniciado',)
00:50:49 - INF - post - ('Ejecutando servicio de Login',)
00:50:49 - INF - get - ('Ejecutando servicio de Listar Usuario',)
00:50:49 - INF - get - ('Ejecutando servicio de listar solicitudes de amistad',)
00:50:49 - INF - get - ('Ejecutando servicio de listar publicaciones',)
00:50:49 - INF - get - ('Ejecutando servicio de listar amigos',)
00:50:50 - INF - get - ('Ejecutando servicio de listar solicitudes de amistad',)
00:50:50 - INF - get - ('Ejecutando servicio de listar amigos',)
00:50:50 - INF - get - ('Ejecutando servicio de listar publicaciones',)
00:50:50 - INF - get - ('Ejecutando servicio de Listar Usuario',)
00:50:51 - INF - get - ('Ejecutando servicio de listar mensajes',)
00:50:51 - INF - get - ('Ejecutando servicio de listar mensajes',)
00:56:04 - INF - get - ('Ejecutando servicio de listar publicaciones',)
00:56:04 - INF - get - ('Ejecutando servicio de listar amigos',)
00:56:04 - INF - get - ('Ejecutando servicio de listar publicaciones',)
00:56:04 - INF - get - ('Ejecutando servicio de listar amigos',)
01:08:12 - INF - <module> - ('Servicio Finalizado',)
01:08:12 - INF - <module> - ('Servicio Finalizado',)
13:35:04 - INF - <module> - ('Servicio Iniciado',)
13:35:05 - INF - <module> - ('Servicio Iniciado',)
13:35:44 - INF - post - ('Ejecutando servicio de Login',)
13:35:44 - INF - get - ('Ejecutando servicio de listar solicitudes de amistad',)
13:35:44 - INF - get - ('Ejecutando servicio de Listar Usuario',)
13:35:44 - INF - get - ('Ejecutando servicio de listar publicaciones',)
13:35:44 - INF - get - ('Ejecutando servicio de listar amigos',)
13:35:44 - INF - get - ('Ejecutando servicio de listar solicitudes de amistad',)
13:35:44 - INF - get - ('Ejecutando servicio de Listar Usuario',)
13:35:44 - INF - get - ('Ejecutando servicio de listar publicaciones',)
13:35:44 - INF - get - ('Ejecutando servicio de listar amigos',)
13:37:52 - INF - post - ('Ejecutando servicio de crear solicitud de amistad',)
13:39:27 - INF - post - ('Ejecutando servicio de crear solicitud de amistad',)
13:39:48 - INF - post - ('Ejecutando servicio de crear solicitud de amistad',)
13:40:02 - INF - post - ('Ejecutando servicio de crear solicitud de amistad',)
13:42:50 - INF - post - ('Ejecutando servicio de crear mensaje',)
13:43:58 - INF - post - ('Ejecutando servicio de Login',)
13:43:58 - INF - get - ('Ejecutando servicio de listar solicitudes de amistad',)
13:43:58 - INF - get - ('Ejecutando servicio de Listar Usuario',)
13:43:58 - INF - get - ('Ejecutando servicio de listar publicaciones',)
13:43:58 - INF - get - ('Ejecutando servicio de listar amigos',)
13:43:58 - INF - get - ('Ejecutando servicio de listar solicitudes de amistad',)
13:43:58 - INF - get - ('Ejecutando servicio de listar publicaciones',)
13:43:58 - INF - get - ('Ejecutando servicio de Listar Usuario',)
13:43:58 - INF - get - ('Ejecutando servicio de listar amigos',)
13:44:35 - INF - post - ('Ejecutando servicio de Login',)
13:44:35 - INF - get - ('Ejecutando servicio de listar solicitudes de amistad',)
13:44:35 - INF - get - ('Ejecutando servicio de Listar Usuario',)
13:44:35 - INF - get - ('Ejecutando servicio de listar publicaciones',)
13:44:35 - INF - get - ('Ejecutando servicio de listar amigos',)
13:44:35 - INF - get - ('Ejecutando servicio de Listar Usuario',)
13:44:35 - INF - get - ('Ejecutando servicio de listar amigos',)
13:44:35 - INF - get - ('Ejecutando servicio de listar publicaciones',)
13:44:35 - INF - get - ('Ejecutando servicio de listar solicitudes de amistad',)
13:47:54 - INF - get - ('Ejecutando servicio de listar solicitudes de amistad',)
13:47:54 - INF - get - ('Ejecutando servicio de Listar Usuario',)
13:48:17 - INF - post - ('Ejecutando servicio de Login',)
13:48:17 - INF - get - ('Ejecutando servicio de listar solicitudes de amistad',)
13:48:17 - INF - get - ('Ejecutando servicio de Listar Usuario',)
13:48:17 - INF - get - ('Ejecutando servicio de listar amigos',)
13:48:17 - INF - get - ('Ejecutando servicio de listar publicaciones',)
13:48:17 - INF - get - ('Ejecutando servicio de listar solicitudes de amistad',)
13:48:17 - INF - get - ('Ejecutando servicio de Listar Usuario',)
13:48:17 - INF - get - ('Ejecutando servicio de listar amigos',)
13:48:17 - INF - get - ('Ejecutando servicio de listar publicaciones',)
13:48:26 - INF - get - ('Ejecutando servicio de listar publicaciones',)
13:48:26 - INF - get - ('Ejecutando servicio de listar amigos',)
13:48:26 - INF - get - ('Ejecutando servicio de listar publicaciones',)
13:48:26 - INF - get - ('Ejecutando servicio de listar amigos',)
13:48:28 - INF - get - ('Ejecutando servicio de Listar Usuario',)
13:58:09 - INF - <module> - ('Servicio Finalizado',)
13:58:09 - INF - <module> - ('Servicio Finalizado',)
14:30:07 - INF - <module> - ('Servicio Iniciado',)
14:30:07 - INF - <module> - ('Servicio Iniciado',)
14:31:08 - INF - post - ('Ejecutando servicio de Login',)
14:31:24 - INF - post - ('Ejecutando servicio de Login',)
14:31:37 - INF - post - ('Ejecutando servicio de Login',)
14:31:39 - INF - post - ('Ejecutando servicio de Login',)
14:31:43 - INF - post - ('Ejecutando servicio de Login',)
14:31:51 - INF - post - ('Ejecutando servicio de Login',)
14:31:51 - INF - get - ('Ejecutando servicio de listar solicitudes de amistad',)
14:31:51 - INF - get - ('Ejecutando servicio de listar amigos',)
es',)
14:31:51 - INF - get - ('Ejecutando servicio de Listar Usuario',)
14:31:51 - INF - get - ('Ejecutando servicio de listar publicaciones',)
14:31:51 - INF - get - ('Ejecutando servicio de listar solicitudes de amistad',)
14:31:51 - INF - get - ('Ejecutando servicio de listar amigos',)
14:31:51 - INF - get - ('Ejecutando servicio de Listar Usuario',)
14:36:02 - INF - post - ('Ejecutando servicio de Login',)
14:36:16 - INF - post - ('Ejecutando servicio de Login',)
14:36:16 - INF - get - ('Ejecutando servicio de listar solicitudes de amistad',)
14:36:16 - INF - get - ('Ejecutando servicio de Listar Usuario',)
14:36:16 - INF - get - ('Ejecutando servicio de listar publicaciones',)
14:36:16 - INF - get - ('Ejecutando servicio de listar amigos',)
14:36:16 - INF - get - ('Ejecutando servicio de listar solicitudes de amistad',)
14:36:16 - INF - get - ('Ejecutando servicio de listar publicaciones',)
14:36:16 - INF - get - ('Ejecutando servicio de Listar Usuario',)
14:36:16 - INF - get - ('Ejecutando servicio de listar amigos',)
14:37:11 - INF - post - ('Ejecutando servicio de Login',)
14:39:50 - INF - post - ('Ejecutando servicio de Login',)
14:39:51 - INF - get - ('Ejecutando servicio de listar solicitudes de amistad',)
14:39:51 - INF - get - ('Ejecutando servicio de Listar Usuario',)
14:39:51 - INF - get - ('Ejecutando servicio de listar publicaciones',)
14:39:51 - INF - get - ('Ejecutando servicio de listar amigos',)
14:39:51 - INF - get - ('Ejecutando servicio de listar solicitudes de amistad',)
14:39:51 - INF - get - ('Ejecutando servicio de listar publicaciones',)
14:39:51 - INF - get - ('Ejecutando servicio de Listar Usuario',)
14:39:51 - INF - get - ('Ejecutando servicio de listar amigos',)
14:40:05 - INF - post - ('Ejecutando servicio de Login',)
14:41:22 - INF - post - ('Ejecutando servicio de Login',)
14:42:49 - INF - post - ('Ejecutando servicio de Login',)
14:49:05 - INF - post - ('Ejecutando servicio de Login',)
14:49:05 - INF - get - ('Executing user ID retrieval service',)
15:12:59 - INF - <module> - ('Servicio Finalizado',)
15:12:59 - INF - <module> - ('Servicio Iniciado',)
15:13:00 - INF - <module> - ('Servicio Finalizado',)
15:13:00 - INF - <module> - ('Servicio Finalizado',)
15:13:27 - INF - <module> - ('Servicio Iniciado',)
15:13:27 - INF - <module> - ('Servicio Iniciado',)
15:13:35 - INF - post - ('Ejecutando servicio de Login',)
15:13:35 - INF - get - ('Executing user ID retrieval service',)
15:13:35 - INF - get - ('Ejecutando servicio de listar solicitudes de amistad',)
15:13:35 - INF - get - ('Ejecutando servicio de Listar Usuario',)
15:13:35 - INF - get - ('Ejecutando servicio de listar publicaciones',)
15:13:35 - INF - get - ('Ejecutando servicio de listar amigos',)
15:13:35 - INF - get - ('Ejecutando servicio de listar solicitudes de amistad',)
15:13:35 - INF - get - ('Ejecutando servicio de Listar Usuario',)
15:13:35 - INF - get - ('Ejecutando servicio de listar publicaciones',)
15:13:35 - INF - get - ('Ejecutando servicio de listar amigos',)
15:14:44 - INF - post - ('Ejecutando servicio de Login',)
15:14:44 - INF - get - ('Executing user ID retrieval service',)
15:14:44 - INF - get - ('Ejecutando servicio de listar solicitudes de amistad',)
15:14:44 - INF - get - ('Ejecutando servicio de Listar Usuario',)
15:14:44 - INF - get - ('Ejecutando servicio de listar publicaciones',)
15:14:44 - INF - get - ('Ejecutando servicio de listar amigos',)
15:14:44 - INF - get - ('Ejecutando servicio de listar solicitudes de amistad',)
15:14:44 - INF - get - ('Ejecutando servicio de listar publicaciones',)
15:14:44 - INF - get - ('Ejecutando servicio de listar amigos',)
15:14:44 - INF - get - ('Ejecutando servicio de Listar Usuario',)
15:18:02 - INF - <module> - ('Servicio Finalizado',)
15:18:02 - INF - <module> - ('Servicio Finalizado',)
15:18:05 - INF - <module> - ('Servicio Iniciado',)
15:18:05 - INF - <module> - ('Servicio Iniciado',)
15:18:20 - INF - post - ('Ejecutando servicio de Login',)
15:18:20 - INF - get - ('Executing user ID retrieval service',)
15:18:20 - INF - get - ('Ejecutando servicio de Listar Usuario',)
15:18:20 - INF - get - ('Ejecutando servicio de listar solicitudes de amistad',)
15:18:20 - INF - get - ('Ejecutando servicio de listar publicaciones',)
15:18:20 - INF - get - ('Ejecutando servicio de listar amigos',)
15:18:20 - INF - get - ('Ejecutando servicio de Listar Usuario',)
15:18:20 - INF - get - ('Ejecutando servicio de listar solicitudes de amistad',)
15:18:20 - INF - get - ('Ejecutando servicio de listar publicaciones',)
15:18:20 - INF - get - ('Ejecutando servicio de listar amigos',)
15:20:58 - INF - <module> - ('Servicio Finalizado',)
15:20:58 - INF - <module> - ('Servicio Finalizado',)
15:23:38 - INF - <module> - ('Servicio Iniciado',)
15:23:39 - INF - <module> - ('Servicio Iniciado',)
15:23:46 - INF - post - ('Ejecutando servicio de Login',)
15:23:46 - INF - get - ('Executing user ID retrieval service',)
15:23:46 - INF - get - ('Ejecutando servicio de listar solicitudes de amistad',)
15:23:46 - INF - get - ('Ejecutando servicio de Listar Usuario',)
15:23:46 - INF - get - ('Ejecutando servicio de listar publicaciones',)
15:23:46 - INF - get - ('Ejecutando servicio de listar amigos',)
15:23:46 - INF - get - ('Ejecutando servicio de listar solicitudes de amistad',)
15:23:46 - INF - get - ('Ejecutando servicio de Listar Usuario',)
15:23:46 - INF - get - ('Ejecutando servicio de listar publicaciones',)
15:23:46 - INF - get - ('Ejecutando servicio de listar amigos',)
15:25:47 - INF - get - ('Executing user ID retrieval service',)
15:26:10 - INF - get - ('Executing user ID retrieval service',)
15:26:41 - INF - <module> - ('Servicio Finalizado',)
15:26:42 - INF - <module> - ('Servicio Iniciado',)
15:26:42 - INF - <module> - ('Servicio Finalizado',)
15:26:42 - INF - <module> - ('Servicio Finalizado',)
15:26:44 - INF - <module> - ('Servicio Iniciado',)
15:26:45 - INF - <module> - ('Servicio Iniciado',)
15:26:48 - INF - get - ('Executing user ID retrieval service',)
15:27:42 - INF - get - ('Executing user ID retrieval service',)
15:27:53 - INF - get - ('Executing user ID retrieval service',)
15:28:33 - INF - <module> - ('Servicio Finalizado',)
15:28:33 - INF - <module> - ('Servicio Finalizado',)
15:28:38 - INF - <module> - ('Servicio Iniciado',)
15:28:39 - INF - <module> - ('Servicio Iniciado',)
15:28:45 - INF - post - ('Executing user ID retrieval service',)
15:28:52 - INF - <module> - ('Servicio Finalizado',)
15:28:53 - INF - <module> - ('Servicio Iniciado',)
15:30:39 - INF - get - ('Executing user ID retrieval service',)
15:30:44 - INF - get - ('Executing user ID retrieval service',)
15:32:19 - INF - get - ('Executing user ID retrieval service',)
15:32:55 - INF - get - ('Executing user ID retrieval service',)
15:35:15 - INF - <module> - ('Servicio Finalizado',)
15:35:16 - INF - <module> - ('Servicio Iniciado',)
15:35:19 - INF - <module> - ('Servicio Finalizado',)
15:35:19 - INF - <module> - ('Servicio Finalizado',)
15:35:36 - INF - <module> - ('Servicio Iniciado',)
15:35:36 - INF - <module> - ('Servicio Iniciado',)
15:35:38 - INF - get - ('Executing user ID retrieval service',)
15:35:38 - INF - get_user_id - ("Resultado de la consulta: {'result': True, 'data': RealDictRow({'id': 1}), 'message': None}",)
15:37:29 - INF - <module> - ('Servicio Finalizado',)
15:37:29 - INF - <module> - ('Servicio Finalizado',)
15:38:10 - INF - <module> - ('Servicio Iniciado',)
15:38:10 - INF - <module> - ('Servicio Iniciado',)
15:38:13 - INF - get - ('Executing user ID retrieval service',)
15:38:13 - INF - get_user_id - ("Resultado de la consulta: {'result': True, 'data': RealDictRow({'id': 1}), 'message': None}",)
15:42:20 - INF - <module> - ('Servicio Finalizado',)
15:42:20 - INF - <module> - ('Servicio Finalizado',)
15:42:42 - INF - <module> - ('Servicio Iniciado',)
15:42:42 - INF - <module> - ('Servicio Iniciado',)
15:42:46 - INF - get - ('Executing user ID retrieval service',)
15:42:46 - INF - get_user_id - ("Resultado de la consulta: {'result': True, 'data': RealDictRow({'id': 1}), 'message': None}",)
15:43:47 - INF - <module> - ('Servicio Finalizado',)
15:43:47 - INF - <module> - ('Servicio Iniciado',)
15:43:48 - INF - <module> - ('Servicio Finalizado',)
15:43:48 - INF - <module> - ('Servicio Finalizado',)
15:44:27 - INF - <module> - ('Servicio Iniciado',)
15:44:28 - INF - <module> - ('Servicio Iniciado',)
15:44:31 - INF - get - ('Executing user ID retrieval service',)
15:44:31 - INF - get_user_id - ("Resultado de la consulta: {'result': True, 'data': RealDictRow({'id': 1}), 'message': None}",)
15:45:05 - INF - post - ('Ejecutando servicio de Login',)
15:45:05 - INF - get - ('Executing user ID retrieval service',)
15:45:05 - INF - get_user_id - ("Resultado de la consulta: {'result': True, 'data': RealDictRow({'id': 7}), 'message': None}",)
15:45:05 - INF - get - ('Ejecutando servicio de listar solicitudes de amistad',)
15:45:05 - INF - get - ('Ejecutando servicio de Listar Usuario',)
15:45:05 - INF - get - ('Ejecutando servicio de listar publicaciones',)
15:45:05 - INF - get - ('Ejecutando servicio de listar amigos',)
15:45:05 - INF - get - ('Ejecutando servicio de listar publicaciones',)
15:45:05 - INF - get - ('Ejecutando servicio de listar solicitudes de amistad',)
15:45:05 - INF - get - ('Ejecutando servicio de listar amigos',)
15:45:05 - INF - get - ('Ejecutando servicio de Listar Usuario',)
15:47:22 - INF - post - ('Ejecutando servicio de Login',)
15:47:22 - INF - get - ('Executing user ID retrieval service',)
15:47:22 - INF - get_user_id - ("Resultado de la consulta: {'result': True, 'data': RealDictRow({'id': 7}), 'message': None}",)
15:47:22 - INF - get - ('Ejecutando servicio de listar solicitudes de amistad',)
15:47:22 - INF - get - ('Ejecutando servicio de Listar Usuario',)
15:47:22 - INF - get - ('Ejecutando servicio de listar publicaciones',)
15:47:22 - INF - get - ('Ejecutando servicio de listar amigos',)
15:47:22 - INF - get - ('Ejecutando servicio de listar solicitudes de amistad',)
15:47:22 - INF - get - ('Ejecutando servicio de listar publicaciones',)
15:47:22 - INF - get - ('Ejecutando servicio de Listar Usuario',)
15:47:22 - INF - get - ('Ejecutando servicio de listar amigos',)
15:47:28 - INF - get - ('Ejecutando servicio de listar publicaciones',)
15:47:28 - INF - get - ('Ejecutando servicio de listar amigos',)
15:47:28 - INF - get - ('Ejecutando servicio de listar amigos',)
15:47:28 - INF - get - ('Ejecutando servicio de listar publicaciones',)
15:48:36 - INF - post - ('Ejecutando servicio de Login',)
15:48:36 - INF - get - ('Executing user ID retrieval service',)
15:48:36 - INF - get_user_id - ("Resultado de la consulta: {'result': True, 'data': RealDictRow({'id': 7}), 'message': None}",)
15:48:36 - INF - get - ('Ejecutando servicio de listar solicitudes de amistad',)
15:48:36 - INF - get - ('Ejecutando servicio de Listar Usuario',)
15:48:36 - INF - get - ('Ejecutando servicio de listar amigos',)
15:48:36 - INF - get - ('Ejecutando servicio de listar publicaciones',)
15:48:36 - INF - get - ('Ejecutando servicio de listar solicitudes de amistad',)
15:48:36 - INF - get - ('Ejecutando servicio de Listar Usuario',)
15:48:36 - INF - get - ('Ejecutando servicio de listar amigos',)
15:48:36 - INF - get - ('Ejecutando servicio de listar publicaciones',)
15:49:20 - INF - get - ('Ejecutando servicio de listar solicitudes de amistad',)
15:49:20 - INF - get - ('Ejecutando servicio de Listar Usuario',)
15:53:59 - INF - get - ('Ejecutando servicio de listar solicitudes de amistad',)
15:53:59 - INF - get - ('Ejecutando servicio de Listar Usuario',)
15:54:06 - INF - post - ('Ejecutando servicio de Login',)
15:54:06 - INF - get - ('Executing user ID retrieval service',)
15:54:06 - INF - get_user_id - ("Resultado de la consulta: {'result': True, 'data': RealDictRow({'id': 2}), 'message': None}",)
15:54:06 - INF - get - ('Ejecutando servicio de listar solicitudes de amistad',)
15:54:06 - INF - get - ('Ejecutando servicio de Listar Usuario',)
15:54:06 - INF - get - ('Ejecutando servicio de listar publicaciones',)
15:54:06 - INF - get - ('Ejecutando servicio de listar amigos',)
15:54:06 - INF - get - ('Ejecutando servicio de listar solicitudes de amistad',)
15:54:06 - INF - get - ('Ejecutando servicio de Listar Usuario',)
15:54:06 - INF - get - ('Ejecutando servicio de listar publicaciones',)
15:54:06 - INF - get - ('Ejecutando servicio de listar amigos',)
15:54:59 - INF - get - ('Ejecutando servicio de listar publicaciones',)
15:54:59 - INF - get - ('Ejecutando servicio de listar amigos',)
15:54:59 - INF - get - ('Ejecutando servicio de listar publicaciones',)
15:54:59 - INF - get - ('Ejecutando servicio de listar amigos',)
15:56:21 - INF - post - ('Ejecutando servicio de Login',)
15:56:21 - INF - get - ('Executing user ID retrieval service',)
15:56:21 - INF - get_user_id - ("Resultado de la consulta: {'result': True, 'data': RealDictRow({'id': 2}), 'message': None}",)
15:56:21 - INF - get - ('Ejecutando servicio de listar solicitudes de amistad',)
15:56:21 - INF - get - ('Ejecutando servicio de Listar Usuario',)
15:56:21 - INF - get - ('Ejecutando servicio de listar amigos',)
15:56:21 - INF - get - ('Ejecutando servicio de listar publicaciones',)
15:56:21 - INF - get - ('Ejecutando servicio de Listar Usuario',)
15:56:21 - INF - get - ('Ejecutando servicio de listar amigos',)
15:56:21 - INF - get - ('Ejecutando servicio de listar publicaciones',)
15:56:21 - INF - get - ('Ejecutando servicio de listar solicitudes de amistad',)
15:58:13 - INF - get - ('Ejecutando servicio de listar solicitudes de amistad',)
15:58:13 - INF - get - ('Ejecutando servicio de Listar Usuario',)
15:58:19 - INF - post - ('Ejecutando servicio de Login',)
15:58:19 - INF - get - ('Executing user ID retrieval service',)
15:58:19 - INF - get_user_id - ("Resultado de la consulta: {'result': True, 'data': RealDictRow({'id': 7}), 'message': None}",)
15:58:19 - INF - get - ('Ejecutando servicio de listar solicitudes de amistad',)
15:58:19 - INF - get - ('Ejecutando servicio de listar publicaciones',)
15:58:19 - INF - get - ('Ejecutando servicio de Listar Usuario',)
15:58:19 - INF - get - ('Ejecutando servicio de listar amigos',)
15:58:19 - INF - get - ('Ejecutando servicio de listar solicitudes de amistad',)
15:58:19 - INF - get - ('Ejecutando servicio de listar publicaciones',)
15:58:19 - INF - get - ('Ejecutando servicio de Listar Usuario',)
15:58:19 - INF - get - ('Ejecutando servicio de listar amigos',)
16:03:39 - INF - get - ('Ejecutando servicio de Listar Usuario',)
16:03:39 - INF - get - ('Ejecutando servicio de listar solicitudes de amistad',)
16:03:42 - INF - post - ('Ejecutando servicio de Login',)
16:03:42 - INF - get - ('Executing user ID retrieval service',)
16:03:42 - INF - get_user_id - ("Resultado de la consulta: {'result': True, 'data': RealDictRow({'id': 7}), 'message': None}",)
16:03:42 - INF - get - ('Ejecutando servicio de listar solicitudes de amistad',)
16:03:42 - INF - get - ('Ejecutando servicio de Listar Usuario',)
16:03:42 - INF - get - ('Ejecutando servicio de listar publicaciones',)
16:03:42 - INF - get - ('Ejecutando servicio de listar amigos',)
16:03:42 - INF - get - ('Ejecutando servicio de listar solicitudes de amistad',)
16:03:42 - INF - get - ('Ejecutando servicio de Listar Usuario',)
16:03:42 - INF - get - ('Ejecutando servicio de listar amigos',)
16:03:42 - INF - get - ('Ejecutando servicio de listar publicaciones',)
16:05:24 - INF - post - ('Ejecutando servicio de Login',)
16:05:24 - INF - get - ('Executing user ID retrieval service',)
16:05:24 - INF - get_user_id - ("Resultado de la consulta: {'result': True, 'data': RealDictRow({'id': 7}), 'message': None}",)
16:05:24 - INF - get - ('Ejecutando servicio de listar solicitudes de amistad',)
16:05:24 - INF - get - ('Ejecutando servicio de Listar Usuario',)
16:05:24 - INF - get - ('Ejecutando servicio de listar publicaciones',)
16:05:24 - INF - get - ('Ejecutando servicio de listar amigos',)
16:05:24 - INF - get - ('Ejecutando servicio de Listar Usuario',)
16:05:24 - INF - get - ('Ejecutando servicio de listar publicaciones',)
16:05:24 - INF - get - ('Ejecutando servicio de listar amigos',)
16:05:25 - INF - get - ('Ejecutando servicio de listar solicitudes de amistad',)
16:09:16 - INF - post - ('Ejecutando servicio de Login',)
16:09:16 - INF - get - ('Executing user ID retrieval service',)
16:09:16 - INF - get_user_id - ("Resultado de la consulta: {'result': True, 'data': RealDictRow({'id': 2}), 'message': None}",)
16:09:17 - INF - get - ('Ejecutando servicio de Listar Usuario',)
16:09:17 - INF - get - ('Ejecutando servicio de listar solicitudes de amistad',)
16:09:17 - INF - get - ('Ejecutando servicio de listar publicaciones',)
16:09:17 - INF - get - ('Ejecutando servicio de listar amigos',)
16:09:17 - INF - get - ('Ejecutando servicio de listar solicitudes de amistad',)
16:09:17 - INF - get - ('Ejecutando servicio de Listar Usuario',)
16:09:17 - INF - get - ('Ejecutando servicio de listar publicaciones',)
16:09:17 - INF - get - ('Ejecutando servicio de listar amigos',)
16:09:22 - INF - post - ('Ejecutando servicio de Login',)
16:09:22 - INF - get - ('Executing user ID retrieval service',)
16:09:22 - INF - get_user_id - ("Resultado de la consulta: {'result': True, 'data': RealDictRow({'id': 2}), 'message': None}",)
16:09:22 - INF - get - ('Ejecutando servicio de listar solicitudes de amistad',)
16:09:22 - INF - get - ('Ejecutando servicio de Listar Usuario',)
16:09:22 - INF - get - ('Ejecutando servicio de listar publicaciones',)
16:09:22 - INF - get - ('Ejecutando servicio de listar amigos',)
16:09:22 - INF - get - ('Ejecutando servicio de Listar Usuario',)
16:09:22 - INF - get - ('Ejecutando servicio de listar solicitudes de amistad',)
16:09:22 - INF - get - ('Ejecutando servicio de listar publicaciones',)
16:09:22 - INF - get - ('Ejecutando servicio de listar amigos',)
16:09:28 - INF - post - ('Ejecutando servicio de Login',)
16:09:28 - INF - get - ('Executing user ID retrieval service',)
16:09:28 - INF - get_user_id - ("Resultado de la consulta: {'result': True, 'data': RealDictRow({'id': 1}), 'message': None}",)
16:09:28 - INF - get - ('Ejecutando servicio de listar solicitudes de amistad',)
16:09:28 - INF - get - ('Ejecutando servicio de Listar Usuario',)
16:09:28 - INF - get - ('Ejecutando servicio de listar publicaciones',)
16:09:28 - INF - get - ('Ejecutando servicio de listar amigos',)
16:09:28 - INF - get - ('Ejecutando servicio de listar solicitudes de amistad',)
16:09:28 - INF - get - ('Ejecutando servicio de Listar Usuario',)
16:09:28 - INF - get - ('Ejecutando servicio de listar publicaciones',)
16:09:28 - INF - get - ('Ejecutando servicio de listar amigos',)
16:09:34 - INF - post - ('Ejecutando servicio de Login',)
16:09:34 - INF - get - ('Executing user ID retrieval service',)
16:09:34 - INF - get_user_id - ("Resultado de la consulta: {'result': True, 'data': RealDictRow({'id': 5}), 'message': None}",)
16:09:34 - INF - get - ('Ejecutando servicio de listar solicitudes de amistad',)
16:09:34 - INF - get - ('Ejecutando servicio de Listar Usuario',)
16:09:34 - INF - get - ('Ejecutando servicio de listar publicaciones',)
16:09:34 - INF - get - ('Ejecutando servicio de listar amigos',)
16:09:34 - INF - get - ('Ejecutando servicio de listar solicitudes de amistad',)
16:09:34 - INF - get - ('Ejecutando servicio de listar publicaciones',)
16:09:34 - INF - get - ('Ejecutando servicio de Listar Usuario',)
16:09:34 - INF - get - ('Ejecutando servicio de listar amigos',)
16:09:36 - INF - get - ('Ejecutando servicio de Listar Usuario',)
16:09:37 - INF - post - ('Ejecutando servicio de crear solicitud de amistad',)
16:11:21 - INF - get - ('Ejecutando servicio de listar solicitudes de amistad',)
16:11:21 - INF - get - ('Ejecutando servicio de Listar Usuario',)
16:11:29 - INF - post - ('Ejecutando servicio de Login',)
16:11:29 - INF - get - ('Executing user ID retrieval service',)
16:11:29 - INF - get_user_id - ("Resultado de la consulta: {'result': True, 'data': RealDictRow({'id': 5}), 'message': None}",)
16:11:29 - INF - get - ('Ejecutando servicio de listar solicitudes de amistad',)
16:11:29 - INF - get - ('Ejecutando servicio de Listar Usuario',)
16:11:29 - INF - get - ('Ejecutando servicio de listar publicaciones',)
16:11:29 - INF - get - ('Ejecutando servicio de listar amigos',)
16:11:29 - INF - get - ('Ejecutando servicio de listar solicitudes de amistad',)
16:11:29 - INF - get - ('Ejecutando servicio de Listar Usuario',)
16:11:29 - INF - get - ('Ejecutando servicio de listar publicaciones',)
16:11:29 - INF - get - ('Ejecutando servicio de listar amigos',)
16:11:42 - INF - post - ('Ejecutando servicio de crear publicación',)
16:11:53 - INF - get - ('Ejecutando servicio de listar amigos',)
es',)
16:11:53 - INF - get - ('Ejecutando servicio de listar publicaciones',)
16:11:53 - INF - get - ('Ejecutando servicio de listar amigos',)
16:12:34 - INF - post - ('Ejecutando servicio de crear publicación',)
16:12:49 - INF - post - ('Ejecutando servicio de crear publicación',)
16:13:05 - INF - get - ('Ejecutando servicio de listar solicitudes de amistad',)
16:13:05 - INF - get - ('Ejecutando servicio de Listar Usuario',)
16:13:07 - INF - post - ('Ejecutando servicio de crear publicación',)
16:13:07 - INF - post - ('Ejecutando servicio de crear publicación',)
16:13:08 - INF - post - ('Ejecutando servicio de crear publicación',)
16:13:08 - INF - post - ('Ejecutando servicio de crear publicación',)
16:13:08 - INF - post - ('Ejecutando servicio de crear publicación',)
16:13:29 - INF - get - ('Ejecutando servicio de listar solicitudes de amistad',)
16:13:29 - INF - get - ('Ejecutando servicio de Listar Usuario',)
16:13:31 - INF - post - ('Ejecutando servicio de crear publicación',)
16:13:38 - INF - get - ('Ejecutando servicio de listar publicaciones',)
16:13:38 - INF - get - ('Ejecutando servicio de listar amigos',)
16:13:38 - INF - get - ('Ejecutando servicio de listar publicaciones',)
16:13:38 - INF - get - ('Ejecutando servicio de listar amigos',)
16:16:42 - INF - post - ('Ejecutando servicio de Login',)
16:16:42 - INF - get - ('Executing user ID retrieval service',)
16:16:42 - INF - get_user_id - ("Resultado de la consulta: {'result': True, 'data': RealDictRow({'id': 5}), 'message': None}",)
16:16:42 - INF - get - ('Ejecutando servicio de listar solicitudes de amistad',)
16:16:42 - INF - get - ('Ejecutando servicio de Listar Usuario',)
16:16:42 - INF - get - ('Ejecutando servicio de listar publicaciones',)
16:16:42 - INF - get - ('Ejecutando servicio de listar amigos',)
16:16:42 - INF - get - ('Ejecutando servicio de listar solicitudes de amistad',)
16:16:42 - INF - get - ('Ejecutando servicio de Listar Usuario',)
16:16:42 - INF - get - ('Ejecutando servicio de listar amigos',)
16:16:42 - INF - get - ('Ejecutando servicio de listar publicaciones',)
16:16:49 - INF - post - ('Ejecutando servicio de crear publicación',)
16:16:54 - INF - post - ('Ejecutando servicio de crear publicación',)
16:17:00 - INF - get - ('Ejecutando servicio de listar publicaciones',)
16:17:00 - INF - get - ('Ejecutando servicio de listar amigos',)
16:17:00 - INF - get - ('Ejecutando servicio de listar amigos',)
16:17:00 - INF - get - ('Ejecutando servicio de listar publicaciones',)
16:21:23 - INF - get - ('Ejecutando servicio de listar publicaciones',)
16:21:23 - INF - get - ('Ejecutando servicio de listar amigos',)
16:22:13 - INF - post - ('Ejecutando servicio de Login',)
16:22:13 - INF - get - ('Executing user ID retrieval service',)
16:22:13 - INF - get_user_id - ("Resultado de la consulta: {'result': True, 'data': RealDictRow({'id': 7}), 'message': None}",)
16:22:13 - INF - get - ('Ejecutando servicio de listar solicitudes de amistad',)
16:22:13 - INF - get - ('Ejecutando servicio de listar publicaciones',)
16:22:13 - INF - get - ('Ejecutando servicio de Listar Usuario',)
16:22:13 - INF - get - ('Ejecutando servicio de listar amigos',)
16:22:13 - INF - get - ('Ejecutando servicio de listar solicitudes de amistad',)
16:22:13 - INF - get - ('Ejecutando servicio de listar publicaciones',)
16:22:13 - INF - get - ('Ejecutando servicio de listar amigos',)
16:22:13 - INF - get - ('Ejecutando servicio de Listar Usuario',)
16:22:27 - INF - post - ('Ejecutando servicio de crear publicación',)
16:22:30 - INF - get - ('Ejecutando servicio de listar publicaciones',)
16:22:30 - INF - get - ('Ejecutando servicio de listar amigos',)
16:22:30 - INF - get - ('Ejecutando servicio de listar publicaciones',)
16:22:30 - INF - get - ('Ejecutando servicio de listar amigos',)
16:22:38 - INF - post - ('Ejecutando servicio de crear publicación',)
16:22:41 - INF - get - ('Ejecutando servicio de listar publicaciones',)
16:22:41 - INF - get - ('Ejecutando servicio de listar amigos',)
16:22:41 - INF - get - ('Ejecutando servicio de listar amigos',)
16:22:41 - INF - get - ('Ejecutando servicio de listar publicaciones',)
16:22:57 - INF - post - ('Ejecutando servicio de Login',)
16:22:57 - INF - get - ('Executing user ID retrieval service',)
16:22:57 - INF - get_user_id - ("Resultado de la consulta: {'result': True, 'data': RealDictRow({'id': 2}), 'message': None}",)
16:22:57 - INF - get - ('Ejecutando servicio de listar solicitudes de amistad',)
16:22:57 - INF - get - ('Ejecutando servicio de Listar Usuario',)
16:22:58 - INF - get - ('Ejecutando servicio de listar publicaciones',)
16:22:58 - INF - get - ('Ejecutando servicio de listar amigos',)
16:22:58 - INF - get - ('Ejecutando servicio de listar solicitudes de amistad',)
16:22:58 - INF - get - ('Ejecutando servicio de Listar Usuario',)
16:22:58 - INF - get - ('Ejecutando servicio de listar publicaciones',)
16:22:58 - INF - get - ('Ejecutando servicio de listar amigos',)
16:23:04 - INF - post - ('Ejecutando servicio de crear publicación',)
16:23:10 - INF - get - ('Ejecutando servicio de listar publicaciones',)
16:23:10 - INF - get - ('Ejecutando servicio de listar amigos',)
16:23:10 - INF - get - ('Ejecutando servicio de listar publicaciones',)
16:23:10 - INF - get - ('Ejecutando servicio de listar amigos',)
16:24:31 - INF - post - ('Ejecutando servicio de Login',)
16:24:31 - INF - get - ('Executing user ID retrieval service',)
16:24:31 - INF - get_user_id - ("Resultado de la consulta: {'result': True, 'data': RealDictRow({'id': 2}), 'message': None}",)
16:24:32 - INF - get - ('Ejecutando servicio de listar solicitudes de amistad',)
16:24:32 - INF - get - ('Ejecutando servicio de Listar Usuario',)
16:24:32 - INF - get - ('Ejecutando servicio de listar publicaciones',)
16:24:32 - INF - get - ('Ejecutando servicio de listar amigos',)
16:24:32 - INF - get - ('Ejecutando servicio de Listar Usuario',)
16:24:32 - INF - get - ('Ejecutando servicio de listar solicitudes de amistad',)
16:24:32 - INF - get - ('Ejecutando servicio de listar publicaciones',)
16:24:32 - INF - get - ('Ejecutando servicio de listar amigos',)
16:24:45 - INF - post - ('Ejecutando servicio de crear publicación',)
16:24:50 - INF - get - ('Ejecutando servicio de listar publicaciones',)
16:24:50 - INF - get - ('Ejecutando servicio de listar amigos',)
16:24:50 - INF - get - ('Ejecutando servicio de listar publicaciones',)
16:24:50 - INF - get - ('Ejecutando servicio de listar amigos',)
16:29:16 - INF - get - ('Ejecutando servicio de Listar Usuario',)
16:30:25 - INF - get - ('Ejecutando servicio de Listar Usuario',)
16:32:09 - INF - get - ('Ejecutando servicio de Listar Usuario',)
16:41:38 - INF - get - ('Ejecutando servicio de listar solicitudes de amistad',)
16:41:38 - INF - get - ('Ejecutando servicio de Listar Usuario',)
16:42:35 - INF - get - ('Ejecutando servicio de listar solicitudes de amistad',)
16:42:35 - INF - get - ('Ejecutando servicio de Listar Usuario',)
16:43:38 - INF - get - ('Ejecutando servicio de listar solicitudes de amistad',)
16:43:38 - INF - get - ('Ejecutando servicio de Listar Usuario',)
16:43:53 - INF - get - ('Ejecutando servicio de listar solicitudes de amistad',)
16:43:53 - INF - get - ('Ejecutando servicio de Listar Usuario',)
16:43:57 - INF - post - ('Ejecutando servicio de Login',)
16:43:58 - INF - get - ('Executing user ID retrieval service',)
16:43:58 - INF - get_user_id - ("Resultado de la consulta: {'result': True, 'data': RealDictRow({'id': 2}), 'message': None}",)
16:43:58 - INF - get - ('Ejecutando servicio de listar solicitudes de amistad',)
16:43:58 - INF - get - ('Ejecutando servicio de Listar Usuario',)
16:43:58 - INF - get - ('Ejecutando servicio de listar publicaciones',)
16:43:58 - INF - get - ('Ejecutando servicio de listar amigos',)
16:43:58 - INF - get - ('Ejecutando servicio de listar solicitudes de amistad',)
16:43:58 - INF - get - ('Ejecutando servicio de Listar Usuario',)
16:43:58 - INF - get - ('Ejecutando servicio de listar publicaciones',)
16:43:58 - INF - get - ('Ejecutando servicio de listar amigos',)
16:44:01 - INF - get - ('Ejecutando servicio de Listar Usuario',)
16:44:02 - INF - post - ('Ejecutando servicio de crear solicitud de amistad',)
16:44:08 - INF - get - ('Ejecutando servicio de listar mensajes',)
16:44:08 - INF - get - ('Ejecutando servicio de listar mensajes',)
16:44:18 - INF - post - ('Ejecutando servicio de Login',)
16:44:18 - INF - get - ('Executing user ID retrieval service',)
16:44:18 - INF - get_user_id - ("Resultado de la consulta: {'result': True, 'data': RealDictRow({'id': 2}), 'message': None}",)
16:44:18 - INF - get - ('Ejecutando servicio de listar solicitudes de amistad',)
16:44:18 - INF - get - ('Ejecutando servicio de Listar Usuario',)
16:44:18 - INF - get - ('Ejecutando servicio de listar publicaciones',)
16:44:18 - INF - get - ('Ejecutando servicio de listar amigos',)
16:44:18 - INF - get - ('Ejecutando servicio de listar solicitudes de amistad',)
16:44:18 - INF - get - ('Ejecutando servicio de Listar Usuario',)
16:44:18 - INF - get - ('Ejecutando servicio de listar publicaciones',)
16:44:18 - INF - get - ('Ejecutando servicio de listar amigos',)
16:44:20 - INF - get - ('Ejecutando servicio de Listar Usuario',)
16:46:45 - INF - post - ('Ejecutando servicio de Login',)
16:46:45 - INF - get - ('Executing user ID retrieval service',)
16:46:45 - INF - get_user_id - ("Resultado de la consulta: {'result': True, 'data': RealDictRow({'id': 2}), 'message': None}",)
16:46:45 - INF - get - ('Ejecutando servicio de listar solicitudes de amistad',)
16:46:45 - INF - get - ('Ejecutando servicio de listar publicaciones',)
16:46:45 - INF - get - ('Ejecutando servicio de Listar Usuario',)
16:46:45 - INF - get - ('Ejecutando servicio de listar amigos',)
16:46:45 - INF - get - ('Ejecutando servicio de listar solicitudes de amistad',)
16:46:45 - INF - get - ('Ejecutando servicio de listar publicaciones',)
16:46:45 - INF - get - ('Ejecutando servicio de listar amigos',)
16:46:45 - INF - get - ('Ejecutando servicio de Listar Usuario',)
16:46:47 - INF - get - ('Ejecutando servicio de Listar Usuario',)
16:46:48 - INF - post - ('Ejecutando servicio de crear solicitud de amistad',)
16:48:14 - INF - get - ('Ejecutando servicio de listar solicitudes de amistad',)
16:48:14 - INF - get - ('Ejecutando servicio de Listar Usuario',)
16:48:14 - INF - get - ('Ejecutando servicio de listar publicaciones',)
16:48:14 - INF - get - ('Ejecutando servicio de listar amigos',)
16:48:14 - INF - get - ('Ejecutando servicio de listar solicitudes de amistad',)
16:48:14 - INF - get - ('Ejecutando servicio de Listar Usuario',)
16:48:14 - INF - get - ('Ejecutando servicio de listar amigos',)
16:48:14 - INF - get - ('Ejecutando servicio de listar publicaciones',)
16:48:22 - INF - get - ('Ejecutando servicio de Listar Usuario',)
16:48:22 - INF - get - ('Ejecutando servicio de Listar Usuario',)
16:48:42 - INF - get - ('Ejecutando servicio de listar solicitudes de amistad',)
16:48:42 - INF - get - ('Ejecutando servicio de Listar Usuario',)
16:48:49 - INF - get - ('Ejecutando servicio de listar solicitudes de amistad',)
16:48:49 - INF - get - ('Ejecutando servicio de Listar Usuario',)
16:48:54 - INF - get - ('Ejecutando servicio de listar solicitudes de amistad',)
16:48:54 - INF - get - ('Ejecutando servicio de Listar Usuario',)
16:49:10 - INF - post - ('Ejecutando servicio de Login',)
16:49:11 - INF - get - ('Executing user ID retrieval service',)
16:49:11 - INF - get_user_id - ("Resultado de la consulta: {'result': True, 'data': RealDictRow({'id': 2}), 'message': None}",)
16:49:11 - INF - get - ('Ejecutando servicio de Listar Usuario',)
16:49:11 - INF - get - ('Ejecutando servicio de listar solicitudes de amistad',)
16:49:11 - INF - get - ('Ejecutando servicio de listar publicaciones',)
16:49:11 - INF - get - ('Ejecutando servicio de listar amigos',)
16:49:11 - INF - get - ('Ejecutando servicio de Listar Usuario',)
16:49:11 - INF - get - ('Ejecutando servicio de listar solicitudes de amistad',)
16:49:11 - INF - get - ('Ejecutando servicio de listar publicaciones',)
16:49:11 - INF - get - ('Ejecutando servicio de listar amigos',)
16:49:11 - INF - get - ('Ejecutando servicio de Listar Usuario',)
16:49:11 - INF - get - ('Ejecutando servicio de Listar Usuario',)
16:49:18 - INF - post - ('Ejecutando servicio de crear solicitud de amistad',)
16:55:00 - INF - get - ('Ejecutando servicio de Listar Usuario',)
16:55:17 - INF - post - ('Ejecutando servicio de Login',)
16:55:17 - INF - get - ('Executing user ID retrieval service',)
16:55:17 - INF - get_user_id - ("Resultado de la consulta: {'result': True, 'data': RealDictRow({'id': 2}), 'message': None}",)
16:55:17 - INF - get - ('Ejecutando servicio de Listar Usuario',)
16:55:17 - INF - get - ('Ejecutando servicio de listar solicitudes de amistad',)
16:55:17 - INF - get - ('Ejecutando servicio de listar publicaciones',)
16:55:17 - INF - get - ('Ejecutando servicio de listar amigos',)
16:55:17 - INF - get - ('Ejecutando servicio de Listar Usuario',)
16:55:17 - INF - get - ('Ejecutando servicio de listar publicaciones',)
stad',)
16:55:17 - INF - get - ('Ejecutando servicio de listar amigos',)
16:55:17 - INF - get - ('Ejecutando servicio de Listar Usuario',)
16:55:17 - INF - get - ('Ejecutando servicio de Listar Usuario',)
16:55:20 - INF - post - ('Ejecutando servicio de crear solicitud de amistad',)
16:56:39 - INF - get - ('Ejecutando servicio de listar solicitudes de amistad',)
16:56:39 - INF - get - ('Ejecutando servicio de Listar Usuario',)
16:56:45 - INF - post - ('Ejecutando servicio de Login',)
16:56:45 - INF - get - ('Executing user ID retrieval service',)
16:56:45 - INF - get_user_id - ("Resultado de la consulta: {'result': True, 'data': RealDictRow({'id': 2}), 'message': None}",)
16:56:45 - INF - get - ('Ejecutando servicio de Listar Usuario',)
16:56:45 - INF - get - ('Ejecutando servicio de listar solicitudes de amistad',)
16:56:45 - INF - get - ('Ejecutando servicio de listar publicaciones',)
16:56:45 - INF - get - ('Ejecutando servicio de listar amigos',)
16:56:45 - INF - get - ('Ejecutando servicio de listar solicitudes de amistad',)
16:56:45 - INF - get - ('Ejecutando servicio de Listar Usuario',)
16:56:45 - INF - get - ('Ejecutando servicio de listar amigos',)
16:56:45 - INF - get - ('Ejecutando servicio de listar publicaciones',)
16:56:45 - INF - get - ('Ejecutando servicio de Listar Usuario',)
16:56:45 - INF - get - ('Ejecutando servicio de Listar Usuario',)
16:56:48 - INF - post - ('Ejecutando servicio de crear solicitud de amistad',)
16:59:40 - INF - post - ('Ejecutando servicio de crear publicación',)
17:00:38 - INF - post - ('Ejecutando servicio de crear solicitud de amistad',)
17:01:12 - INF - post - ('Ejecutando servicio de crear solicitud de amistad',)
17:03:08 - INF - post - ('Ejecutando servicio de crear solicitud de amistad',)
17:03:43 - INF - post - ('Ejecutando servicio de crear solicitud de amistad',)
17:05:10 - INF - post - ('Ejecutando servicio de crear solicitud de amistad',)
17:06:39 - INF - post - ('Ejecutando servicio de crear solicitud de amistad',)
17:06:50 - INF - post - ('Ejecutando servicio de crear solicitud de amistad',)
17:08:00 - INF - <module> - ('Servicio Finalizado',)
17:08:01 - INF - <module> - ('Servicio Iniciado',)
17:08:01 - INF - <module> - ('Servicio Finalizado',)
17:08:01 - INF - <module> - ('Servicio Finalizado',)
17:08:04 - INF - <module> - ('Servicio Iniciado',)
17:08:04 - INF - <module> - ('Servicio Iniciado',)
17:08:09 - INF - post - ('Ejecutando servicio de crear solicitud de amistad',)
17:08:28 - INF - <module> - ('Servicio Finalizado',)
17:08:29 - INF - <module> - ('Servicio Iniciado',)
17:09:08 - INF - <module> - ('Servicio Finalizado',)
17:09:08 - INF - <module> - ('Servicio Finalizado',)
17:09:37 - INF - <module> - ('Servicio Iniciado',)
17:09:38 - INF - <module> - ('Servicio Iniciado',)
17:09:41 - INF - post - ('Ejecutando servicio de crear solicitud de amistad',)
17:09:41 - INF - post - ("Datos recibidos: {'remitente_id': '3', 'destinatario_id': '4', 'estado': 'pendiente'}",)
17:09:53 - INF - post - ('Ejecutando servicio de crear solicitud de amistad',)
17:09:53 - INF - post - ("Datos recibidos: {'remitente_id': 1, 'destinatario_id': 2, 'estado': 'pendiente'}",)
17:10:05 - INF - <module> - ('Servicio Finalizado',)
17:10:05 - INF - <module> - ('Servicio Iniciado',)
17:10:07 - INF - <module> - ('Servicio Finalizado',)
17:10:07 - INF - <module> - ('Servicio Finalizado',)
17:10:09 - INF - <module> - ('Servicio Iniciado',)
17:10:10 - INF - <module> - ('Servicio Iniciado',)
17:10:12 - INF - post - ('Ejecutando servicio de crear solicitud de amistad',)
17:10:12 - INF - post - ("Datos recibidos: {'remitente_id': 1, 'destinatario_id': 2, 'estado': 'pendiente'}",)
17:10:56 - INF - post - ('Ejecutando servicio de crear solicitud de amistad',)
17:10:56 - INF - post - ("Datos recibidos: {'solicitante_id': 1, 'solicitado_id': 2, 'estado': 'pendiente'}",)
17:11:13 - INF - post - ('Ejecutando servicio de crear solicitud de amistad',)
17:11:13 - INF - post - ("Datos recibidos: {'solicitante_id': 5, 'solicitado_id': 2, 'estado': 'pendiente'}",)
17:11:51 - INF - post - ('Ejecutando servicio de crear solicitud de amistad',)
17:11:51 - INF - post - ("Datos recibidos: {'solicitante_id': 4, 'solicitado_id': 2, 'estado': 'pendiente'}",)
17:13:16 - INF - post - ('Ejecutando servicio de crear solicitud de amistad',)
17:13:16 - INF - post - ("Datos recibidos: {'solicitante_id': 4, 'solicitado_id': 2, 'estado': 'pendiente'}",)
17:14:20 - INF - <module> - ('Servicio Finalizado',)
17:14:21 - INF - <module> - ('Servicio Iniciado',)
17:14:30 - INF - <module> - ('Servicio Finalizado',)
17:14:31 - INF - <module> - ('Servicio Iniciado',)
17:14:32 - INF - <module> - ('Servicio Finalizado',)
17:14:32 - INF - <module> - ('Servicio Finalizado',)
17:14:34 - INF - <module> - ('Servicio Iniciado',)
17:14:34 - INF - <module> - ('Servicio Iniciado',)
17:14:39 - INF - post - ('Ejecutando servicio de crear solicitud de amistad',)
17:14:39 - INF - post - ("Datos recibidos: {'solicitante_id': 4, 'solicitado_id': 2, 'estado': 'pendiente'}",)
17:15:12 - INF - post - ('Ejecutando servicio de crear solicitud de amistad',)
17:15:12 - INF - post - ("Datos recibidos: {'solicitante_id': 4, 'solicitado_id': 2}",)
17:15:44 - INF - <module> - ('Servicio Finalizado',)
17:15:44 - INF - <module> - ('Servicio Finalizado',)
17:16:05 - INF - <module> - ('Servicio Iniciado',)
17:16:05 - INF - <module> - ('Servicio Iniciado',)
17:16:07 - INF - post - ('Ejecutando servicio de crear solicitud de amistad',)
17:16:07 - INF - post - ("Datos recibidos: {'solicitante_id': 4, 'solicitado_id': 2, 'estado': 'pendiente'}",)
17:16:54 - INF - <module> - ('Servicio Finalizado',)
17:16:54 - INF - <module> - ('Servicio Finalizado',)
17:17:29 - INF - <module> - ('Servicio Iniciado',)
17:17:29 - INF - <module> - ('Servicio Iniciado',)
17:17:31 - INF - post - ('Ejecutando servicio de crear solicitud de amistad',)
17:17:31 - INF - post - ("Datos recibidos: {'remitente_id': 5, 'destinatario_id': 4, 'estado': 'pendiente'}",)
17:18:52 - INF - <module> - ('Servicio Finalizado',)
17:18:52 - INF - <module> - ('Servicio Finalizado',)
17:20:12 - INF - <module> - ('Servicio Iniciado',)
17:20:12 - INF - <module> - ('Servicio Iniciado',)
17:20:28 - INF - post - ('Ejecutando servicio de crear solicitud de amistad',)
17:20:28 - INF - post - ("Datos recibidos: {'remitente_id': 5, 'destinatario_id': 6, 'estado': 'pendiente'}",)
17:23:04 - INF - post - ('Ejecutando servicio de Login',)
17:23:04 - INF - get - ('Executing user ID retrieval service',)
17:23:04 - INF - get_user_id - ("Resultado de la consulta: {'result': True, 'data': RealDictRow({'id': 2}), 'message': None}",)
17:23:04 - INF - get - ('Ejecutando servicio de listar solicitudes de amistad',)
17:23:04 - INF - get - ('Ejecutando servicio de listar publicaciones',)
17:23:04 - INF - get - ('Ejecutando servicio de Listar Usuario',)
17:23:04 - INF - get - ('Ejecutando servicio de listar amigos',)
17:23:04 - INF - get - ('Ejecutando servicio de listar publicaciones',)
17:23:04 - INF - get - ('Ejecutando servicio de listar amigos',)
17:23:04 - INF - get - ('Ejecutando servicio de Listar Usuario',)
17:23:04 - INF - get - ('Ejecutando servicio de listar solicitudes de amistad',)
17:23:06 - INF - get - ('Ejecutando servicio de Listar Usuario',)
17:23:13 - INF - post - ('Ejecutando servicio de crear solicitud de amistad',)
17:23:13 - INF - post - ("Datos recibidos: {'solicitante_id': {'remitente_id': 2, 'destinatario_id': 7, 'estado': 'pendiente'}}",)
17:24:30 - INF - post - ('Ejecutando servicio de crear publicación',)
17:24:33 - INF - get - ('Ejecutando servicio de listar publicaciones',)
17:24:33 - INF - get - ('Ejecutando servicio de listar amigos',)
17:24:33 - INF - get - ('Ejecutando servicio de listar publicaciones',)
17:24:33 - INF - get - ('Ejecutando servicio de listar amigos',)
17:25:06 - INF - get - ('Ejecutando servicio de Listar Usuario',)
17:25:09 - INF - post - ('Ejecutando servicio de crear solicitud de amistad',)
17:25:09 - INF - post - ("Datos recibidos: {'solicitante_id': {'remitente_id': 2, 'destinatario_id': 7, 'estado': 'pendiente'}}",)
17:28:33 - INF - post - ('Ejecutando servicio de Login',)
17:28:33 - INF - get - ('Executing user ID retrieval service',)
17:28:33 - INF - get_user_id - ("Resultado de la consulta: {'result': True, 'data': RealDictRow({'id': 7}), 'message': None}",)
17:28:33 - INF - get - ('Ejecutando servicio de listar solicitudes de amistad',)
17:28:33 - INF - get - ('Ejecutando servicio de Listar Usuario',)
17:28:33 - INF - get - ('Ejecutando servicio de listar publicaciones',)
17:28:33 - INF - get - ('Ejecutando servicio de listar amigos',)
17:28:33 - INF - get - ('Ejecutando servicio de Listar Usuario',)
17:28:33 - INF - get - ('Ejecutando servicio de listar solicitudes de amistad',)
17:28:33 - INF - get - ('Ejecutando servicio de listar publicaciones',)
17:28:33 - INF - get - ('Ejecutando servicio de listar amigos',)
17:28:34 - INF - get - ('Ejecutando servicio de Listar Usuario',)
17:28:36 - INF - post - ('Ejecutando servicio de crear solicitud de amistad',)
17:28:36 - INF - post - ("Datos recibidos: {'solicitante_id': {'remitente_id': 7, 'destinatario_id': 5, 'estado': 'pendiente'}}",)
17:33:23 - INF - post - ('Ejecutando servicio de Login',)
17:33:23 - INF - get - ('Executing user ID retrieval service',)
17:33:24 - INF - get_user_id - ("Resultado de la consulta: {'result': True, 'data': RealDictRow({'id': 7}), 'message': None}",)
17:33:24 - INF - get - ('Ejecutando servicio de listar solicitudes de amistad',)
17:33:24 - INF - get - ('Ejecutando servicio de listar amigos',)
17:33:24 - INF - get - ('Ejecutando servicio de Listar Usuario',)
17:33:24 - INF - get - ('Ejecutando servicio de listar publicaciones',)
17:33:24 - INF - get - ('Ejecutando servicio de listar solicitudes de amistad',)
17:33:24 - INF - get - ('Ejecutando servicio de Listar Usuario',)
17:33:24 - INF - get - ('Ejecutando servicio de listar publicaciones',)
17:33:24 - INF - get - ('Ejecutando servicio de listar amigos',)
17:33:28 - INF - get - ('Ejecutando servicio de Listar Usuario',)
17:33:30 - INF - post - ('Ejecutando servicio de crear solicitud de amistad',)
17:33:30 - INF - post - ("Datos recibidos: {'requestData': {'remitente_id': 7, 'destinatario_id': 7, 'estado': 'pendiente'}}",)
17:34:06 - INF - get - ('Ejecutando servicio de Listar Usuario',)
17:34:27 - INF - get - ('Ejecutando servicio de Listar Usuario',)
17:34:27 - INF - get - ('Ejecutando servicio de listar solicitudes de amistad',)
17:34:27 - INF - get - ('Ejecutando servicio de listar publicaciones',)
17:34:27 - INF - get - ('Ejecutando servicio de listar amigos',)
17:34:27 - INF - get - ('Ejecutando servicio de Listar Usuario',)
17:34:47 - INF - post - ('Ejecutando servicio de Login',)
17:34:47 - INF - get - ('Executing user ID retrieval service',)
17:34:47 - INF - get_user_id - ("Resultado de la consulta: {'result': True, 'data': RealDictRow({'id': 6}), 'message': None}",)
17:34:47 - INF - get - ('Ejecutando servicio de listar solicitudes de amistad',)
17:34:47 - INF - get - ('Ejecutando servicio de Listar Usuario',)
17:34:47 - INF - get - ('Ejecutando servicio de listar publicaciones',)
17:34:47 - INF - get - ('Ejecutando servicio de listar amigos',)
17:34:47 - INF - get - ('Ejecutando servicio de listar solicitudes de amistad',)
17:34:47 - INF - get - ('Ejecutando servicio de Listar Usuario',)
17:34:47 - INF - get - ('Ejecutando servicio de listar amigos',)
17:34:47 - INF - get - ('Ejecutando servicio de listar publicaciones',)
17:34:49 - INF - get - ('Ejecutando servicio de Listar Usuario',)
17:34:52 - INF - post - ('Ejecutando servicio de crear solicitud de amistad',)
17:34:52 - INF - post - ("Datos recibidos: {'remitente_id': 6, 'destinatario_id': 3, 'estado': 'pendiente'}",)
17:43:08 - INF - get - ('Ejecutando servicio de Listar Usuario',)
17:43:59 - INF - get - ('Ejecutando servicio de Listar Usuario',)
17:47:03 - INF - get - ('Ejecutando servicio de listar solicitudes de amistad',)
17:47:03 - INF - get - ('Ejecutando servicio de Listar Usuario',)
17:49:15 - INF - get - ('Ejecutando servicio de Listar Usuario',)
17:49:17 - INF - post - ('Ejecutando servicio de crear solicitud de amistad',)
17:49:17 - INF - post - ("Datos recibidos: {'remitente_id': 6, 'destinatario_id': 6, 'estado': 'pendiente'}",)
17:54:43 - INF - post - ('Ejecutando servicio de Login',)
17:54:46 - INF - post - ('Ejecutando servicio de Login',)
17:54:47 - INF - <module> - ('Servicio Finalizado',)
17:54:47 - INF - <module> - ('Servicio Finalizado',)
17:54:49 - INF - <module> - ('Servicio Iniciado',)
17:54:50 - INF - <module> - ('Servicio Iniciado',)
17:54:55 - INF - post - ('Ejecutando servicio de Login',)
17:54:55 - INF - get - ('Executing user ID retrieval service',)
17:54:55 - INF - get_user_id - ("Resultado de la consulta: {'result': True, 'data': RealDictRow({'id': 5}), 'message': None}",)
17:54:55 - INF - get - ('Ejecutando servicio de listar solicitudes de amistad',)
17:54:55 - INF - get - ('Ejecutando servicio de listar publicaciones',)
17:54:55 - INF - get - ('Ejecutando servicio de listar amigos',)
17:54:55 - INF - get - ('Ejecutando servicio de Listar Usuario',)
17:54:55 - INF - get - ('Ejecutando servicio de Listar Usuario',)
17:54:55 - INF - get - ('Ejecutando servicio de listar publicaciones',)
17:54:55 - INF - get - ('Ejecutando servicio de listar solicitudes de amistad',)
17:54:55 - INF - get - ('Ejecutando servicio de listar amigos',)
17:54:57 - INF - get - ('Ejecutando servicio de Listar Usuario',)
17:54:57 - INF - get - ('Ejecutando servicio de listar solicitudes de amistad',)
17:55:57 - INF - get - ('Ejecutando servicio de listar solicitudes de amistad',)
17:55:57 - INF - get - ('Ejecutando servicio de Listar Usuario',)
17:56:01 - INF - get - ('Ejecutando servicio de Listar Usuario',)
17:56:01 - INF - get - ('Ejecutando servicio de listar solicitudes de amistad',)
17:56:22 - INF - post - ('Ejecutando servicio de crear solicitud de amistad',)
17:56:22 - INF - post - ("Datos recibidos: {'remitente_id': 5, 'destinatario_id': 3, 'estado': 'pendiente'}",)
17:57:07 - INF - get - ('Ejecutando servicio de Listar Usuario',)
17:57:07 - INF - get - ('Ejecutando servicio de listar solicitudes de amistad',)
17:59:26 - INF - get - ('Ejecutando servicio de Listar Usuario',)
17:59:26 - INF - get - ('Ejecutando servicio de listar solicitudes de amistad',)
18:05:22 - INF - post - ('Ejecutando servicio de crear publicación',)
18:05:26 - INF - get - ('Ejecutando servicio de listar publicaciones',)
18:05:26 - INF - get - ('Ejecutando servicio de listar amigos',)
18:05:26 - INF - get - ('Ejecutando servicio de listar publicaciones',)
18:05:26 - INF - get - ('Ejecutando servicio de listar amigos',)
18:20:43 - INF - <module> - ('Servicio Finalizado',)
18:20:43 - INF - <module> - ('Servicio Finalizado',)
18:22:15 - INF - <module> - ('Servicio Iniciado',)
18:22:16 - INF - <module> - ('Servicio Iniciado',)
18:22:40 - INF - get - ('Ejecutando servicio de listar solicitudes de amistad',)
18:22:40 - INF - get - ('Ejecutando servicio de Listar Usuario',)
18:23:17 - INF - get - ('Ejecutando servicio de obtener detalles del usuario: 5',)
18:23:17 - INF - get - ('Ejecutando servicio de obtener publicaciones del usuario: 5',)
18:23:17 - INF - get - ('Ejecutando servicio de obtener publicaciones del usuario: 5',)
18:23:17 - INF - get - ('Ejecutando servicio de obtener detalles del usuario: 5',)
18:23:56 - INF - post - ('Ejecutando servicio de Login',)
18:23:56 - INF - get - ('Executing user ID retrieval service',)
18:23:56 - INF - get_user_id - ("Resultado de la consulta: {'result': True, 'data': RealDictRow({'id': 7}), 'message': None}",)
18:23:56 - INF - get - ('Ejecutando servicio de Listar Usuario',)
18:23:56 - INF - get - ('Ejecutando servicio de listar solicitudes de amistad',)
18:23:56 - INF - get - ('Ejecutando servicio de listar amigos',)
18:23:56 - INF - get - ('Ejecutando servicio de listar publicaciones',)
18:23:56 - INF - get - ('Ejecutando servicio de Listar Usuario',)
18:23:56 - INF - get - ('Ejecutando servicio de listar amigos',)
18:23:56 - INF - get - ('Ejecutando servicio de listar publicaciones',)
18:23:56 - INF - get - ('Ejecutando servicio de listar solicitudes de amistad',)
18:24:00 - INF - get - ('Ejecutando servicio de obtener detalles del usuario: 7',)
18:24:00 - INF - get - ('Ejecutando servicio de obtener publicaciones del usuario: 7',)
18:24:00 - INF - get - ('Ejecutando servicio de obtener detalles del usuario: 7',)
18:24:00 - INF - get - ('Ejecutando servicio de obtener publicaciones del usuario: 7',)
18:30:16 - INF - get - ('Ejecutando servicio de Listar Usuario',)
18:30:16 - INF - get - ('Ejecutando servicio de listar solicitudes de amistad',)
18:40:18 - INF - get - ('Ejecutando servicio de listar publicaciones',)
18:40:18 - INF - get - ('Ejecutando servicio de listar amigos',)
18:40:18 - INF - get - ('Ejecutando servicio de listar amigos',)
18:40:18 - INF - get - ('Ejecutando servicio de listar publicaciones',)
18:40:35 - INF - get - ('Ejecutando servicio de obtener detalles del usuario: 7',)
18:40:35 - INF - get - ('Ejecutando servicio de obtener publicaciones del usuario: 7',)
18:40:35 - INF - get - ('Ejecutando servicio de obtener publicaciones del usuario: 7',)
18:40:35 - INF - get - ('Ejecutando servicio de obtener detalles del usuario: 7',)
18:40:50 - INF - post - ('Ejecutando servicio de crear publicación',)
18:41:00 - INF - get - ('Ejecutando servicio de listar amigos',)
18:41:00 - INF - get - ('Ejecutando servicio de listar publicaciones',)
18:41:00 - INF - get - ('Ejecutando servicio de listar amigos',)
18:41:00 - INF - get - ('Ejecutando servicio de listar publicaciones',)
18:41:02 - INF - get - ('Ejecutando servicio de obtener detalles del usuario: 7',)
18:41:02 - INF - get - ('Ejecutando servicio de obtener publicaciones del usuario: 7',)
18:41:02 - INF - get - ('Ejecutando servicio de obtener detalles del usuario: 7',)
18:41:02 - INF - get - ('Ejecutando servicio de obtener publicaciones del usuario: 7',)
18:41:24 - INF - get - ('Ejecutando servicio de listar publicaciones',)
18:41:24 - INF - get - ('Ejecutando servicio de listar amigos',)
18:41:24 - INF - get - ('Ejecutando servicio de listar publicaciones',)
18:41:24 - INF - get - ('Ejecutando servicio de listar amigos',)
18:43:33 - INF - get - ('Ejecutando servicio de listar mensajes',)
18:43:33 - INF - get - ('Ejecutando servicio de listar mensajes',)
18:44:05 - INF - post - ('Ejecutando servicio de Login',)
18:44:05 - INF - get - ('Executing user ID retrieval service',)
18:44:05 - INF - get_user_id - ("Resultado de la consulta: {'result': True, 'data': RealDictRow({'id': 7}), 'message': None}",)
18:44:05 - INF - get - ('Ejecutando servicio de listar solicitudes de amistad',)
18:44:05 - INF - get - ('Ejecutando servicio de Listar Usuario',)
18:44:05 - INF - get - ('Ejecutando servicio de listar publicaciones',)
18:44:05 - INF - get - ('Ejecutando servicio de listar amigos',)
18:44:05 - INF - get - ('Ejecutando servicio de Listar Usuario',)
18:44:05 - INF - get - ('Ejecutando servicio de listar amigos',)
18:44:05 - INF - get - ('Ejecutando servicio de listar publicaciones',)
18:44:05 - INF - get - ('Ejecutando servicio de listar solicitudes de amistad',)
19:07:06 - INF - post - ('Ejecutando servicio de Login',)
19:07:06 - INF - get - ('Executing user ID retrieval service',)
19:07:06 - INF - get_user_id - ("Resultado de la consulta: {'result': True, 'data': RealDictRow({'id': 7}), 'message': None}",)
19:07:06 - INF - get - ('Ejecutando servicio de listar solicitudes de amistad',)
19:07:06 - INF - get - ('Ejecutando servicio de listar publicaciones',)
19:07:06 - INF - get - ('Ejecutando servicio de Listar Usuario',)
19:07:06 - INF - get - ('Ejecutando servicio de listar amigos',)
19:07:06 - INF - get - ('Ejecutando servicio de listar publicaciones',)
19:07:06 - INF - get - ('Ejecutando servicio de listar solicitudes de amistad',)
19:07:06 - INF - get - ('Ejecutando servicio de Listar Usuario',)
19:07:06 - INF - get - ('Ejecutando servicio de listar amigos',)
19:07:10 - INF - get - ('Ejecutando servicio de Listar Usuario',)
19:07:10 - INF - get - ('Ejecutando servicio de listar solicitudes de amistad',)
19:08:15 - INF - get - ('Ejecutando servicio de Listar Usuario',)
19:08:15 - INF - get - ('Ejecutando servicio de listar solicitudes de amistad',)
19:08:44 - INF - get - ('Ejecutando servicio de Listar Usuario',)
19:08:44 - INF - get - ('Ejecutando servicio de listar solicitudes de amistad',)
19:11:28 - INF - get - ('Ejecutando servicio de Listar Usuario',)
19:11:28 - INF - get - ('Ejecutando servicio de listar solicitudes de amistad',)
19:11:32 - INF - get - ('Ejecutando servicio de Listar Usuario',)
19:11:32 - INF - get - ('Ejecutando servicio de listar solicitudes de amistad',)
19:11:53 - INF - get - ('Ejecutando servicio de obtener detalles del usuario: 7',)
19:11:53 - INF - get - ('Ejecutando servicio de obtener publicaciones del usuario: 7',)
19:11:53 - INF - get - ('Ejecutando servicio de obtener detalles del usuario: 7',)
19:11:53 - INF - get - ('Ejecutando servicio de obtener publicaciones del usuario: 7',)
19:11:57 - INF - get - ('Ejecutando servicio de Listar Usuario',)
19:11:57 - INF - get - ('Ejecutando servicio de listar solicitudes de amistad',)
19:12:06 - INF - get - ('Ejecutando servicio de Listar Usuario',)
19:12:06 - INF - get - ('Ejecutando servicio de listar solicitudes de amistad',)
19:13:34 - INF - post - ('Ejecutando servicio de Login',)
19:13:34 - INF - get - ('Executing user ID retrieval service',)
19:13:34 - INF - get_user_id - ("Resultado de la consulta: {'result': True, 'data': RealDictRow({'id': 3}), 'message': None}",)
19:13:34 - INF - get - ('Ejecutando servicio de listar solicitudes de amistad',)
19:13:34 - INF - get - ('Ejecutando servicio de listar publicaciones',)
19:13:34 - INF - get - ('Ejecutando servicio de Listar Usuario',)
19:13:34 - INF - get - ('Ejecutando servicio de listar amigos',)
19:13:34 - INF - get - ('Ejecutando servicio de listar solicitudes de amistad',)
19:13:34 - INF - get - ('Ejecutando servicio de Listar Usuario',)
19:13:34 - INF - get - ('Ejecutando servicio de listar amigos',)
19:13:34 - INF - get - ('Ejecutando servicio de listar publicaciones',)
19:13:36 - INF - get - ('Ejecutando servicio de Listar Usuario',)
19:13:36 - INF - get - ('Ejecutando servicio de listar solicitudes de amistad',)
19:13:46 - INF - post - ('Ejecutando servicio de crear solicitud de amistad',)
19:13:46 - INF - post - ("Datos recibidos: {'remitente_id': 3, 'destinatario_id': 5, 'estado': 'pendiente'}",)
19:19:47 - INF - get - ('Ejecutando servicio de listar solicitudes de amistad',)
19:20:28 - INF - get - ('Ejecutando servicio de Listar Usuario',)
19:20:28 - INF - get - ('Ejecutando servicio de listar solicitudes de amistad',)
19:20:33 - INF - get - ('Ejecutando servicio de Listar Usuario',)
19:20:33 - INF - get - ('Ejecutando servicio de listar solicitudes de amistad',)
19:22:39 - INF - get - ('Ejecutando servicio de Listar Usuario',)
19:22:39 - INF - get - ('Ejecutando servicio de listar solicitudes de amistad',)
19:22:42 - INF - get - ('Ejecutando servicio de Listar Usuario',)
19:22:42 - INF - get - ('Ejecutando servicio de listar solicitudes de amistad',)
19:23:43 - INF - get - ('Ejecutando servicio de Listar Usuario',)
19:23:43 - INF - get - ('Ejecutando servicio de listar solicitudes de amistad',)
19:25:27 - INF - get - ('Ejecutando servicio de Listar Usuario',)
19:25:27 - INF - get - ('Ejecutando servicio de listar solicitudes de amistad',)
19:25:50 - INF - post - ('Ejecutando servicio de Login',)
19:25:50 - INF - get - ('Executing user ID retrieval service',)
19:25:50 - INF - get_user_id - ("Resultado de la consulta: {'result': True, 'data': RealDictRow({'id': 7}), 'message': None}",)
19:25:50 - INF - get - ('Ejecutando servicio de listar solicitudes de amistad',)
19:25:50 - INF - get - ('Ejecutando servicio de Listar Usuario',)
19:25:50 - INF - get - ('Ejecutando servicio de listar publicaciones',)
19:25:50 - INF - get - ('Ejecutando servicio de listar amigos',)
19:25:50 - INF - get - ('Ejecutando servicio de listar solicitudes de amistad',)
19:25:50 - INF - get - ('Ejecutando servicio de Listar Usuario',)
19:25:50 - INF - get - ('Ejecutando servicio de listar publicaciones',)
19:25:50 - INF - get - ('Ejecutando servicio de listar amigos',)
19:26:13 - INF - get - ('Ejecutando servicio de Listar Usuario',)
19:26:13 - INF - get - ('Ejecutando servicio de listar solicitudes de amistad',)
19:26:39 - INF - post - ('Ejecutando servicio de crear solicitud de amistad',)
19:26:39 - INF - post - ("Datos recibidos: {'remitente_id': 7, 'destinatario_id': 1, 'estado': 'pendiente'}",)
19:26:46 - INF - get - ('Ejecutando servicio de Listar Usuario',)
19:26:46 - INF - get - ('Ejecutando servicio de listar solicitudes de amistad',)
19:29:47 - INF - get - ('Ejecutando servicio de Listar Usuario',)
19:29:47 - INF - get - ('Ejecutando servicio de listar solicitudes de amistad',)
19:30:03 - INF - get - ('Ejecutando servicio de Listar Usuario',)
19:30:03 - INF - get - ('Ejecutando servicio de listar solicitudes de amistad',)
19:30:39 - INF - get - ('Ejecutando servicio de listar publicaciones',)
19:30:39 - INF - get - ('Ejecutando servicio de listar amigos',)
19:30:39 - INF - get - ('Ejecutando servicio de listar publicaciones',)
19:30:39 - INF - get - ('Ejecutando servicio de listar amigos',)
19:30:44 - INF - get - ('Ejecutando servicio de Listar Usuario',)
19:30:44 - INF - get - ('Ejecutando servicio de listar solicitudes de amistad',)
19:30:46 - INF - get - ('Ejecutando servicio de Listar Usuario',)
19:30:46 - INF - get - ('Ejecutando servicio de listar solicitudes de amistad',)
19:31:19 - INF - post - ('Ejecutando servicio de Login',)
19:31:19 - INF - get - ('Executing user ID retrieval service',)
19:31:19 - INF - get_user_id - ("Resultado de la consulta: {'result': True, 'data': RealDictRow({'id': 3}), 'message': None}",)
19:31:19 - INF - get - ('Ejecutando servicio de Listar Usuario',)
19:31:19 - INF - get - ('Ejecutando servicio de listar publicaciones',)
19:31:19 - INF - get - ('Ejecutando servicio de listar solicitudes de amistad',)
19:31:19 - INF - get - ('Ejecutando servicio de listar amigos',)
19:31:19 - INF - get - ('Ejecutando servicio de listar solicitudes de amistad',)
19:31:19 - INF - get - ('Ejecutando servicio de Listar Usuario',)
19:31:19 - INF - get - ('Ejecutando servicio de listar publicaciones',)
19:31:19 - INF - get - ('Ejecutando servicio de listar amigos',)
19:31:21 - INF - get - ('Ejecutando servicio de Listar Usuario',)
19:31:21 - INF - get - ('Ejecutando servicio de listar solicitudes de amistad',)
19:31:23 - INF - get - ('Ejecutando servicio de Listar Usuario',)
19:31:23 - INF - get - ('Ejecutando servicio de listar solicitudes de amistad',)
19:31:30 - INF - get - ('Ejecutando servicio de listar publicaciones',)
19:31:30 - INF - get - ('Ejecutando servicio de listar amigos',)
19:31:30 - INF - get - ('Ejecutando servicio de listar publicaciones',)
19:31:30 - INF - get - ('Ejecutando servicio de listar amigos',)
19:35:40 - INF - get - ('Ejecutando servicio de Listar Usuario',)
19:35:40 - INF - get - ('Ejecutando servicio de listar solicitudes de amistad',)
19:37:19 - INF - get - ('Ejecutando servicio de Listar Usuario',)
19:37:19 - INF - get - ('Ejecutando servicio de listar solicitudes de amistad',)
19:37:34 - INF - get - ('Ejecutando servicio de Listar Usuario',)
19:37:34 - INF - get - ('Ejecutando servicio de listar solicitudes de amistad',)
19:39:42 - INF - get - ('Ejecutando servicio de Listar Usuario',)
19:39:42 - INF - get - ('Ejecutando servicio de listar solicitudes de amistad',)
19:39:50 - INF - get - ('Ejecutando servicio de listar mensajes',)
19:39:50 - INF - get - ('Ejecutando servicio de listar mensajes',)
19:40:33 - INF - post - ('Ejecutando servicio de Login',)
19:40:33 - INF - get - ('Executing user ID retrieval service',)
19:40:34 - INF - get_user_id - ("Resultado de la consulta: {'result': True, 'data': RealDictRow({'id': 7}), 'message': None}",)
19:40:34 - INF - get - ('Ejecutando servicio de listar solicitudes de amistad',)
19:40:34 - INF - get - ('Ejecutando servicio de Listar Usuario',)
19:40:34 - INF - get - ('Ejecutando servicio de listar publicaciones',)
19:40:34 - INF - get - ('Ejecutando servicio de listar amigos',)
19:40:34 - INF - get - ('Ejecutando servicio de listar solicitudes de amistad',)
19:40:34 - INF - get - ('Ejecutando servicio de Listar Usuario',)
19:40:34 - INF - get - ('Ejecutando servicio de listar amigos',)
19:40:34 - INF - get - ('Ejecutando servicio de listar publicaciones',)
19:43:07 - INF - get - ('Ejecutando servicio de Listar Usuario',)
19:43:07 - INF - get - ('Ejecutando servicio de listar solicitudes de amistad',)
20:02:07 - INF - get - ('Ejecutando servicio de listar publicaciones',)
20:02:07 - INF - get - ('Ejecutando servicio de Listar Usuario',)
20:02:07 - INF - get - ('Ejecutando servicio de listar publicaciones',)
20:02:07 - INF - get - ('Ejecutando servicio de Listar Usuario',)
20:02:12 - INF - get - ('Ejecutando servicio de listar mensajes',)
20:02:12 - INF - get - ('Ejecutando servicio de listar mensajes',)
20:02:27 - INF - post - ('Ejecutando servicio de Login',)
20:02:27 - INF - get - ('Executing user ID retrieval service',)
20:02:28 - INF - get_user_id - ("Resultado de la consulta: {'result': True, 'data': RealDictRow({'id': 7}), 'message': None}",)
20:02:28 - INF - get - ('Ejecutando servicio de listar solicitudes de amistad',)
20:02:28 - INF - get - ('Ejecutando servicio de Listar Usuario',)
20:02:28 - INF - get - ('Ejecutando servicio de listar publicaciones',)
20:02:28 - INF - get - ('Ejecutando servicio de listar solicitudes de amistad',)
20:02:28 - INF - get - ('Ejecutando servicio de Listar Usuario',)
20:02:28 - INF - get - ('Ejecutando servicio de listar publicaciones',)
20:02:28 - INF - get - ('Ejecutando servicio de Listar Usuario',)
20:02:28 - INF - get - ('Ejecutando servicio de Listar Usuario',)
20:03:18 - INF - get - ('Ejecutando servicio de listar mensajes',)
20:03:18 - INF - get - ('Ejecutando servicio de listar mensajes',)
20:09:01 - INF - post - ('Ejecutando servicio de Login',)
20:09:01 - INF - get - ('Executing user ID retrieval service',)
20:09:01 - INF - get_user_id - ("Resultado de la consulta: {'result': True, 'data': RealDictRow({'id': 5}), 'message': None}",)
20:09:01 - INF - get - ('Ejecutando servicio de Listar Usuario',)
20:09:01 - INF - get - ('Ejecutando servicio de listar solicitudes de amistad',)
20:09:01 - INF - get - ('Ejecutando servicio de listar publicaciones',)
20:09:01 - INF - get - ('Ejecutando servicio de Listar Usuario',)
20:09:01 - INF - get - ('Ejecutando servicio de listar solicitudes de amistad',)
20:09:01 - INF - get - ('Ejecutando servicio de listar publicaciones',)
20:09:01 - INF - get - ('Ejecutando servicio de Listar Usuario',)
20:09:01 - INF - get - ('Ejecutando servicio de Listar Usuario',)
20:09:03 - INF - get - ('Ejecutando servicio de listar mensajes',)
20:09:03 - INF - get - ('Ejecutando servicio de listar mensajes',)
20:17:32 - INF - post - ('Ejecutando servicio de Login',)
20:17:32 - INF - get - ('Executing user ID retrieval service',)
20:17:32 - INF - get_user_id - ("Resultado de la consulta: {'result': True, 'data': RealDictRow({'id': 7}), 'message': None}",)
20:17:32 - INF - get - ('Ejecutando servicio de Listar Usuario',)
20:17:32 - INF - get - ('Ejecutando servicio de listar solicitudes de amistad',)
20:17:32 - INF - get - ('Ejecutando servicio de listar publicaciones',)
20:17:32 - INF - get - ('Ejecutando servicio de Listar Usuario',)
20:17:32 - INF - get - ('Ejecutando servicio de listar solicitudes de amistad',)
20:17:32 - INF - get - ('Ejecutando servicio de listar publicaciones',)
20:17:32 - INF - get - ('Ejecutando servicio de Listar Usuario',)
20:17:32 - INF - get - ('Ejecutando servicio de Listar Usuario',)
20:17:34 - INF - get - ('Ejecutando servicio de listar mensajes',)
20:17:34 - INF - get - ('Ejecutando servicio de listar mensajes',)
20:17:36 - INF - get - ('Ejecutando servicio de listar mensajes',)
20:17:37 - INF - get - ('Ejecutando servicio de listar mensajes',)
20:17:38 - INF - get - ('Ejecutando servicio de listar mensajes',)
20:17:41 - INF - post - ('Ejecutando servicio de crear mensaje',)
20:17:44 - INF - post - ('Ejecutando servicio de crear mensaje',)
20:17:47 - INF - post - ('Ejecutando servicio de crear mensaje',)
20:22:44 - INF - get - ('Ejecutando servicio de listar mensajes',)
20:23:25 - INF - get - ('Ejecutando servicio de listar publicaciones',)
20:23:25 - INF - get - ('Ejecutando servicio de Listar Usuario',)
20:23:25 - INF - get - ('Ejecutando servicio de listar publicaciones',)
20:23:25 - INF - get - ('Ejecutando servicio de Listar Usuario',)
20:23:30 - INF - get - ('Ejecutando servicio de listar mensajes',)
20:23:30 - INF - get - ('Ejecutando servicio de listar mensajes',)
20:23:37 - INF - get - ('Ejecutando servicio de listar mensajes',)
20:23:38 - INF - get - ('Ejecutando servicio de listar mensajes',)
20:23:39 - INF - get - ('Ejecutando servicio de listar mensajes',)
20:23:48 - INF - post - ('Ejecutando servicio de crear mensaje',)
20:24:08 - INF - post - ('Ejecutando servicio de crear mensaje',)
20:24:13 - INF - get - ('Ejecutando servicio de listar mensajes',)
20:24:13 - INF - get - ('Ejecutando servicio de listar mensajes',)
20:24:41 - INF - get - ('Ejecutando servicio de listar amigos',)
20:24:41 - INF - get - ('Ejecutando servicio de listar publicaciones',)
20:24:41 - INF - get - ('Ejecutando servicio de Listar Usuario',)
20:24:41 - INF - get - ('Ejecutando servicio de listar solicitudes de amistad',)
20:24:41 - INF - get - ('Ejecutando servicio de listar amigos',)
20:24:41 - INF - get - ('Ejecutando servicio de Listar Usuario',)
20:24:41 - INF - get - ('Ejecutando servicio de listar solicitudes de amistad',)
20:24:41 - INF - get - ('Ejecutando servicio de listar publicaciones',)
20:24:51 - INF - get - ('Ejecutando servicio de listar publicaciones',)
20:24:51 - INF - get - ('Ejecutando servicio de Listar Usuario',)
20:24:51 - INF - get - ('Ejecutando servicio de listar publicaciones',)
20:24:51 - INF - get - ('Ejecutando servicio de Listar Usuario',)
20:24:53 - INF - get - ('Ejecutando servicio de listar mensajes',)
20:24:53 - INF - get - ('Ejecutando servicio de listar mensajes',)
20:25:47 - INF - get - ('Ejecutando servicio de listar mensajes',)
20:26:08 - INF - post - ('Ejecutando servicio de crear mensaje',)
20:33:36 - INF - get - ('Ejecutando servicio de listar mensajes',)
20:33:42 - INF - get - ('Ejecutando servicio de listar mensajes',)
20:33:42 - INF - get - ('Ejecutando servicio de listar mensajes',)
20:33:47 - INF - post - ('Ejecutando servicio de crear mensaje',)
20:33:56 - INF - get - ('Ejecutando servicio de listar mensajes',)
20:34:01 - INF - post - ('Ejecutando servicio de crear mensaje',)
20:36:59 - INF - get - ('Ejecutando servicio de listar mensajes',)
20:37:04 - INF - get - ('Ejecutando servicio de listar mensajes',)
20:37:04 - INF - get - ('Ejecutando servicio de listar mensajes',)
20:37:07 - INF - get - ('Ejecutando servicio de listar mensajes',)
20:37:07 - INF - get - ('Ejecutando servicio de listar mensajes',)
20:37:08 - INF - get - ('Ejecutando servicio de listar mensajes',)
20:37:09 - INF - get - ('Ejecutando servicio de listar mensajes',)
20:37:09 - INF - get - ('Ejecutando servicio de listar mensajes',)
20:37:10 - INF - get - ('Ejecutando servicio de listar mensajes',)
20:37:10 - INF - get - ('Ejecutando servicio de listar mensajes',)
20:37:11 - INF - get - ('Ejecutando servicio de listar mensajes',)
20:37:15 - INF - post - ('Ejecutando servicio de crear mensaje',)
20:37:21 - INF - post - ('Ejecutando servicio de crear mensaje',)
20:37:24 - INF - get - ('Ejecutando servicio de listar mensajes',)
20:37:24 - INF - get - ('Ejecutando servicio de listar mensajes',)
20:38:56 - INF - get - ('Ejecutando servicio de listar mensajes',)
20:38:56 - INF - get - ('Ejecutando servicio de listar mensajes',)
20:38:57 - INF - get - ('Ejecutando servicio de listar mensajes',)
20:38:58 - INF - get - ('Ejecutando servicio de listar mensajes',)
20:38:59 - INF - get - ('Ejecutando servicio de listar mensajes',)
20:39:00 - INF - get - ('Ejecutando servicio de listar mensajes',)
20:39:04 - INF - post - ('Ejecutando servicio de crear mensaje',)
20:39:10 - INF - post - ('Ejecutando servicio de crear mensaje',)
20:39:24 - INF - get - ('Ejecutando servicio de listar mensajes',)
20:39:24 - INF - get - ('Ejecutando servicio de listar mensajes',)
20:41:42 - INF - get - ('Ejecutando servicio de listar mensajes',)
20:42:08 - INF - get - ('Ejecutando servicio de listar mensajes',)
20:42:08 - INF - get - ('Ejecutando servicio de listar mensajes',)
20:45:39 - INF - get - ('Ejecutando servicio de listar mensajes',)
20:45:39 - INF - get - ('Ejecutando servicio de listar mensajes',)
20:45:55 - INF - get - ('Ejecutando servicio de listar mensajes',)
20:45:58 - INF - get - ('Ejecutando servicio de listar mensajes',)
20:45:58 - INF - get - ('Ejecutando servicio de listar mensajes',)
20:46:47 - INF - get - ('Ejecutando servicio de listar mensajes',)
20:47:26 - INF - get - ('Ejecutando servicio de obtener detalles del usuario: 7',)
20:47:26 - INF - get - ('Ejecutando servicio de obtener publicaciones del usuario: 7',)
20:47:26 - INF - get - ('Ejecutando servicio de obtener detalles del usuario: 7',)
20:47:26 - INF - get - ('Ejecutando servicio de obtener publicaciones del usuario: 7',)
20:47:33 - INF - post - ('Ejecutando servicio de Login',)
20:47:33 - INF - get - ('Executing user ID retrieval service',)
20:47:33 - INF - get_user_id - ("Resultado de la consulta: {'result': True, 'data': RealDictRow({'id': 2}), 'message': None}",)
20:47:33 - INF - get - ('Ejecutando servicio de listar solicitudes de amistad',)
20:47:33 - INF - get - ('Ejecutando servicio de Listar Usuario',)
20:47:33 - INF - get - ('Ejecutando servicio de listar publicaciones',)
20:47:33 - INF - get - ('Ejecutando servicio de listar solicitudes de amistad',)
20:47:33 - INF - get - ('Ejecutando servicio de listar publicaciones',)
20:47:33 - INF - get - ('Ejecutando servicio de Listar Usuario',)
20:47:33 - INF - get - ('Ejecutando servicio de Listar Usuario',)
20:47:33 - INF - get - ('Ejecutando servicio de Listar Usuario',)
20:47:35 - INF - get - ('Ejecutando servicio de obtener detalles del usuario: 2',)
20:47:35 - INF - get - ('Ejecutando servicio de obtener publicaciones del usuario: 2',)
20:47:35 - INF - get - ('Ejecutando servicio de obtener detalles del usuario: 2',)
20:47:35 - INF - get - ('Ejecutando servicio de obtener publicaciones del usuario: 2',)
20:47:39 - INF - get - ('Ejecutando servicio de Listar Usuario',)
20:47:39 - INF - get - ('Ejecutando servicio de listar publicaciones',)
20:47:39 - INF - get - ('Ejecutando servicio de Listar Usuario',)
20:47:39 - INF - get - ('Ejecutando servicio de listar publicaciones',)
20:47:40 - INF - get - ('Ejecutando servicio de listar mensajes',)
20:47:40 - INF - get - ('Ejecutando servicio de listar mensajes',)
20:47:41 - INF - get - ('Ejecutando servicio de listar mensajes',)
20:47:41 - INF - get - ('Ejecutando servicio de listar mensajes',)
20:47:42 - INF - get - ('Ejecutando servicio de listar mensajes',)
20:47:42 - INF - get - ('Ejecutando servicio de listar mensajes',)
20:48:00 - INF - get - ('Ejecutando servicio de listar mensajes',)
20:48:20 - INF - get - ('Ejecutando servicio de listar mensajes',)
20:48:20 - INF - get - ('Ejecutando servicio de listar mensajes',)
22:56:19 - INF - get - ('Ejecutando servicio de listar mensajes',)
22:56:19 - INF - get - ('Ejecutando servicio de listar mensajes',)
22:56:24 - INF - post - ('Ejecutando servicio de crear mensaje',)
22:56:43 - INF - get - ('Ejecutando servicio de obtener detalles del usuario: 2',)
22:56:43 - INF - get - ('Ejecutando servicio de obtener publicaciones del usuario: 2',)
22:56:43 - INF - get - ('Ejecutando servicio de obtener detalles del usuario: 2',)
22:56:43 - INF - get - ('Ejecutando servicio de obtener publicaciones del usuario: 2',)
22:56:50 - INF - post - ('Ejecutando servicio de Login',)
22:56:50 - INF - get - ('Executing user ID retrieval service',)
22:56:50 - INF - get_user_id - ("Resultado de la consulta: {'result': True, 'data': RealDictRow({'id': 7}), 'message': None}",)
22:56:50 - INF - get - ('Ejecutando servicio de listar solicitudes de amistad',)
22:56:50 - INF - get - ('Ejecutando servicio de Listar Usuario',)
22:56:50 - INF - get - ('Ejecutando servicio de listar publicaciones',)
22:56:50 - INF - get - ('Ejecutando servicio de listar solicitudes de amistad',)
22:56:50 - INF - get - ('Ejecutando servicio de Listar Usuario',)
22:56:50 - INF - get - ('Ejecutando servicio de listar publicaciones',)
22:56:50 - INF - get - ('Ejecutando servicio de Listar Usuario',)
22:56:50 - INF - get - ('Ejecutando servicio de Listar Usuario',)
22:56:52 - INF - get - ('Ejecutando servicio de obtener detalles del usuario: 7',)
22:56:52 - INF - get - ('Ejecutando servicio de obtener publicaciones del usuario: 7',)
22:56:52 - INF - get - ('Ejecutando servicio de obtener publicaciones del usuario: 7',)
22:56:52 - INF - get - ('Ejecutando servicio de obtener detalles del usuario: 7',)
22:57:42 - INF - get - ('Ejecutando servicio de Listar Usuario',)
22:57:42 - INF - get - ('Ejecutando servicio de listar solicitudes de amistad',)
22:58:00 - INF - post - ('Ejecutando servicio de crear solicitud de amistad',)
22:58:00 - INF - post - ("Datos recibidos: {'remitente_id': 7, 'destinatario_id': 2, 'estado': 'pendiente'}",)
23:02:25 - INF - get - ('Ejecutando servicio de listar publicaciones',)
23:02:25 - INF - get - ('Ejecutando servicio de Listar Usuario',)
23:02:25 - INF - get - ('Ejecutando servicio de listar publicaciones',)
23:02:25 - INF - get - ('Ejecutando servicio de Listar Usuario',)
23:02:30 - INF - get - ('Ejecutando servicio de listar mensajes',)
23:02:30 - INF - get - ('Ejecutando servicio de listar mensajes',)
23:06:21 - INF - get - ('Ejecutando servicio de listar mensajes',)
23:06:21 - INF - get - ('Ejecutando servicio de listar mensajes',)
23:06:42 - INF - get - ('Ejecutando servicio de listar mensajes',)
23:06:42 - INF - get - ('Ejecutando servicio de listar mensajes',)
23:07:04 - INF - post - ('Ejecutando servicio de crear mensaje',)
23:07:13 - INF - get - ('Ejecutando servicio de listar mensajes',)
23:07:13 - INF - get - ('Ejecutando servicio de listar mensajes',)
23:10:15 - INF - get - ('Ejecutando servicio de listar mensajes',)
23:10:25 - INF - post - ('Ejecutando servicio de crear mensaje',)
23:10:54 - INF - post - ('Ejecutando servicio de crear mensaje',)
23:10:58 - INF - post - ('Ejecutando servicio de crear mensaje',)
23:15:52 - INF - get - ('Ejecutando servicio de listar solicitudes de amistad',)
23:15:52 - INF - get - ('Ejecutando servicio de Listar Usuario',)
23:15:52 - INF - get - ('Ejecutando servicio de listar mensajes',)
23:15:52 - INF - get - ('Ejecutando servicio de listar publicaciones',)
23:15:52 - INF - get - ('Ejecutando servicio de Listar Usuario',)
23:16:08 - INF - get - ('Ejecutando servicio de listar mensajes',)
23:16:20 - INF - post - ('Ejecutando servicio de Login',)
23:16:20 - INF - get - ('Executing user ID retrieval service',)
23:16:20 - INF - get_user_id - ("Resultado de la consulta: {'result': True, 'data': RealDictRow({'id': 7}), 'message': None}",)
23:16:20 - INF - get - ('Ejecutando servicio de listar solicitudes de amistad',)
23:16:20 - INF - get - ('Ejecutando servicio de Listar Usuario',)
23:16:20 - INF - get - ('Ejecutando servicio de listar publicaciones',)
23:16:20 - INF - get - ('Ejecutando servicio de listar publicaciones',)
23:16:20 - INF - get - ('Ejecutando servicio de Listar Usuario',)
23:16:20 - INF - get - ('Ejecutando servicio de Listar Usuario',)
23:16:21 - INF - get - ('Ejecutando servicio de listar solicitudes de amistad',)
23:16:21 - INF - get - ('Ejecutando servicio de Listar Usuario',)
23:16:22 - INF - get - ('Ejecutando servicio de listar mensajes',)
23:16:22 - INF - get - ('Ejecutando servicio de listar mensajes',)
23:16:24 - INF - get - ('Ejecutando servicio de listar mensajes',)
23:16:25 - INF - get - ('Ejecutando servicio de listar mensajes',)
23:16:25 - INF - get - ('Ejecutando servicio de listar mensajes',)
23:16:26 - INF - get - ('Ejecutando servicio de listar mensajes',)
23:16:26 - INF - get - ('Ejecutando servicio de listar mensajes',)
23:16:31 - INF - get - ('Ejecutando servicio de listar mensajes',)
23:16:34 - INF - get - ('Ejecutando servicio de listar mensajes',)
23:16:34 - INF - get - ('Ejecutando servicio de listar mensajes',)
23:16:37 - INF - get - ('Ejecutando servicio de listar mensajes',)
23:16:39 - INF - get - ('Ejecutando servicio de listar mensajes',)
23:16:40 - INF - get - ('Ejecutando servicio de listar mensajes',)
23:16:42 - INF - get - ('Ejecutando servicio de listar mensajes',)
23:17:00 - INF - get - ('Ejecutando servicio de listar mensajes',)
23:17:00 - INF - get - ('Ejecutando servicio de listar mensajes',)
23:17:09 - INF - get - ('Ejecutando servicio de listar mensajes',)
23:17:09 - INF - get - ('Ejecutando servicio de listar mensajes',)
23:17:16 - INF - get - ('Ejecutando servicio de listar mensajes',)
23:17:16 - INF - get - ('Ejecutando servicio de listar mensajes',)
23:17:29 - INF - get - ('Ejecutando servicio de listar mensajes',)
23:17:29 - INF - get - ('Ejecutando servicio de listar mensajes',)
23:17:36 - INF - post - ('Ejecutando servicio de crear mensaje',)
23:17:45 - INF - get - ('Ejecutando servicio de listar mensajes',)
23:17:45 - INF - get - ('Ejecutando servicio de listar mensajes',)
23:17:59 - INF - post - ('Ejecutando servicio de Login',)
23:17:59 - INF - get - ('Executing user ID retrieval service',)
23:17:59 - INF - get_user_id - ("Resultado de la consulta: {'result': True, 'data': RealDictRow({'id': 7}), 'message': None}",)
23:17:59 - INF - get - ('Ejecutando servicio de listar solicitudes de amistad',)
23:17:59 - INF - get - ('Ejecutando servicio de Listar Usuario',)
23:17:59 - INF - get - ('Ejecutando servicio de listar publicaciones',)
23:17:59 - INF - get - ('Ejecutando servicio de listar solicitudes de amistad',)
23:17:59 - INF - get - ('Ejecutando servicio de listar publicaciones',)
23:17:59 - INF - get - ('Ejecutando servicio de Listar Usuario',)
23:17:59 - INF - get - ('Ejecutando servicio de Listar Usuario',)
23:17:59 - INF - get - ('Ejecutando servicio de Listar Usuario',)
23:18:01 - INF - get - ('Ejecutando servicio de listar mensajes',)
23:18:01 - INF - get - ('Ejecutando servicio de listar mensajes',)
23:19:05 - INF - get - ('Ejecutando servicio de listar mensajes',)
23:19:05 - INF - get - ('Ejecutando servicio de listar mensajes',)
23:19:10 - INF - get - ('Ejecutando servicio de listar mensajes',)
23:19:16 - INF - post - ('Ejecutando servicio de crear mensaje',)
23:19:53 - INF - get - ('Ejecutando servicio de listar mensajes',)
23:19:57 - INF - get - ('Ejecutando servicio de listar mensajes',)
23:19:57 - INF - get - ('Ejecutando servicio de listar mensajes',)
23:19:58 - INF - get - ('Ejecutando servicio de listar mensajes',)
23:20:06 - INF - get - ('Ejecutando servicio de obtener publicaciones del usuario: 7',)
23:20:06 - INF - get - ('Ejecutando servicio de obtener detalles del usuario: 7',)
23:20:06 - INF - get - ('Ejecutando servicio de obtener publicaciones del usuario: 7',)
23:20:06 - INF - get - ('Ejecutando servicio de obtener detalles del usuario: 7',)
23:20:08 - INF - get - ('Ejecutando servicio de listar publicaciones',)
23:20:08 - INF - get - ('Ejecutando servicio de Listar Usuario',)
23:20:08 - INF - get - ('Ejecutando servicio de Listar Usuario',)
23:20:09 - INF - get - ('Ejecutando servicio de listar publicaciones',)
23:20:12 - INF - get - ('Ejecutando servicio de obtener detalles del usuario: 7',)
23:20:12 - INF - get - ('Ejecutando servicio de obtener publicaciones del usuario: 7',)
23:20:12 - INF - get - ('Ejecutando servicio de obtener detalles del usuario: 7',)
23:20:12 - INF - get - ('Ejecutando servicio de obtener publicaciones del usuario: 7',)
23:20:55 - INF - post - ('Ejecutando servicio de Login',)
23:20:55 - INF - get - ('Executing user ID retrieval service',)
23:20:56 - INF - get_user_id - ("Resultado de la consulta: {'result': True, 'data': RealDictRow({'id': 7}), 'message': None}",)
23:20:56 - INF - get - ('Ejecutando servicio de Listar Usuario',)
23:20:56 - INF - get - ('Ejecutando servicio de listar solicitudes de amistad',)
23:20:56 - INF - get - ('Ejecutando servicio de listar publicaciones',)
23:20:56 - INF - get - ('Ejecutando servicio de Listar Usuario',)
23:20:56 - INF - get - ('Ejecutando servicio de listar solicitudes de amistad',)
23:20:56 - INF - get - ('Ejecutando servicio de listar publicaciones',)
23:20:56 - INF - get - ('Ejecutando servicio de Listar Usuario',)
23:20:56 - INF - get - ('Ejecutando servicio de Listar Usuario',)
23:20:58 - INF - get - ('Ejecutando servicio de listar mensajes',)
23:20:58 - INF - get - ('Ejecutando servicio de listar mensajes',)
23:21:03 - INF - get - ('Ejecutando servicio de listar mensajes',)
23:21:14 - INF - post - ('Ejecutando servicio de crear mensaje',)
23:23:06 - INF - get - ('Ejecutando servicio de listar mensajes',)
23:23:10 - INF - get - ('Ejecutando servicio de listar mensajes',)
23:23:10 - INF - get - ('Ejecutando servicio de listar mensajes',)
23:23:16 - INF - post - ('Ejecutando servicio de Login',)
23:23:16 - INF - get - ('Executing user ID retrieval service',)
23:23:16 - INF - get_user_id - ("Resultado de la consulta: {'result': True, 'data': RealDictRow({'id': 7}), 'message': None}",)
23:23:16 - INF - get - ('Ejecutando servicio de listar solicitudes de amistad',)
23:23:16 - INF - get - ('Ejecutando servicio de listar publicaciones',)
23:23:16 - INF - get - ('Ejecutando servicio de Listar Usuario',)
23:23:16 - INF - get - ('Ejecutando servicio de listar solicitudes de amistad',)
23:23:16 - INF - get - ('Ejecutando servicio de Listar Usuario',)
23:23:16 - INF - get - ('Ejecutando servicio de listar publicaciones',)
23:23:16 - INF - get - ('Ejecutando servicio de Listar Usuario',)
23:23:17 - INF - get - ('Ejecutando servicio de Listar Usuario',)
23:23:20 - INF - get - ('Ejecutando servicio de listar mensajes',)
23:23:20 - INF - get - ('Ejecutando servicio de listar mensajes',)
23:25:13 - INF - get - ('Ejecutando servicio de listar mensajes',)
23:25:20 - INF - get - ('Ejecutando servicio de listar mensajes',)
23:25:22 - INF - get - ('Ejecutando servicio de listar mensajes',)
23:25:22 - INF - get - ('Ejecutando servicio de listar mensajes',)
23:25:24 - INF - get - ('Ejecutando servicio de listar mensajes',)
23:25:31 - INF - post - ('Ejecutando servicio de crear mensaje',)
23:25:33 - INF - post - ('Ejecutando servicio de crear mensaje',)
23:25:34 - INF - post - ('Ejecutando servicio de crear mensaje',)
23:25:37 - INF - post - ('Ejecutando servicio de crear mensaje',)
23:25:46 - INF - post - ('Ejecutando servicio de crear mensaje',)
23:27:00 - INF - post - ('Ejecutando servicio de Login',)
23:27:00 - INF - get - ('Executing user ID retrieval service',)
23:27:00 - INF - get_user_id - ("Resultado de la consulta: {'result': True, 'data': RealDictRow({'id': 1}), 'message': None}",)
23:27:00 - INF - get - ('Ejecutando servicio de listar solicitudes de amistad',)
23:27:00 - INF - get - ('Ejecutando servicio de Listar Usuario',)
23:27:00 - INF - get - ('Ejecutando servicio de listar publicaciones',)
23:27:00 - INF - get - ('Ejecutando servicio de listar solicitudes de amistad',)
23:27:00 - INF - get - ('Ejecutando servicio de Listar Usuario',)
23:27:00 - INF - get - ('Ejecutando servicio de listar publicaciones',)
23:27:00 - INF - get - ('Ejecutando servicio de Listar Usuario',)
23:27:00 - INF - get - ('Ejecutando servicio de Listar Usuario',)
23:27:02 - INF - get - ('Ejecutando servicio de listar mensajes',)
23:27:02 - INF - get - ('Ejecutando servicio de listar mensajes',)
23:27:22 - INF - get - ('Ejecutando servicio de listar mensajes',)
23:27:27 - INF - get - ('Ejecutando servicio de listar mensajes',)
23:27:27 - INF - get - ('Ejecutando servicio de listar mensajes',)
23:27:29 - INF - post - ('Ejecutando servicio de crear mensaje',)
23:27:30 - INF - post - ('Ejecutando servicio de crear mensaje',)
23:27:31 - INF - post - ('Ejecutando servicio de crear mensaje',)
23:27:32 - INF - post - ('Ejecutando servicio de crear mensaje',)
23:27:34 - INF - post - ('Ejecutando servicio de crear mensaje',)
23:27:35 - INF - post - ('Ejecutando servicio de crear mensaje',)
23:27:36 - INF - post - ('Ejecutando servicio de crear mensaje',)
23:27:38 - INF - post - ('Ejecutando servicio de crear mensaje',)
23:27:39 - INF - post - ('Ejecutando servicio de crear mensaje',)
23:27:40 - INF - post - ('Ejecutando servicio de crear mensaje',)
23:27:41 - INF - post - ('Ejecutando servicio de crear mensaje',)
23:27:42 - INF - post - ('Ejecutando servicio de crear mensaje',)
23:27:43 - INF - post - ('Ejecutando servicio de crear mensaje',)
23:29:37 - INF - get - ('Ejecutando servicio de listar mensajes',)
23:29:37 - INF - get - ('Ejecutando servicio de listar mensajes',)
23:31:45 - INF - get - ('Ejecutando servicio de listar solicitudes de amistad',)
23:31:45 - INF - get - ('Ejecutando servicio de Listar Usuario',)
23:31:45 - INF - get - ('Ejecutando servicio de listar mensajes',)
23:31:45 - INF - get - ('Ejecutando servicio de listar publicaciones',)
23:31:45 - INF - get - ('Ejecutando servicio de Listar Usuario',)
23:32:04 - INF - get - ('Ejecutando servicio de listar mensajes',)
23:32:10 - INF - post - ('Ejecutando servicio de Login',)
23:32:10 - INF - get - ('Executing user ID retrieval service',)
23:32:10 - INF - get_user_id - ("Resultado de la consulta: {'result': True, 'data': RealDictRow({'id': 1}), 'message': None}",)
23:32:10 - INF - get - ('Ejecutando servicio de Listar Usuario',)
23:32:10 - INF - get - ('Ejecutando servicio de listar solicitudes de amistad',)
23:32:10 - INF - get - ('Ejecutando servicio de listar publicaciones',)
23:32:10 - INF - get - ('Ejecutando servicio de Listar Usuario',)
23:32:10 - INF - get - ('Ejecutando servicio de listar publicaciones',)
23:32:10 - INF - get - ('Ejecutando servicio de listar solicitudes de amistad',)
23:32:10 - INF - get - ('Ejecutando servicio de Listar Usuario',)
23:32:10 - INF - get - ('Ejecutando servicio de Listar Usuario',)
23:32:12 - INF - get - ('Ejecutando servicio de listar mensajes',)
23:32:12 - INF - get - ('Ejecutando servicio de listar mensajes',)
23:32:12 - INF - get - ('Ejecutando servicio de listar mensajes',)
23:32:13 - INF - get - ('Ejecutando servicio de listar mensajes',)
23:32:13 - INF - get - ('Ejecutando servicio de listar mensajes',)
23:32:14 - INF - get - ('Ejecutando servicio de listar mensajes',)
23:32:14 - INF - get - ('Ejecutando servicio de listar mensajes',)
23:32:14 - INF - get - ('Ejecutando servicio de listar mensajes',)
23:33:14 - INF - get - ('Ejecutando servicio de listar mensajes',)
23:33:14 - INF - get - ('Ejecutando servicio de listar mensajes',)
23:33:27 - INF - post - ('Ejecutando servicio de crear mensaje',)
23:33:50 - INF - get - ('Ejecutando servicio de listar mensajes',)
23:33:50 - INF - get - ('Ejecutando servicio de listar mensajes',)
23:47:19 - INF - get - ('Ejecutando servicio de listar mensajes',)
23:47:19 - INF - get - ('Ejecutando servicio de listar mensajes',)
23:47:21 - INF - post - ('Ejecutando servicio de crear mensaje',)
23:48:01 - INF - get - ('Ejecutando servicio de listar mensajes',)
23:48:01 - INF - get - ('Ejecutando servicio de listar mensajes',)
23:48:02 - INF - get - ('Ejecutando servicio de listar mensajes',)
23:48:03 - INF - get - ('Ejecutando servicio de listar mensajes',)
23:48:27 - INF - post - ('Ejecutando servicio de crear mensaje',)
23:48:30 - INF - post - ('Ejecutando servicio de crear mensaje',)
23:48:44 - INF - get - ('Ejecutando servicio de listar mensajes',)
23:48:44 - INF - get - ('Ejecutando servicio de listar mensajes',)
23:50:21 - INF - get - ('Ejecutando servicio de listar mensajes',)
23:50:24 - INF - get - ('Ejecutando servicio de listar mensajes',)
23:50:24 - INF - get - ('Ejecutando servicio de listar mensajes',)
23:50:26 - INF - get - ('Ejecutando servicio de listar mensajes',)
23:50:26 - INF - get - ('Ejecutando servicio de listar mensajes',)
23:50:27 - INF - get - ('Ejecutando servicio de listar mensajes',)
23:50:27 - INF - get - ('Ejecutando servicio de listar mensajes',)
23:50:27 - INF - get - ('Ejecutando servicio de listar mensajes',)
23:53:34 - INF - get - ('Ejecutando servicio de obtener mensaje por ID',)
23:53:39 - INF - get - ('Ejecutando servicio de obtener mensaje por ID',)
23:53:42 - INF - get - ('Ejecutando servicio de obtener mensaje por ID',)
23:53:45 - INF - get - ('Ejecutando servicio de obtener mensaje por ID',)
23:53:49 - INF - get - ('Ejecutando servicio de obtener mensaje por ID',)
23:53:53 - INF - get - ('Ejecutando servicio de obtener mensaje por ID',)
23:53:56 - INF - get - ('Ejecutando servicio de obtener mensaje por ID',)
23:54:00 - INF - get - ('Ejecutando servicio de obtener mensaje por ID',)
23:54:53 - INF - get - ('Ejecutando servicio de listar mensajes',)
