00:25:27 - INF - <module> - ('Servicio Iniciado',)
00:25:28 - INF - <module> - ('Servicio Iniciado',)
00:25:46 - INF - get - ('Ejecutando servicio de Listar Usuario',)
00:26:11 - INF - get - ('Ejecutando servicio de Listar Usuario',)
00:26:47 - INF - <module> - ('Servicio Finalizado',)
00:26:47 - INF - <module> - ('Servicio Finalizado',)
00:26:49 - INF - <module> - ('Servicio Iniciado',)
00:26:49 - INF - <module> - ('Servicio Iniciado',)
00:26:52 - INF - get - ('Ejecutando servicio de Listar Usuario',)
00:31:56 - INF - post - ('Ejecutando servicio de Login',)
00:31:56 - INF - get - ('Executing user ID retrieval service',)
00:31:56 - INF - get_user_id - ("Resultado de la consulta: {'result': True, 'data': RealDictRow({'id': 1}), 'message': None}",)
00:31:56 - INF - get - ('Ejecutando servicio de listar solicitudes de amistad',)
00:31:56 - INF - get - ('Ejecutando servicio de Listar Usuario',)
00:31:56 - INF - get - ('Ejecutando servicio de listar publicaciones',)
00:31:56 - INF - get - ('Ejecutando servicio de listar solicitudes de amistad',)
00:31:56 - INF - get - ('Ejecutando servicio de Listar Usuario',)
00:31:56 - INF - get - ('Ejecutando servicio de listar publicaciones',)
00:31:56 - INF - get - ('Ejecutando servicio de Listar Usuario',)
00:31:56 - INF - get - ('Ejecutando servicio de Listar Usuario',)
