11:30:11 - INF - <module> - ('Servicio Iniciado',)
11:30:11 - INF - <module> - ('Servicio Iniciado',)
11:30:32 - INF - post - ('Ejecutando servicio de Login',)
11:30:32 - INF - get - ('Executing user ID retrieval service',)
11:30:32 - INF - get_user_id - ("Resultado de la consulta: {'result': True, 'data': RealDictRow({'id': 7}), 'message': None}",)
11:30:32 - INF - get - ('Ejecutando servicio de listar solicitudes de amistad',)
11:30:32 - INF - get - ('Ejecutando servicio de Listar Usuario',)
11:30:32 - INF - get - ('Ejecutando servicio de listar publicaciones',)
11:30:32 - INF - get - ('Ejecutando servicio de listar solicitudes de amistad',)
11:30:32 - INF - get - ('Ejecutando servicio de listar publicaciones',)
11:30:32 - INF - get - ('Ejecutando servicio de Listar Usuario',)
11:30:32 - INF - get - ('Ejecutando servicio de Listar Usuario',)
11:30:32 - INF - get - ('Ejecutando servicio de Listar Usuario',)
11:30:35 - INF - get - ('Ejecutando servicio de obtener detalles del usuario: 7',)
11:30:35 - INF - get - ('Ejecutando servicio de obtener publicaciones del usuario: 7',)
11:30:35 - INF - get - ('Ejecutando servicio de obtener detalles del usuario: 7',)
11:30:35 - INF - get - ('Ejecutando servicio de obtener publicaciones del usuario: 7',)
11:30:40 - INF - get - ('Ejecutando servicio de listar publicaciones',)
11:30:40 - INF - get - ('Ejecutando servicio de Listar Usuario',)
11:30:40 - INF - get - ('Ejecutando servicio de listar publicaciones',)
11:30:40 - INF - get - ('Ejecutando servicio de Listar Usuario',)
11:30:41 - INF - get - ('Ejecutando servicio de obtener mensajes por remitente y destinatario',)
11:30:41 - INF - get - ('Ejecutando servicio de obtener mensajes por remitente y destinatario',)
11:30:46 - INF - get - ('Ejecutando servicio de obtener mensajes por remitente y destinatario',)
11:30:50 - INF - post - ('Ejecutando servicio de crear mensaje',)
11:30:51 - INF - get - ('Ejecutando servicio de obtener mensajes por remitente y destinatario',)
11:30:56 - INF - get - ('Ejecutando servicio de obtener mensajes por remitente y destinatario',)
11:30:57 - INF - get - ('Ejecutando servicio de Listar Usuario',)
11:30:57 - INF - get - ('Ejecutando servicio de listar solicitudes de amistad',)
11:30:59 - INF - post - ('Ejecutando servicio de crear solicitud de amistad',)
11:30:59 - INF - post - ("Datos recibidos: {'remitente_id': 7, 'destinatario_id': 3, 'estado': 'pendiente'}",)
11:31:01 - INF - get - ('Ejecutando servicio de obtener mensajes por remitente y destinatario',)
11:31:06 - INF - get - ('Ejecutando servicio de obtener mensajes por remitente y destinatario',)
11:31:11 - INF - get - ('Ejecutando servicio de obtener mensajes por remitente y destinatario',)
11:31:15 - INF - post - ('Ejecutando servicio de crear publicación',)
11:31:16 - INF - get - ('Ejecutando servicio de obtener mensajes por remitente y destinatario',)
11:31:21 - INF - get - ('Ejecutando servicio de obtener mensajes por remitente y destinatario',)
11:31:22 - INF - get - ('Ejecutando servicio de obtener publicaciones del usuario: 7',)
11:31:22 - INF - get - ('Ejecutando servicio de obtener detalles del usuario: 7',)
11:31:22 - INF - get - ('Ejecutando servicio de obtener publicaciones del usuario: 7',)
11:31:22 - INF - get - ('Ejecutando servicio de obtener detalles del usuario: 7',)
11:31:24 - INF - get - ('Ejecutando servicio de listar publicaciones',)
11:31:24 - INF - get - ('Ejecutando servicio de Listar Usuario',)
11:31:24 - INF - get - ('Ejecutando servicio de listar publicaciones',)
11:31:24 - INF - get - ('Ejecutando servicio de Listar Usuario',)
16:43:34 - INF - <module> - ('Servicio Finalizado',)
16:43:34 - INF - <module> - ('Servicio Finalizado',)
